running egg_info
creating ../../build/robot_arm_control/robot_arm_control.egg-info
writing ../../build/robot_arm_control/robot_arm_control.egg-info/PKG-INFO
writing dependency_links to ../../build/robot_arm_control/robot_arm_control.egg-info/dependency_links.txt
writing entry points to ../../build/robot_arm_control/robot_arm_control.egg-info/entry_points.txt
writing requirements to ../../build/robot_arm_control/robot_arm_control.egg-info/requires.txt
writing top-level names to ../../build/robot_arm_control/robot_arm_control.egg-info/top_level.txt
writing manifest file '../../build/robot_arm_control/robot_arm_control.egg-info/SOURCES.txt'
reading manifest file '../../build/robot_arm_control/robot_arm_control.egg-info/SOURCES.txt'
writing manifest file '../../build/robot_arm_control/robot_arm_control.egg-info/SOURCES.txt'
running build
running build_py
creating /home/khaled-ahmed-elwan/ros2_arm_ws/build/robot_arm_control/build
creating /home/khaled-ahmed-elwan/ros2_arm_ws/build/robot_arm_control/build/lib
creating /home/khaled-ahmed-elwan/ros2_arm_ws/build/robot_arm_control/build/lib/robot_arm_control
copying robot_arm_control/trajectory_planning.py -> /home/khaled-ahmed-elwan/ros2_arm_ws/build/robot_arm_control/build/lib/robot_arm_control
running install
running install_lib
creating /home/khaled-ahmed-elwan/ros2_arm_ws/install/robot_arm_control/lib/python3.12/site-packages/robot_arm_control
copying /home/khaled-ahmed-elwan/ros2_arm_ws/build/robot_arm_control/build/lib/robot_arm_control/trajectory_planning.py -> /home/khaled-ahmed-elwan/ros2_arm_ws/install/robot_arm_control/lib/python3.12/site-packages/robot_arm_control
byte-compiling /home/khaled-ahmed-elwan/ros2_arm_ws/install/robot_arm_control/lib/python3.12/site-packages/robot_arm_control/trajectory_planning.py to trajectory_planning.cpython-312.pyc
running install_egg_info
Copying ../../build/robot_arm_control/robot_arm_control.egg-info to /home/khaled-ahmed-elwan/ros2_arm_ws/install/robot_arm_control/lib/python3.12/site-packages/robot_arm_control-0.0.1-py3.12.egg-info
running install_scripts
Installing trajectory_planning script to /home/khaled-ahmed-elwan/ros2_arm_ws/install/robot_arm_control/lib/robot_arm_control
writing list of installed files to '/home/khaled-ahmed-elwan/ros2_arm_ws/build/robot_arm_control/install.log'
