-- Install configuration: ""
-- Up-to-date: /home/khaled-ahmed-elwan/ros2_arm_ws/install/robot_arm_description/share/ament_index/resource_index/package_run_dependencies/robot_arm_description
-- Up-to-date: /home/khaled-ahmed-elwan/ros2_arm_ws/install/robot_arm_description/share/ament_index/resource_index/parent_prefix_path/robot_arm_description
-- Up-to-date: /home/khaled-ahmed-elwan/ros2_arm_ws/install/robot_arm_description/share/robot_arm_description/environment/ament_prefix_path.sh
-- Up-to-date: /home/khaled-ahmed-elwan/ros2_arm_ws/install/robot_arm_description/share/robot_arm_description/environment/ament_prefix_path.dsv
-- Up-to-date: /home/khaled-ahmed-elwan/ros2_arm_ws/install/robot_arm_description/share/robot_arm_description/environment/path.sh
-- Up-to-date: /home/khaled-ahmed-elwan/ros2_arm_ws/install/robot_arm_description/share/robot_arm_description/environment/path.dsv
-- Up-to-date: /home/khaled-ahmed-elwan/ros2_arm_ws/install/robot_arm_description/share/robot_arm_description/local_setup.bash
-- Up-to-date: /home/khaled-ahmed-elwan/ros2_arm_ws/install/robot_arm_description/share/robot_arm_description/local_setup.sh
-- Up-to-date: /home/khaled-ahmed-elwan/ros2_arm_ws/install/robot_arm_description/share/robot_arm_description/local_setup.zsh
-- Up-to-date: /home/khaled-ahmed-elwan/ros2_arm_ws/install/robot_arm_description/share/robot_arm_description/local_setup.dsv
-- Installing: /home/khaled-ahmed-elwan/ros2_arm_ws/install/robot_arm_description/share/robot_arm_description/package.dsv
-- Up-to-date: /home/khaled-ahmed-elwan/ros2_arm_ws/install/robot_arm_description/share/ament_index/resource_index/packages/robot_arm_description
-- Up-to-date: /home/khaled-ahmed-elwan/ros2_arm_ws/install/robot_arm_description/share/robot_arm_description/cmake/robot_arm_descriptionConfig.cmake
-- Up-to-date: /home/khaled-ahmed-elwan/ros2_arm_ws/install/robot_arm_description/share/robot_arm_description/cmake/robot_arm_descriptionConfig-version.cmake
-- Up-to-date: /home/khaled-ahmed-elwan/ros2_arm_ws/install/robot_arm_description/share/robot_arm_description/package.xml
-- Up-to-date: /home/khaled-ahmed-elwan/ros2_arm_ws/install/robot_arm_description/share/robot_arm_description/urdf
-- Up-to-date: /home/khaled-ahmed-elwan/ros2_arm_ws/install/robot_arm_description/share/robot_arm_description/urdf/arm.urdf
-- Up-to-date: /home/khaled-ahmed-elwan/ros2_arm_ws/install/robot_arm_description/share/robot_arm_description/meshes
-- Up-to-date: /home/khaled-ahmed-elwan/ros2_arm_ws/install/robot_arm_description/share/robot_arm_description/meshes/hand2.STL
-- Up-to-date: /home/khaled-ahmed-elwan/ros2_arm_ws/install/robot_arm_description/share/robot_arm_description/meshes/follower-gear.STL
-- Up-to-date: /home/khaled-ahmed-elwan/ros2_arm_ws/install/robot_arm_description/share/robot_arm_description/meshes/gripper.STL
-- Up-to-date: /home/khaled-ahmed-elwan/ros2_arm_ws/install/robot_arm_description/share/robot_arm_description/meshes/shoulder.STL
-- Up-to-date: /home/khaled-ahmed-elwan/ros2_arm_ws/install/robot_arm_description/share/robot_arm_description/meshes/hand1.STL
-- Up-to-date: /home/khaled-ahmed-elwan/ros2_arm_ws/install/robot_arm_description/share/robot_arm_description/meshes/pitch.STL
-- Up-to-date: /home/khaled-ahmed-elwan/ros2_arm_ws/install/robot_arm_description/share/robot_arm_description/meshes/rest.STL
-- Up-to-date: /home/khaled-ahmed-elwan/ros2_arm_ws/install/robot_arm_description/share/robot_arm_description/meshes/rolling.STL
-- Up-to-date: /home/khaled-ahmed-elwan/ros2_arm_ws/install/robot_arm_description/share/robot_arm_description/meshes/link2.STL
-- Up-to-date: /home/khaled-ahmed-elwan/ros2_arm_ws/install/robot_arm_description/share/robot_arm_description/meshes/base_link.STL
-- Up-to-date: /home/khaled-ahmed-elwan/ros2_arm_ws/install/robot_arm_description/share/robot_arm_description/meshes/link1.STL
-- Up-to-date: /home/khaled-ahmed-elwan/ros2_arm_ws/install/robot_arm_description/share/robot_arm_description/meshes/elbow.STL
