[0.071s] DEBUG:colcon:Command line arguments: ['/usr/bin/colcon', 'build']
[0.071s] DEBUG:colcon:Parsed command line arguments: Namespace(log_base=None, log_level=None, verb_name='build', build_base='build', install_base='install', merge_install=False, symlink_install=False, test_result_base=None, continue_on_error=False, executor='parallel', parallel_workers=16, event_handlers=None, ignore_user_meta=False, metas=['./colcon.meta'], base_paths=['.'], packages_ignore=None, packages_ignore_regex=None, paths=None, packages_up_to=None, packages_up_to_regex=None, packages_above=None, packages_above_and_dependencies=None, packages_above_depth=None, packages_select_by_dep=None, packages_skip_by_dep=None, packages_skip_up_to=None, packages_select_build_failed=False, packages_skip_build_finished=False, packages_select_test_failures=False, packages_skip_test_passed=False, packages_select=None, packages_skip=None, packages_select_regex=None, packages_skip_regex=None, packages_start=None, packages_end=None, allow_overriding=[], cmake_args=None, cmake_target=None, cmake_target_skip_unavailable=False, cmake_clean_cache=False, cmake_clean_first=False, cmake_force_configure=False, ament_cmake_args=None, catkin_cmake_args=None, catkin_skip_building_tests=False, verb_parser=<colcon_defaults.argument_parser.defaults.DefaultArgumentsDecorator object at 0x787d1357acf0>, verb_extension=<colcon_core.verb.build.BuildVerb object at 0x787d1357ab40>, main=<bound method BuildVerb.main of <colcon_core.verb.build.BuildVerb object at 0x787d1357ab40>>)
[0.094s] Level 1:colcon.colcon_core.package_discovery:discover_packages(colcon_meta) check parameters
[0.094s] Level 1:colcon.colcon_core.package_discovery:discover_packages(recursive) check parameters
[0.094s] Level 1:colcon.colcon_core.package_discovery:discover_packages(ignore) check parameters
[0.094s] Level 1:colcon.colcon_core.package_discovery:discover_packages(path) check parameters
[0.094s] Level 1:colcon.colcon_core.package_discovery:discover_packages(colcon_meta) discover
[0.094s] Level 1:colcon.colcon_core.package_discovery:discover_packages(recursive) discover
[0.094s] INFO:colcon.colcon_core.package_discovery:Crawling recursively for packages in '/home/khaled-ahmed-elwan/ros2_arm_ws'
[0.094s] Level 1:colcon.colcon_core.package_identification:_identify(.) by extensions ['ignore', 'ignore_ament_install']
[0.095s] Level 1:colcon.colcon_core.package_identification:_identify(.) by extension 'ignore'
[0.095s] Level 1:colcon.colcon_core.package_identification:_identify(.) by extension 'ignore_ament_install'
[0.095s] Level 1:colcon.colcon_core.package_identification:_identify(.) by extensions ['colcon_pkg']
[0.095s] Level 1:colcon.colcon_core.package_identification:_identify(.) by extension 'colcon_pkg'
[0.095s] Level 1:colcon.colcon_core.package_identification:_identify(.) by extensions ['colcon_meta']
[0.095s] Level 1:colcon.colcon_core.package_identification:_identify(.) by extension 'colcon_meta'
[0.095s] Level 1:colcon.colcon_core.package_identification:_identify(.) by extensions ['ros']
[0.095s] Level 1:colcon.colcon_core.package_identification:_identify(.) by extension 'ros'
[0.110s] Level 1:colcon.colcon_core.package_identification:_identify(.) by extensions ['cmake', 'python']
[0.111s] Level 1:colcon.colcon_core.package_identification:_identify(.) by extension 'cmake'
[0.111s] Level 1:colcon.colcon_core.package_identification:_identify(.) by extension 'python'
[0.111s] Level 1:colcon.colcon_core.package_identification:_identify(.) by extensions ['python_setup_py']
[0.111s] Level 1:colcon.colcon_core.package_identification:_identify(.) by extension 'python_setup_py'
[0.111s] Level 1:colcon.colcon_core.package_identification:_identify(build) by extensions ['ignore', 'ignore_ament_install']
[0.111s] Level 1:colcon.colcon_core.package_identification:_identify(build) by extension 'ignore'
[0.111s] Level 1:colcon.colcon_core.package_identification:_identify(build) ignored
[0.111s] Level 1:colcon.colcon_core.package_identification:_identify(install) by extensions ['ignore', 'ignore_ament_install']
[0.111s] Level 1:colcon.colcon_core.package_identification:_identify(install) by extension 'ignore'
[0.111s] Level 1:colcon.colcon_core.package_identification:_identify(install) ignored
[0.111s] Level 1:colcon.colcon_core.package_identification:_identify(log) by extensions ['ignore', 'ignore_ament_install']
[0.111s] Level 1:colcon.colcon_core.package_identification:_identify(log) by extension 'ignore'
[0.111s] Level 1:colcon.colcon_core.package_identification:_identify(log) ignored
[0.111s] Level 1:colcon.colcon_core.package_identification:_identify(src) by extensions ['ignore', 'ignore_ament_install']
[0.111s] Level 1:colcon.colcon_core.package_identification:_identify(src) by extension 'ignore'
[0.111s] Level 1:colcon.colcon_core.package_identification:_identify(src) by extension 'ignore_ament_install'
[0.111s] Level 1:colcon.colcon_core.package_identification:_identify(src) by extensions ['colcon_pkg']
[0.111s] Level 1:colcon.colcon_core.package_identification:_identify(src) by extension 'colcon_pkg'
[0.111s] Level 1:colcon.colcon_core.package_identification:_identify(src) by extensions ['colcon_meta']
[0.111s] Level 1:colcon.colcon_core.package_identification:_identify(src) by extension 'colcon_meta'
[0.111s] Level 1:colcon.colcon_core.package_identification:_identify(src) by extensions ['ros']
[0.111s] Level 1:colcon.colcon_core.package_identification:_identify(src) by extension 'ros'
[0.111s] Level 1:colcon.colcon_core.package_identification:_identify(src) by extensions ['cmake', 'python']
[0.111s] Level 1:colcon.colcon_core.package_identification:_identify(src) by extension 'cmake'
[0.111s] Level 1:colcon.colcon_core.package_identification:_identify(src) by extension 'python'
[0.111s] Level 1:colcon.colcon_core.package_identification:_identify(src) by extensions ['python_setup_py']
[0.111s] Level 1:colcon.colcon_core.package_identification:_identify(src) by extension 'python_setup_py'
[0.111s] Level 1:colcon.colcon_core.package_identification:_identify(src/robot_arm_control) by extensions ['ignore', 'ignore_ament_install']
[0.111s] Level 1:colcon.colcon_core.package_identification:_identify(src/robot_arm_control) by extension 'ignore'
[0.111s] Level 1:colcon.colcon_core.package_identification:_identify(src/robot_arm_control) by extension 'ignore_ament_install'
[0.111s] Level 1:colcon.colcon_core.package_identification:_identify(src/robot_arm_control) by extensions ['colcon_pkg']
[0.112s] Level 1:colcon.colcon_core.package_identification:_identify(src/robot_arm_control) by extension 'colcon_pkg'
[0.112s] Level 1:colcon.colcon_core.package_identification:_identify(src/robot_arm_control) by extensions ['colcon_meta']
[0.112s] Level 1:colcon.colcon_core.package_identification:_identify(src/robot_arm_control) by extension 'colcon_meta'
[0.112s] Level 1:colcon.colcon_core.package_identification:_identify(src/robot_arm_control) by extensions ['ros']
[0.112s] Level 1:colcon.colcon_core.package_identification:_identify(src/robot_arm_control) by extension 'ros'
[0.114s] DEBUG:colcon.colcon_core.package_identification:Package 'src/robot_arm_control' with type 'ros.ament_python' and name 'robot_arm_control'
[0.114s] Level 1:colcon.colcon_core.package_identification:_identify(src/robot_arm_description) by extensions ['ignore', 'ignore_ament_install']
[0.114s] Level 1:colcon.colcon_core.package_identification:_identify(src/robot_arm_description) by extension 'ignore'
[0.114s] Level 1:colcon.colcon_core.package_identification:_identify(src/robot_arm_description) by extension 'ignore_ament_install'
[0.114s] Level 1:colcon.colcon_core.package_identification:_identify(src/robot_arm_description) by extensions ['colcon_pkg']
[0.114s] Level 1:colcon.colcon_core.package_identification:_identify(src/robot_arm_description) by extension 'colcon_pkg'
[0.114s] Level 1:colcon.colcon_core.package_identification:_identify(src/robot_arm_description) by extensions ['colcon_meta']
[0.114s] Level 1:colcon.colcon_core.package_identification:_identify(src/robot_arm_description) by extension 'colcon_meta'
[0.114s] Level 1:colcon.colcon_core.package_identification:_identify(src/robot_arm_description) by extensions ['ros']
[0.114s] Level 1:colcon.colcon_core.package_identification:_identify(src/robot_arm_description) by extension 'ros'
[0.114s] DEBUG:colcon.colcon_core.package_identification:Package 'src/robot_arm_description' with type 'ros.ament_cmake' and name 'robot_arm_description'
[0.114s] Level 1:colcon.colcon_core.package_identification:_identify(src/robot_arm_moveit_config) by extensions ['ignore', 'ignore_ament_install']
[0.114s] Level 1:colcon.colcon_core.package_identification:_identify(src/robot_arm_moveit_config) by extension 'ignore'
[0.114s] Level 1:colcon.colcon_core.package_identification:_identify(src/robot_arm_moveit_config) by extension 'ignore_ament_install'
[0.114s] Level 1:colcon.colcon_core.package_identification:_identify(src/robot_arm_moveit_config) by extensions ['colcon_pkg']
[0.114s] Level 1:colcon.colcon_core.package_identification:_identify(src/robot_arm_moveit_config) by extension 'colcon_pkg'
[0.114s] Level 1:colcon.colcon_core.package_identification:_identify(src/robot_arm_moveit_config) by extensions ['colcon_meta']
[0.114s] Level 1:colcon.colcon_core.package_identification:_identify(src/robot_arm_moveit_config) by extension 'colcon_meta'
[0.114s] Level 1:colcon.colcon_core.package_identification:_identify(src/robot_arm_moveit_config) by extensions ['ros']
[0.114s] Level 1:colcon.colcon_core.package_identification:_identify(src/robot_arm_moveit_config) by extension 'ros'
[0.115s] DEBUG:colcon.colcon_core.package_identification:Package 'src/robot_arm_moveit_config' with type 'ros.ament_cmake' and name 'robot_arm_moveit_config'
[0.115s] Level 1:colcon.colcon_core.package_identification:_identify(src/robot_arm_urdf) by extensions ['ignore', 'ignore_ament_install']
[0.115s] Level 1:colcon.colcon_core.package_identification:_identify(src/robot_arm_urdf) by extension 'ignore'
[0.115s] Level 1:colcon.colcon_core.package_identification:_identify(src/robot_arm_urdf) by extension 'ignore_ament_install'
[0.115s] Level 1:colcon.colcon_core.package_identification:_identify(src/robot_arm_urdf) by extensions ['colcon_pkg']
[0.115s] Level 1:colcon.colcon_core.package_identification:_identify(src/robot_arm_urdf) by extension 'colcon_pkg'
[0.115s] Level 1:colcon.colcon_core.package_identification:_identify(src/robot_arm_urdf) by extensions ['colcon_meta']
[0.115s] Level 1:colcon.colcon_core.package_identification:_identify(src/robot_arm_urdf) by extension 'colcon_meta'
[0.115s] Level 1:colcon.colcon_core.package_identification:_identify(src/robot_arm_urdf) by extensions ['ros']
[0.115s] Level 1:colcon.colcon_core.package_identification:_identify(src/robot_arm_urdf) by extension 'ros'
[0.115s] DEBUG:colcon.colcon_core.package_identification:Package 'src/robot_arm_urdf' with type 'ros.ament_cmake' and name 'robot_arm_urdf'
[0.115s] Level 1:colcon.colcon_core.package_discovery:discover_packages(recursive) using defaults
[0.115s] Level 1:colcon.colcon_core.package_discovery:discover_packages(ignore) discover
[0.115s] Level 1:colcon.colcon_core.package_discovery:discover_packages(ignore) using defaults
[0.115s] Level 1:colcon.colcon_core.package_discovery:discover_packages(path) discover
[0.115s] Level 1:colcon.colcon_core.package_discovery:discover_packages(path) using defaults
[0.127s] Level 1:colcon.colcon_core.package_discovery:discover_packages(prefix_path) check parameters
[0.127s] Level 1:colcon.colcon_core.package_discovery:discover_packages(prefix_path) discover
[0.128s] DEBUG:colcon.colcon_installed_package_information.package_discovery:Found 4 installed packages in /home/khaled-ahmed-elwan/ros2_arm_ws/install
[0.129s] DEBUG:colcon.colcon_installed_package_information.package_discovery:Found 407 installed packages in /opt/ros/jazzy
[0.130s] Level 1:colcon.colcon_core.package_discovery:discover_packages(prefix_path) using defaults
[0.159s] Level 5:colcon.colcon_core.verb:set package 'robot_arm_control' build argument 'cmake_args' from command line to 'None'
[0.159s] Level 5:colcon.colcon_core.verb:set package 'robot_arm_control' build argument 'cmake_target' from command line to 'None'
[0.159s] Level 5:colcon.colcon_core.verb:set package 'robot_arm_control' build argument 'cmake_target_skip_unavailable' from command line to 'False'
[0.159s] Level 5:colcon.colcon_core.verb:set package 'robot_arm_control' build argument 'cmake_clean_cache' from command line to 'False'
[0.159s] Level 5:colcon.colcon_core.verb:set package 'robot_arm_control' build argument 'cmake_clean_first' from command line to 'False'
[0.159s] Level 5:colcon.colcon_core.verb:set package 'robot_arm_control' build argument 'cmake_force_configure' from command line to 'False'
[0.159s] Level 5:colcon.colcon_core.verb:set package 'robot_arm_control' build argument 'ament_cmake_args' from command line to 'None'
[0.159s] Level 5:colcon.colcon_core.verb:set package 'robot_arm_control' build argument 'catkin_cmake_args' from command line to 'None'
[0.159s] Level 5:colcon.colcon_core.verb:set package 'robot_arm_control' build argument 'catkin_skip_building_tests' from command line to 'False'
[0.159s] DEBUG:colcon.colcon_core.verb:Building package 'robot_arm_control' with the following arguments: {'ament_cmake_args': None, 'build_base': '/home/khaled-ahmed-elwan/ros2_arm_ws/build/robot_arm_control', 'catkin_cmake_args': None, 'catkin_skip_building_tests': False, 'cmake_args': None, 'cmake_clean_cache': False, 'cmake_clean_first': False, 'cmake_force_configure': False, 'cmake_target': None, 'cmake_target_skip_unavailable': False, 'install_base': '/home/khaled-ahmed-elwan/ros2_arm_ws/install/robot_arm_control', 'merge_install': False, 'path': '/home/khaled-ahmed-elwan/ros2_arm_ws/src/robot_arm_control', 'symlink_install': False, 'test_result_base': None}
[0.159s] Level 5:colcon.colcon_core.verb:set package 'robot_arm_description' build argument 'cmake_args' from command line to 'None'
[0.159s] Level 5:colcon.colcon_core.verb:set package 'robot_arm_description' build argument 'cmake_target' from command line to 'None'
[0.159s] Level 5:colcon.colcon_core.verb:set package 'robot_arm_description' build argument 'cmake_target_skip_unavailable' from command line to 'False'
[0.159s] Level 5:colcon.colcon_core.verb:set package 'robot_arm_description' build argument 'cmake_clean_cache' from command line to 'False'
[0.159s] Level 5:colcon.colcon_core.verb:set package 'robot_arm_description' build argument 'cmake_clean_first' from command line to 'False'
[0.159s] Level 5:colcon.colcon_core.verb:set package 'robot_arm_description' build argument 'cmake_force_configure' from command line to 'False'
[0.159s] Level 5:colcon.colcon_core.verb:set package 'robot_arm_description' build argument 'ament_cmake_args' from command line to 'None'
[0.159s] Level 5:colcon.colcon_core.verb:set package 'robot_arm_description' build argument 'catkin_cmake_args' from command line to 'None'
[0.159s] Level 5:colcon.colcon_core.verb:set package 'robot_arm_description' build argument 'catkin_skip_building_tests' from command line to 'False'
[0.159s] DEBUG:colcon.colcon_core.verb:Building package 'robot_arm_description' with the following arguments: {'ament_cmake_args': None, 'build_base': '/home/khaled-ahmed-elwan/ros2_arm_ws/build/robot_arm_description', 'catkin_cmake_args': None, 'catkin_skip_building_tests': False, 'cmake_args': None, 'cmake_clean_cache': False, 'cmake_clean_first': False, 'cmake_force_configure': False, 'cmake_target': None, 'cmake_target_skip_unavailable': False, 'install_base': '/home/khaled-ahmed-elwan/ros2_arm_ws/install/robot_arm_description', 'merge_install': False, 'path': '/home/khaled-ahmed-elwan/ros2_arm_ws/src/robot_arm_description', 'symlink_install': False, 'test_result_base': None}
[0.159s] Level 5:colcon.colcon_core.verb:set package 'robot_arm_urdf' build argument 'cmake_args' from command line to 'None'
[0.159s] Level 5:colcon.colcon_core.verb:set package 'robot_arm_urdf' build argument 'cmake_target' from command line to 'None'
[0.159s] Level 5:colcon.colcon_core.verb:set package 'robot_arm_urdf' build argument 'cmake_target_skip_unavailable' from command line to 'False'
[0.159s] Level 5:colcon.colcon_core.verb:set package 'robot_arm_urdf' build argument 'cmake_clean_cache' from command line to 'False'
[0.159s] Level 5:colcon.colcon_core.verb:set package 'robot_arm_urdf' build argument 'cmake_clean_first' from command line to 'False'
[0.159s] Level 5:colcon.colcon_core.verb:set package 'robot_arm_urdf' build argument 'cmake_force_configure' from command line to 'False'
[0.159s] Level 5:colcon.colcon_core.verb:set package 'robot_arm_urdf' build argument 'ament_cmake_args' from command line to 'None'
[0.159s] Level 5:colcon.colcon_core.verb:set package 'robot_arm_urdf' build argument 'catkin_cmake_args' from command line to 'None'
[0.159s] Level 5:colcon.colcon_core.verb:set package 'robot_arm_urdf' build argument 'catkin_skip_building_tests' from command line to 'False'
[0.159s] DEBUG:colcon.colcon_core.verb:Building package 'robot_arm_urdf' with the following arguments: {'ament_cmake_args': None, 'build_base': '/home/khaled-ahmed-elwan/ros2_arm_ws/build/robot_arm_urdf', 'catkin_cmake_args': None, 'catkin_skip_building_tests': False, 'cmake_args': None, 'cmake_clean_cache': False, 'cmake_clean_first': False, 'cmake_force_configure': False, 'cmake_target': None, 'cmake_target_skip_unavailable': False, 'install_base': '/home/khaled-ahmed-elwan/ros2_arm_ws/install/robot_arm_urdf', 'merge_install': False, 'path': '/home/khaled-ahmed-elwan/ros2_arm_ws/src/robot_arm_urdf', 'symlink_install': False, 'test_result_base': None}
[0.160s] Level 5:colcon.colcon_core.verb:set package 'robot_arm_moveit_config' build argument 'cmake_args' from command line to 'None'
[0.160s] Level 5:colcon.colcon_core.verb:set package 'robot_arm_moveit_config' build argument 'cmake_target' from command line to 'None'
[0.160s] Level 5:colcon.colcon_core.verb:set package 'robot_arm_moveit_config' build argument 'cmake_target_skip_unavailable' from command line to 'False'
[0.160s] Level 5:colcon.colcon_core.verb:set package 'robot_arm_moveit_config' build argument 'cmake_clean_cache' from command line to 'False'
[0.160s] Level 5:colcon.colcon_core.verb:set package 'robot_arm_moveit_config' build argument 'cmake_clean_first' from command line to 'False'
[0.160s] Level 5:colcon.colcon_core.verb:set package 'robot_arm_moveit_config' build argument 'cmake_force_configure' from command line to 'False'
[0.160s] Level 5:colcon.colcon_core.verb:set package 'robot_arm_moveit_config' build argument 'ament_cmake_args' from command line to 'None'
[0.160s] Level 5:colcon.colcon_core.verb:set package 'robot_arm_moveit_config' build argument 'catkin_cmake_args' from command line to 'None'
[0.160s] Level 5:colcon.colcon_core.verb:set package 'robot_arm_moveit_config' build argument 'catkin_skip_building_tests' from command line to 'False'
[0.160s] DEBUG:colcon.colcon_core.verb:Building package 'robot_arm_moveit_config' with the following arguments: {'ament_cmake_args': None, 'build_base': '/home/khaled-ahmed-elwan/ros2_arm_ws/build/robot_arm_moveit_config', 'catkin_cmake_args': None, 'catkin_skip_building_tests': False, 'cmake_args': None, 'cmake_clean_cache': False, 'cmake_clean_first': False, 'cmake_force_configure': False, 'cmake_target': None, 'cmake_target_skip_unavailable': False, 'install_base': '/home/khaled-ahmed-elwan/ros2_arm_ws/install/robot_arm_moveit_config', 'merge_install': False, 'path': '/home/khaled-ahmed-elwan/ros2_arm_ws/src/robot_arm_moveit_config', 'symlink_install': False, 'test_result_base': None}
[0.160s] INFO:colcon.colcon_core.executor:Executing jobs using 'parallel' executor
[0.160s] DEBUG:colcon.colcon_parallel_executor.executor.parallel:run_until_complete
[0.161s] INFO:colcon.colcon_ros.task.ament_cmake.build:Building ROS package in '/home/khaled-ahmed-elwan/ros2_arm_ws/src/robot_arm_description' with build type 'ament_cmake'
[0.161s] INFO:colcon.colcon_cmake.task.cmake.build:Building CMake package in '/home/khaled-ahmed-elwan/ros2_arm_ws/src/robot_arm_description'
[0.162s] INFO:colcon.colcon_core.plugin_system:Skipping extension 'colcon_core.shell.bat': Not used on non-Windows systems
[0.162s] INFO:colcon.colcon_core.shell:Skip shell extension 'powershell' for command environment: Not usable outside of PowerShell
[0.162s] DEBUG:colcon.colcon_core.shell:Skip shell extension 'dsv' for command environment
[0.166s] INFO:colcon.colcon_ros.task.ament_python.build:Building ROS package in '/home/khaled-ahmed-elwan/ros2_arm_ws/src/robot_arm_control' with build type 'ament_python'
[0.166s] Level 1:colcon.colcon_core.shell:create_environment_hook('robot_arm_control', 'ament_prefix_path')
[0.166s] INFO:colcon.colcon_core.shell:Creating environment hook '/home/khaled-ahmed-elwan/ros2_arm_ws/install/robot_arm_control/share/robot_arm_control/hook/ament_prefix_path.ps1'
[0.166s] INFO:colcon.colcon_core.shell:Creating environment descriptor '/home/khaled-ahmed-elwan/ros2_arm_ws/install/robot_arm_control/share/robot_arm_control/hook/ament_prefix_path.dsv'
[0.167s] INFO:colcon.colcon_core.shell:Creating environment hook '/home/khaled-ahmed-elwan/ros2_arm_ws/install/robot_arm_control/share/robot_arm_control/hook/ament_prefix_path.sh'
[0.167s] INFO:colcon.colcon_core.shell:Skip shell extension 'powershell' for command environment: Not usable outside of PowerShell
[0.167s] DEBUG:colcon.colcon_core.shell:Skip shell extension 'dsv' for command environment
[0.169s] INFO:colcon.colcon_ros.task.ament_cmake.build:Building ROS package in '/home/khaled-ahmed-elwan/ros2_arm_ws/src/robot_arm_urdf' with build type 'ament_cmake'
[0.169s] INFO:colcon.colcon_cmake.task.cmake.build:Building CMake package in '/home/khaled-ahmed-elwan/ros2_arm_ws/src/robot_arm_urdf'
[0.169s] INFO:colcon.colcon_core.shell:Skip shell extension 'powershell' for command environment: Not usable outside of PowerShell
[0.169s] DEBUG:colcon.colcon_core.shell:Skip shell extension 'dsv' for command environment
[0.174s] DEBUG:colcon.colcon_core.event_handler.log_command:Invoking command in '/home/khaled-ahmed-elwan/ros2_arm_ws/build/robot_arm_description': CMAKE_PREFIX_PATH=${CMAKE_PREFIX_PATH}:/home/khaled-ahmed-elwan/ros2_arm_ws/install/robot_arm_control:/opt/ros/jazzy DEBUGINFOD_URLS=https://debuginfod.ubuntu.com /opt/st/stm32cubeclt_1.21.0/CMake/bin/cmake --build /home/khaled-ahmed-elwan/ros2_arm_ws/build/robot_arm_description -- -j16 -l16
[0.302s] INFO:colcon.colcon_core.task.python.build:Building Python package in '/home/khaled-ahmed-elwan/ros2_arm_ws/src/robot_arm_control'
[0.302s] INFO:colcon.colcon_core.shell:Skip shell extension 'powershell' for command environment: Not usable outside of PowerShell
[0.302s] DEBUG:colcon.colcon_core.shell:Skip shell extension 'dsv' for command environment
[0.307s] DEBUG:colcon.colcon_core.event_handler.log_command:Invoking command in '/home/khaled-ahmed-elwan/ros2_arm_ws/build/robot_arm_urdf': CMAKE_PREFIX_PATH=${CMAKE_PREFIX_PATH}:/home/khaled-ahmed-elwan/ros2_arm_ws/install/robot_arm_control:/opt/ros/jazzy DEBUGINFOD_URLS=https://debuginfod.ubuntu.com /opt/st/stm32cubeclt_1.21.0/CMake/bin/cmake --build /home/khaled-ahmed-elwan/ros2_arm_ws/build/robot_arm_urdf -- -j16 -l16
[0.308s] DEBUG:colcon.colcon_core.event_handler.log_command:Invoked command in '/home/khaled-ahmed-elwan/ros2_arm_ws/build/robot_arm_description' returned '0': CMAKE_PREFIX_PATH=${CMAKE_PREFIX_PATH}:/home/khaled-ahmed-elwan/ros2_arm_ws/install/robot_arm_control:/opt/ros/jazzy DEBUGINFOD_URLS=https://debuginfod.ubuntu.com /opt/st/stm32cubeclt_1.21.0/CMake/bin/cmake --build /home/khaled-ahmed-elwan/ros2_arm_ws/build/robot_arm_description -- -j16 -l16
[0.309s] DEBUG:colcon.colcon_core.event_handler.log_command:Invoking command in '/home/khaled-ahmed-elwan/ros2_arm_ws/build/robot_arm_description': CMAKE_PREFIX_PATH=${CMAKE_PREFIX_PATH}:/home/khaled-ahmed-elwan/ros2_arm_ws/install/robot_arm_control:/opt/ros/jazzy DEBUGINFOD_URLS=https://debuginfod.ubuntu.com /opt/st/stm32cubeclt_1.21.0/CMake/bin/cmake --install /home/khaled-ahmed-elwan/ros2_arm_ws/build/robot_arm_description
[0.313s] Level 1:colcon.colcon_core.environment:create_environment_scripts_only(robot_arm_description)
[0.313s] DEBUG:colcon.colcon_core.event_handler.log_command:Invoked command in '/home/khaled-ahmed-elwan/ros2_arm_ws/build/robot_arm_description' returned '0': CMAKE_PREFIX_PATH=${CMAKE_PREFIX_PATH}:/home/khaled-ahmed-elwan/ros2_arm_ws/install/robot_arm_control:/opt/ros/jazzy DEBUGINFOD_URLS=https://debuginfod.ubuntu.com /opt/st/stm32cubeclt_1.21.0/CMake/bin/cmake --install /home/khaled-ahmed-elwan/ros2_arm_ws/build/robot_arm_description
[0.315s] Level 1:colcon.colcon_core.environment:checking '/home/khaled-ahmed-elwan/ros2_arm_ws/install/robot_arm_description' for CMake module files
[0.315s] Level 1:colcon.colcon_core.environment:checking '/home/khaled-ahmed-elwan/ros2_arm_ws/install/robot_arm_description' for CMake config files
[0.315s] Level 1:colcon.colcon_core.shell:create_environment_hook('robot_arm_description', 'cmake_prefix_path')
[0.315s] INFO:colcon.colcon_core.shell:Creating environment hook '/home/khaled-ahmed-elwan/ros2_arm_ws/install/robot_arm_description/share/robot_arm_description/hook/cmake_prefix_path.ps1'
[0.315s] INFO:colcon.colcon_core.shell:Creating environment descriptor '/home/khaled-ahmed-elwan/ros2_arm_ws/install/robot_arm_description/share/robot_arm_description/hook/cmake_prefix_path.dsv'
[0.316s] INFO:colcon.colcon_core.shell:Creating environment hook '/home/khaled-ahmed-elwan/ros2_arm_ws/install/robot_arm_description/share/robot_arm_description/hook/cmake_prefix_path.sh'
[0.316s] Level 1:colcon.colcon_core.environment:checking '/home/khaled-ahmed-elwan/ros2_arm_ws/install/robot_arm_description/bin'
[0.316s] Level 1:colcon.colcon_core.environment:checking '/home/khaled-ahmed-elwan/ros2_arm_ws/install/robot_arm_description/lib/pkgconfig/robot_arm_description.pc'
[0.316s] Level 1:colcon.colcon_core.environment:checking '/home/khaled-ahmed-elwan/ros2_arm_ws/install/robot_arm_description/lib/python3.12/site-packages'
[0.316s] Level 1:colcon.colcon_core.environment:checking '/home/khaled-ahmed-elwan/ros2_arm_ws/install/robot_arm_description/bin'
[0.316s] INFO:colcon.colcon_core.shell:Creating package script '/home/khaled-ahmed-elwan/ros2_arm_ws/install/robot_arm_description/share/robot_arm_description/package.ps1'
[0.317s] INFO:colcon.colcon_core.shell:Creating package descriptor '/home/khaled-ahmed-elwan/ros2_arm_ws/install/robot_arm_description/share/robot_arm_description/package.dsv'
[0.317s] INFO:colcon.colcon_core.shell:Creating package script '/home/khaled-ahmed-elwan/ros2_arm_ws/install/robot_arm_description/share/robot_arm_description/package.sh'
[0.317s] INFO:colcon.colcon_core.shell:Creating package script '/home/khaled-ahmed-elwan/ros2_arm_ws/install/robot_arm_description/share/robot_arm_description/package.bash'
[0.318s] INFO:colcon.colcon_core.shell:Creating package script '/home/khaled-ahmed-elwan/ros2_arm_ws/install/robot_arm_description/share/robot_arm_description/package.zsh'
[0.318s] Level 1:colcon.colcon_core.environment:create_file_with_runtime_dependencies(/home/khaled-ahmed-elwan/ros2_arm_ws/install/robot_arm_description/share/colcon-core/packages/robot_arm_description)
[0.318s] Level 1:colcon.colcon_core.environment:create_environment_scripts_only(robot_arm_description)
[0.318s] Level 1:colcon.colcon_core.environment:checking '/home/khaled-ahmed-elwan/ros2_arm_ws/install/robot_arm_description' for CMake module files
[0.319s] Level 1:colcon.colcon_core.environment:checking '/home/khaled-ahmed-elwan/ros2_arm_ws/install/robot_arm_description' for CMake config files
[0.319s] Level 1:colcon.colcon_core.shell:create_environment_hook('robot_arm_description', 'cmake_prefix_path')
[0.319s] INFO:colcon.colcon_core.shell:Creating environment hook '/home/khaled-ahmed-elwan/ros2_arm_ws/install/robot_arm_description/share/robot_arm_description/hook/cmake_prefix_path.ps1'
[0.319s] INFO:colcon.colcon_core.shell:Creating environment descriptor '/home/khaled-ahmed-elwan/ros2_arm_ws/install/robot_arm_description/share/robot_arm_description/hook/cmake_prefix_path.dsv'
[0.319s] INFO:colcon.colcon_core.shell:Creating environment hook '/home/khaled-ahmed-elwan/ros2_arm_ws/install/robot_arm_description/share/robot_arm_description/hook/cmake_prefix_path.sh'
[0.319s] Level 1:colcon.colcon_core.environment:checking '/home/khaled-ahmed-elwan/ros2_arm_ws/install/robot_arm_description/bin'
[0.319s] Level 1:colcon.colcon_core.environment:checking '/home/khaled-ahmed-elwan/ros2_arm_ws/install/robot_arm_description/lib/pkgconfig/robot_arm_description.pc'
[0.320s] Level 1:colcon.colcon_core.environment:checking '/home/khaled-ahmed-elwan/ros2_arm_ws/install/robot_arm_description/lib/python3.12/site-packages'
[0.320s] Level 1:colcon.colcon_core.environment:checking '/home/khaled-ahmed-elwan/ros2_arm_ws/install/robot_arm_description/bin'
[0.320s] INFO:colcon.colcon_core.shell:Creating package script '/home/khaled-ahmed-elwan/ros2_arm_ws/install/robot_arm_description/share/robot_arm_description/package.ps1'
[0.320s] INFO:colcon.colcon_core.shell:Creating package descriptor '/home/khaled-ahmed-elwan/ros2_arm_ws/install/robot_arm_description/share/robot_arm_description/package.dsv'
[0.320s] INFO:colcon.colcon_core.shell:Creating package script '/home/khaled-ahmed-elwan/ros2_arm_ws/install/robot_arm_description/share/robot_arm_description/package.sh'
[0.321s] INFO:colcon.colcon_core.shell:Creating package script '/home/khaled-ahmed-elwan/ros2_arm_ws/install/robot_arm_description/share/robot_arm_description/package.bash'
[0.321s] INFO:colcon.colcon_core.shell:Creating package script '/home/khaled-ahmed-elwan/ros2_arm_ws/install/robot_arm_description/share/robot_arm_description/package.zsh'
[0.321s] Level 1:colcon.colcon_core.environment:create_file_with_runtime_dependencies(/home/khaled-ahmed-elwan/ros2_arm_ws/install/robot_arm_description/share/colcon-core/packages/robot_arm_description)
[0.321s] INFO:colcon.colcon_ros.task.ament_cmake.build:Building ROS package in '/home/khaled-ahmed-elwan/ros2_arm_ws/src/robot_arm_moveit_config' with build type 'ament_cmake'
[0.321s] INFO:colcon.colcon_cmake.task.cmake.build:Building CMake package in '/home/khaled-ahmed-elwan/ros2_arm_ws/src/robot_arm_moveit_config'
[0.321s] INFO:colcon.colcon_core.shell:Skip shell extension 'powershell' for command environment: Not usable outside of PowerShell
[0.321s] DEBUG:colcon.colcon_core.shell:Skip shell extension 'dsv' for command environment
[0.324s] DEBUG:colcon.colcon_core.event_handler.log_command:Invoked command in '/home/khaled-ahmed-elwan/ros2_arm_ws/build/robot_arm_urdf' returned '0': CMAKE_PREFIX_PATH=${CMAKE_PREFIX_PATH}:/home/khaled-ahmed-elwan/ros2_arm_ws/install/robot_arm_control:/opt/ros/jazzy DEBUGINFOD_URLS=https://debuginfod.ubuntu.com /opt/st/stm32cubeclt_1.21.0/CMake/bin/cmake --build /home/khaled-ahmed-elwan/ros2_arm_ws/build/robot_arm_urdf -- -j16 -l16
[0.325s] DEBUG:colcon.colcon_core.event_handler.log_command:Invoking command in '/home/khaled-ahmed-elwan/ros2_arm_ws/build/robot_arm_urdf': CMAKE_PREFIX_PATH=${CMAKE_PREFIX_PATH}:/home/khaled-ahmed-elwan/ros2_arm_ws/install/robot_arm_control:/opt/ros/jazzy DEBUGINFOD_URLS=https://debuginfod.ubuntu.com /opt/st/stm32cubeclt_1.21.0/CMake/bin/cmake --install /home/khaled-ahmed-elwan/ros2_arm_ws/build/robot_arm_urdf
[0.327s] DEBUG:colcon.colcon_core.event_handler.log_command:Invoking command in '/home/khaled-ahmed-elwan/ros2_arm_ws/build/robot_arm_moveit_config': CMAKE_PREFIX_PATH=/home/khaled-ahmed-elwan/ros2_arm_ws/install/robot_arm_description:/home/khaled-ahmed-elwan/ros2_arm_ws/install/robot_arm_urdf:/home/khaled-ahmed-elwan/ros2_arm_ws/install/robot_arm_moveit_config:/opt/ros/jazzy/opt/sdformat_vendor:/opt/ros/jazzy/opt/gz_math_vendor:/opt/ros/jazzy/opt/gz_utils_vendor:/opt/ros/jazzy/opt/gz_tools_vendor:/opt/ros/jazzy/opt/gz_cmake_vendor:/home/khaled-ahmed-elwan/ros2_arm_ws/install/robot_arm_control:/opt/ros/jazzy DEBUGINFOD_URLS=https://debuginfod.ubuntu.com /opt/st/stm32cubeclt_1.21.0/CMake/bin/cmake --build /home/khaled-ahmed-elwan/ros2_arm_ws/build/robot_arm_moveit_config -- -j16 -l16
[0.331s] Level 1:colcon.colcon_core.environment:create_environment_scripts_only(robot_arm_urdf)
[0.332s] Level 1:colcon.colcon_core.environment:checking '/home/khaled-ahmed-elwan/ros2_arm_ws/install/robot_arm_urdf' for CMake module files
[0.332s] DEBUG:colcon.colcon_core.event_handler.log_command:Invoked command in '/home/khaled-ahmed-elwan/ros2_arm_ws/build/robot_arm_urdf' returned '0': CMAKE_PREFIX_PATH=${CMAKE_PREFIX_PATH}:/home/khaled-ahmed-elwan/ros2_arm_ws/install/robot_arm_control:/opt/ros/jazzy DEBUGINFOD_URLS=https://debuginfod.ubuntu.com /opt/st/stm32cubeclt_1.21.0/CMake/bin/cmake --install /home/khaled-ahmed-elwan/ros2_arm_ws/build/robot_arm_urdf
[0.332s] Level 1:colcon.colcon_core.environment:checking '/home/khaled-ahmed-elwan/ros2_arm_ws/install/robot_arm_urdf' for CMake config files
[0.333s] Level 1:colcon.colcon_core.shell:create_environment_hook('robot_arm_urdf', 'cmake_prefix_path')
[0.333s] INFO:colcon.colcon_core.shell:Creating environment hook '/home/khaled-ahmed-elwan/ros2_arm_ws/install/robot_arm_urdf/share/robot_arm_urdf/hook/cmake_prefix_path.ps1'
[0.333s] INFO:colcon.colcon_core.shell:Creating environment descriptor '/home/khaled-ahmed-elwan/ros2_arm_ws/install/robot_arm_urdf/share/robot_arm_urdf/hook/cmake_prefix_path.dsv'
[0.333s] INFO:colcon.colcon_core.shell:Creating environment hook '/home/khaled-ahmed-elwan/ros2_arm_ws/install/robot_arm_urdf/share/robot_arm_urdf/hook/cmake_prefix_path.sh'
[0.334s] Level 1:colcon.colcon_core.environment:checking '/home/khaled-ahmed-elwan/ros2_arm_ws/install/robot_arm_urdf/bin'
[0.334s] Level 1:colcon.colcon_core.environment:checking '/home/khaled-ahmed-elwan/ros2_arm_ws/install/robot_arm_urdf/lib/pkgconfig/robot_arm_urdf.pc'
[0.334s] Level 1:colcon.colcon_core.environment:checking '/home/khaled-ahmed-elwan/ros2_arm_ws/install/robot_arm_urdf/lib/python3.12/site-packages'
[0.334s] Level 1:colcon.colcon_core.environment:checking '/home/khaled-ahmed-elwan/ros2_arm_ws/install/robot_arm_urdf/bin'
[0.334s] INFO:colcon.colcon_core.shell:Creating package script '/home/khaled-ahmed-elwan/ros2_arm_ws/install/robot_arm_urdf/share/robot_arm_urdf/package.ps1'
[0.335s] INFO:colcon.colcon_core.shell:Creating package descriptor '/home/khaled-ahmed-elwan/ros2_arm_ws/install/robot_arm_urdf/share/robot_arm_urdf/package.dsv'
[0.335s] INFO:colcon.colcon_core.shell:Creating package script '/home/khaled-ahmed-elwan/ros2_arm_ws/install/robot_arm_urdf/share/robot_arm_urdf/package.sh'
[0.335s] INFO:colcon.colcon_core.shell:Creating package script '/home/khaled-ahmed-elwan/ros2_arm_ws/install/robot_arm_urdf/share/robot_arm_urdf/package.bash'
[0.335s] INFO:colcon.colcon_core.shell:Creating package script '/home/khaled-ahmed-elwan/ros2_arm_ws/install/robot_arm_urdf/share/robot_arm_urdf/package.zsh'
[0.335s] Level 1:colcon.colcon_core.environment:create_file_with_runtime_dependencies(/home/khaled-ahmed-elwan/ros2_arm_ws/install/robot_arm_urdf/share/colcon-core/packages/robot_arm_urdf)
[0.336s] Level 1:colcon.colcon_core.environment:create_environment_scripts_only(robot_arm_urdf)
[0.336s] Level 1:colcon.colcon_core.environment:checking '/home/khaled-ahmed-elwan/ros2_arm_ws/install/robot_arm_urdf' for CMake module files
[0.336s] Level 1:colcon.colcon_core.environment:checking '/home/khaled-ahmed-elwan/ros2_arm_ws/install/robot_arm_urdf' for CMake config files
[0.336s] Level 1:colcon.colcon_core.shell:create_environment_hook('robot_arm_urdf', 'cmake_prefix_path')
[0.336s] INFO:colcon.colcon_core.shell:Creating environment hook '/home/khaled-ahmed-elwan/ros2_arm_ws/install/robot_arm_urdf/share/robot_arm_urdf/hook/cmake_prefix_path.ps1'
[0.336s] INFO:colcon.colcon_core.shell:Creating environment descriptor '/home/khaled-ahmed-elwan/ros2_arm_ws/install/robot_arm_urdf/share/robot_arm_urdf/hook/cmake_prefix_path.dsv'
[0.337s] INFO:colcon.colcon_core.shell:Creating environment hook '/home/khaled-ahmed-elwan/ros2_arm_ws/install/robot_arm_urdf/share/robot_arm_urdf/hook/cmake_prefix_path.sh'
[0.337s] Level 1:colcon.colcon_core.environment:checking '/home/khaled-ahmed-elwan/ros2_arm_ws/install/robot_arm_urdf/bin'
[0.337s] Level 1:colcon.colcon_core.environment:checking '/home/khaled-ahmed-elwan/ros2_arm_ws/install/robot_arm_urdf/lib/pkgconfig/robot_arm_urdf.pc'
[0.337s] Level 1:colcon.colcon_core.environment:checking '/home/khaled-ahmed-elwan/ros2_arm_ws/install/robot_arm_urdf/lib/python3.12/site-packages'
[0.337s] Level 1:colcon.colcon_core.environment:checking '/home/khaled-ahmed-elwan/ros2_arm_ws/install/robot_arm_urdf/bin'
[0.337s] INFO:colcon.colcon_core.shell:Creating package script '/home/khaled-ahmed-elwan/ros2_arm_ws/install/robot_arm_urdf/share/robot_arm_urdf/package.ps1'
[0.338s] INFO:colcon.colcon_core.shell:Creating package descriptor '/home/khaled-ahmed-elwan/ros2_arm_ws/install/robot_arm_urdf/share/robot_arm_urdf/package.dsv'
[0.338s] INFO:colcon.colcon_core.shell:Creating package script '/home/khaled-ahmed-elwan/ros2_arm_ws/install/robot_arm_urdf/share/robot_arm_urdf/package.sh'
[0.338s] INFO:colcon.colcon_core.shell:Creating package script '/home/khaled-ahmed-elwan/ros2_arm_ws/install/robot_arm_urdf/share/robot_arm_urdf/package.bash'
[0.338s] INFO:colcon.colcon_core.shell:Creating package script '/home/khaled-ahmed-elwan/ros2_arm_ws/install/robot_arm_urdf/share/robot_arm_urdf/package.zsh'
[0.338s] Level 1:colcon.colcon_core.environment:create_file_with_runtime_dependencies(/home/khaled-ahmed-elwan/ros2_arm_ws/install/robot_arm_urdf/share/colcon-core/packages/robot_arm_urdf)
[0.339s] DEBUG:colcon.colcon_core.event_handler.log_command:Invoked command in '/home/khaled-ahmed-elwan/ros2_arm_ws/build/robot_arm_moveit_config' returned '0': CMAKE_PREFIX_PATH=/home/khaled-ahmed-elwan/ros2_arm_ws/install/robot_arm_description:/home/khaled-ahmed-elwan/ros2_arm_ws/install/robot_arm_urdf:/home/khaled-ahmed-elwan/ros2_arm_ws/install/robot_arm_moveit_config:/opt/ros/jazzy/opt/sdformat_vendor:/opt/ros/jazzy/opt/gz_math_vendor:/opt/ros/jazzy/opt/gz_utils_vendor:/opt/ros/jazzy/opt/gz_tools_vendor:/opt/ros/jazzy/opt/gz_cmake_vendor:/home/khaled-ahmed-elwan/ros2_arm_ws/install/robot_arm_control:/opt/ros/jazzy DEBUGINFOD_URLS=https://debuginfod.ubuntu.com /opt/st/stm32cubeclt_1.21.0/CMake/bin/cmake --build /home/khaled-ahmed-elwan/ros2_arm_ws/build/robot_arm_moveit_config -- -j16 -l16
[0.340s] DEBUG:colcon.colcon_core.event_handler.log_command:Invoking command in '/home/khaled-ahmed-elwan/ros2_arm_ws/build/robot_arm_moveit_config': CMAKE_PREFIX_PATH=/home/khaled-ahmed-elwan/ros2_arm_ws/install/robot_arm_description:/home/khaled-ahmed-elwan/ros2_arm_ws/install/robot_arm_urdf:/home/khaled-ahmed-elwan/ros2_arm_ws/install/robot_arm_moveit_config:/opt/ros/jazzy/opt/sdformat_vendor:/opt/ros/jazzy/opt/gz_math_vendor:/opt/ros/jazzy/opt/gz_utils_vendor:/opt/ros/jazzy/opt/gz_tools_vendor:/opt/ros/jazzy/opt/gz_cmake_vendor:/home/khaled-ahmed-elwan/ros2_arm_ws/install/robot_arm_control:/opt/ros/jazzy DEBUGINFOD_URLS=https://debuginfod.ubuntu.com /opt/st/stm32cubeclt_1.21.0/CMake/bin/cmake --install /home/khaled-ahmed-elwan/ros2_arm_ws/build/robot_arm_moveit_config
[0.343s] Level 1:colcon.colcon_core.environment:create_environment_scripts_only(robot_arm_moveit_config)
[0.343s] Level 1:colcon.colcon_core.environment:checking '/home/khaled-ahmed-elwan/ros2_arm_ws/install/robot_arm_moveit_config' for CMake module files
[0.343s] DEBUG:colcon.colcon_core.event_handler.log_command:Invoked command in '/home/khaled-ahmed-elwan/ros2_arm_ws/build/robot_arm_moveit_config' returned '0': CMAKE_PREFIX_PATH=/home/khaled-ahmed-elwan/ros2_arm_ws/install/robot_arm_description:/home/khaled-ahmed-elwan/ros2_arm_ws/install/robot_arm_urdf:/home/khaled-ahmed-elwan/ros2_arm_ws/install/robot_arm_moveit_config:/opt/ros/jazzy/opt/sdformat_vendor:/opt/ros/jazzy/opt/gz_math_vendor:/opt/ros/jazzy/opt/gz_utils_vendor:/opt/ros/jazzy/opt/gz_tools_vendor:/opt/ros/jazzy/opt/gz_cmake_vendor:/home/khaled-ahmed-elwan/ros2_arm_ws/install/robot_arm_control:/opt/ros/jazzy DEBUGINFOD_URLS=https://debuginfod.ubuntu.com /opt/st/stm32cubeclt_1.21.0/CMake/bin/cmake --install /home/khaled-ahmed-elwan/ros2_arm_ws/build/robot_arm_moveit_config
[0.344s] Level 1:colcon.colcon_core.environment:checking '/home/khaled-ahmed-elwan/ros2_arm_ws/install/robot_arm_moveit_config' for CMake config files
[0.344s] Level 1:colcon.colcon_core.shell:create_environment_hook('robot_arm_moveit_config', 'cmake_prefix_path')
[0.344s] INFO:colcon.colcon_core.shell:Creating environment hook '/home/khaled-ahmed-elwan/ros2_arm_ws/install/robot_arm_moveit_config/share/robot_arm_moveit_config/hook/cmake_prefix_path.ps1'
[0.345s] INFO:colcon.colcon_core.shell:Creating environment descriptor '/home/khaled-ahmed-elwan/ros2_arm_ws/install/robot_arm_moveit_config/share/robot_arm_moveit_config/hook/cmake_prefix_path.dsv'
[0.345s] INFO:colcon.colcon_core.shell:Creating environment hook '/home/khaled-ahmed-elwan/ros2_arm_ws/install/robot_arm_moveit_config/share/robot_arm_moveit_config/hook/cmake_prefix_path.sh'
[0.346s] Level 1:colcon.colcon_core.environment:checking '/home/khaled-ahmed-elwan/ros2_arm_ws/install/robot_arm_moveit_config/bin'
[0.346s] Level 1:colcon.colcon_core.environment:checking '/home/khaled-ahmed-elwan/ros2_arm_ws/install/robot_arm_moveit_config/lib/pkgconfig/robot_arm_moveit_config.pc'
[0.346s] Level 1:colcon.colcon_core.environment:checking '/home/khaled-ahmed-elwan/ros2_arm_ws/install/robot_arm_moveit_config/lib/python3.12/site-packages'
[0.346s] Level 1:colcon.colcon_core.environment:checking '/home/khaled-ahmed-elwan/ros2_arm_ws/install/robot_arm_moveit_config/bin'
[0.347s] INFO:colcon.colcon_core.shell:Creating package script '/home/khaled-ahmed-elwan/ros2_arm_ws/install/robot_arm_moveit_config/share/robot_arm_moveit_config/package.ps1'
[0.347s] INFO:colcon.colcon_core.shell:Creating package descriptor '/home/khaled-ahmed-elwan/ros2_arm_ws/install/robot_arm_moveit_config/share/robot_arm_moveit_config/package.dsv'
[0.348s] INFO:colcon.colcon_core.shell:Creating package script '/home/khaled-ahmed-elwan/ros2_arm_ws/install/robot_arm_moveit_config/share/robot_arm_moveit_config/package.sh'
[0.348s] INFO:colcon.colcon_core.shell:Creating package script '/home/khaled-ahmed-elwan/ros2_arm_ws/install/robot_arm_moveit_config/share/robot_arm_moveit_config/package.bash'
[0.348s] INFO:colcon.colcon_core.shell:Creating package script '/home/khaled-ahmed-elwan/ros2_arm_ws/install/robot_arm_moveit_config/share/robot_arm_moveit_config/package.zsh'
[0.348s] Level 1:colcon.colcon_core.environment:create_file_with_runtime_dependencies(/home/khaled-ahmed-elwan/ros2_arm_ws/install/robot_arm_moveit_config/share/colcon-core/packages/robot_arm_moveit_config)
[0.349s] Level 1:colcon.colcon_core.environment:create_environment_scripts_only(robot_arm_moveit_config)
[0.349s] Level 1:colcon.colcon_core.environment:checking '/home/khaled-ahmed-elwan/ros2_arm_ws/install/robot_arm_moveit_config' for CMake module files
[0.349s] Level 1:colcon.colcon_core.environment:checking '/home/khaled-ahmed-elwan/ros2_arm_ws/install/robot_arm_moveit_config' for CMake config files
[0.349s] Level 1:colcon.colcon_core.shell:create_environment_hook('robot_arm_moveit_config', 'cmake_prefix_path')
[0.349s] INFO:colcon.colcon_core.shell:Creating environment hook '/home/khaled-ahmed-elwan/ros2_arm_ws/install/robot_arm_moveit_config/share/robot_arm_moveit_config/hook/cmake_prefix_path.ps1'
[0.350s] INFO:colcon.colcon_core.shell:Creating environment descriptor '/home/khaled-ahmed-elwan/ros2_arm_ws/install/robot_arm_moveit_config/share/robot_arm_moveit_config/hook/cmake_prefix_path.dsv'
[0.350s] INFO:colcon.colcon_core.shell:Creating environment hook '/home/khaled-ahmed-elwan/ros2_arm_ws/install/robot_arm_moveit_config/share/robot_arm_moveit_config/hook/cmake_prefix_path.sh'
[0.350s] Level 1:colcon.colcon_core.environment:checking '/home/khaled-ahmed-elwan/ros2_arm_ws/install/robot_arm_moveit_config/bin'
[0.350s] Level 1:colcon.colcon_core.environment:checking '/home/khaled-ahmed-elwan/ros2_arm_ws/install/robot_arm_moveit_config/lib/pkgconfig/robot_arm_moveit_config.pc'
[0.350s] Level 1:colcon.colcon_core.environment:checking '/home/khaled-ahmed-elwan/ros2_arm_ws/install/robot_arm_moveit_config/lib/python3.12/site-packages'
[0.350s] Level 1:colcon.colcon_core.environment:checking '/home/khaled-ahmed-elwan/ros2_arm_ws/install/robot_arm_moveit_config/bin'
[0.351s] INFO:colcon.colcon_core.shell:Creating package script '/home/khaled-ahmed-elwan/ros2_arm_ws/install/robot_arm_moveit_config/share/robot_arm_moveit_config/package.ps1'
[0.351s] INFO:colcon.colcon_core.shell:Creating package descriptor '/home/khaled-ahmed-elwan/ros2_arm_ws/install/robot_arm_moveit_config/share/robot_arm_moveit_config/package.dsv'
[0.351s] INFO:colcon.colcon_core.shell:Creating package script '/home/khaled-ahmed-elwan/ros2_arm_ws/install/robot_arm_moveit_config/share/robot_arm_moveit_config/package.sh'
[0.351s] INFO:colcon.colcon_core.shell:Creating package script '/home/khaled-ahmed-elwan/ros2_arm_ws/install/robot_arm_moveit_config/share/robot_arm_moveit_config/package.bash'
[0.352s] INFO:colcon.colcon_core.shell:Creating package script '/home/khaled-ahmed-elwan/ros2_arm_ws/install/robot_arm_moveit_config/share/robot_arm_moveit_config/package.zsh'
[0.352s] Level 1:colcon.colcon_core.environment:create_file_with_runtime_dependencies(/home/khaled-ahmed-elwan/ros2_arm_ws/install/robot_arm_moveit_config/share/colcon-core/packages/robot_arm_moveit_config)
[0.651s] DEBUG:colcon.colcon_core.event_handler.log_command:Invoking command in '/home/khaled-ahmed-elwan/ros2_arm_ws/src/robot_arm_control': DEBUGINFOD_URLS=https://debuginfod.ubuntu.com PYTHONPATH=/home/khaled-ahmed-elwan/ros2_arm_ws/build/robot_arm_control/prefix_override:/usr/lib/python3/dist-packages/colcon_core/task/python/colcon_distutils_commands:/home/khaled-ahmed-elwan/ros2_arm_ws/install/robot_arm_control/lib/python3.12/site-packages:${PYTHONPATH} /usr/bin/python3 -W ignore:setup.py install is deprecated -W ignore:easy_install command is deprecated setup.py egg_info --egg-base ../../build/robot_arm_control build --build-base /home/khaled-ahmed-elwan/ros2_arm_ws/build/robot_arm_control/build install --record /home/khaled-ahmed-elwan/ros2_arm_ws/build/robot_arm_control/install.log --single-version-externally-managed install_data
[0.945s] Level 1:colcon.colcon_core.environment:checking '/home/khaled-ahmed-elwan/ros2_arm_ws/install/robot_arm_control' for CMake module files
[0.945s] DEBUG:colcon.colcon_core.event_handler.log_command:Invoked command in '/home/khaled-ahmed-elwan/ros2_arm_ws/src/robot_arm_control' returned '0': DEBUGINFOD_URLS=https://debuginfod.ubuntu.com PYTHONPATH=/home/khaled-ahmed-elwan/ros2_arm_ws/build/robot_arm_control/prefix_override:/usr/lib/python3/dist-packages/colcon_core/task/python/colcon_distutils_commands:/home/khaled-ahmed-elwan/ros2_arm_ws/install/robot_arm_control/lib/python3.12/site-packages:${PYTHONPATH} /usr/bin/python3 -W ignore:setup.py install is deprecated -W ignore:easy_install command is deprecated setup.py egg_info --egg-base ../../build/robot_arm_control build --build-base /home/khaled-ahmed-elwan/ros2_arm_ws/build/robot_arm_control/build install --record /home/khaled-ahmed-elwan/ros2_arm_ws/build/robot_arm_control/install.log --single-version-externally-managed install_data
[0.946s] Level 1:colcon.colcon_core.environment:checking '/home/khaled-ahmed-elwan/ros2_arm_ws/install/robot_arm_control' for CMake config files
[0.946s] Level 1:colcon.colcon_core.environment:checking '/home/khaled-ahmed-elwan/ros2_arm_ws/install/robot_arm_control/lib'
[0.946s] Level 1:colcon.colcon_core.environment:checking '/home/khaled-ahmed-elwan/ros2_arm_ws/install/robot_arm_control/bin'
[0.946s] Level 1:colcon.colcon_core.environment:checking '/home/khaled-ahmed-elwan/ros2_arm_ws/install/robot_arm_control/lib/pkgconfig/robot_arm_control.pc'
[0.946s] Level 1:colcon.colcon_core.environment:checking '/home/khaled-ahmed-elwan/ros2_arm_ws/install/robot_arm_control/lib/python3.12/site-packages'
[0.946s] Level 1:colcon.colcon_core.shell:create_environment_hook('robot_arm_control', 'pythonpath')
[0.946s] INFO:colcon.colcon_core.shell:Creating environment hook '/home/khaled-ahmed-elwan/ros2_arm_ws/install/robot_arm_control/share/robot_arm_control/hook/pythonpath.ps1'
[0.947s] INFO:colcon.colcon_core.shell:Creating environment descriptor '/home/khaled-ahmed-elwan/ros2_arm_ws/install/robot_arm_control/share/robot_arm_control/hook/pythonpath.dsv'
[0.947s] INFO:colcon.colcon_core.shell:Creating environment hook '/home/khaled-ahmed-elwan/ros2_arm_ws/install/robot_arm_control/share/robot_arm_control/hook/pythonpath.sh'
[0.947s] Level 1:colcon.colcon_core.environment:checking '/home/khaled-ahmed-elwan/ros2_arm_ws/install/robot_arm_control/bin'
[0.947s] Level 1:colcon.colcon_core.environment:create_environment_scripts_only(robot_arm_control)
[0.947s] INFO:colcon.colcon_core.shell:Creating package script '/home/khaled-ahmed-elwan/ros2_arm_ws/install/robot_arm_control/share/robot_arm_control/package.ps1'
[0.948s] INFO:colcon.colcon_core.shell:Creating package descriptor '/home/khaled-ahmed-elwan/ros2_arm_ws/install/robot_arm_control/share/robot_arm_control/package.dsv'
[0.948s] INFO:colcon.colcon_core.shell:Creating package script '/home/khaled-ahmed-elwan/ros2_arm_ws/install/robot_arm_control/share/robot_arm_control/package.sh'
[0.948s] INFO:colcon.colcon_core.shell:Creating package script '/home/khaled-ahmed-elwan/ros2_arm_ws/install/robot_arm_control/share/robot_arm_control/package.bash'
[0.948s] INFO:colcon.colcon_core.shell:Creating package script '/home/khaled-ahmed-elwan/ros2_arm_ws/install/robot_arm_control/share/robot_arm_control/package.zsh'
[0.948s] Level 1:colcon.colcon_core.environment:create_file_with_runtime_dependencies(/home/khaled-ahmed-elwan/ros2_arm_ws/install/robot_arm_control/share/colcon-core/packages/robot_arm_control)
[0.949s] DEBUG:colcon.colcon_parallel_executor.executor.parallel:closing loop
[0.949s] DEBUG:colcon.colcon_parallel_executor.executor.parallel:loop closed
[0.949s] DEBUG:colcon.colcon_parallel_executor.executor.parallel:run_until_complete finished with '0'
[0.949s] DEBUG:colcon.colcon_core.event_reactor:joining thread
[0.952s] INFO:colcon.colcon_core.plugin_system:Skipping extension 'colcon_notification.desktop_notification.terminal_notifier': Not used on non-Darwin systems
[0.952s] INFO:colcon.colcon_core.plugin_system:Skipping extension 'colcon_notification.desktop_notification.win32': Not used on non-Windows systems
[0.952s] INFO:colcon.colcon_notification.desktop_notification:Sending desktop notification using 'notify2'
[0.961s] DEBUG:colcon.colcon_core.event_reactor:joined thread
[0.961s] INFO:colcon.colcon_core.shell:Creating prefix script '/home/khaled-ahmed-elwan/ros2_arm_ws/install/local_setup.ps1'
[0.962s] INFO:colcon.colcon_core.shell:Creating prefix util module '/home/khaled-ahmed-elwan/ros2_arm_ws/install/_local_setup_util_ps1.py'
[0.962s] INFO:colcon.colcon_core.shell:Creating prefix chain script '/home/khaled-ahmed-elwan/ros2_arm_ws/install/setup.ps1'
[0.963s] INFO:colcon.colcon_core.shell:Creating prefix script '/home/khaled-ahmed-elwan/ros2_arm_ws/install/local_setup.sh'
[0.963s] INFO:colcon.colcon_core.shell:Creating prefix util module '/home/khaled-ahmed-elwan/ros2_arm_ws/install/_local_setup_util_sh.py'
[0.964s] INFO:colcon.colcon_core.shell:Creating prefix chain script '/home/khaled-ahmed-elwan/ros2_arm_ws/install/setup.sh'
[0.964s] INFO:colcon.colcon_core.shell:Creating prefix script '/home/khaled-ahmed-elwan/ros2_arm_ws/install/local_setup.bash'
[0.965s] INFO:colcon.colcon_core.shell:Creating prefix chain script '/home/khaled-ahmed-elwan/ros2_arm_ws/install/setup.bash'
[0.965s] INFO:colcon.colcon_core.shell:Creating prefix script '/home/khaled-ahmed-elwan/ros2_arm_ws/install/local_setup.zsh'
[0.966s] INFO:colcon.colcon_core.shell:Creating prefix chain script '/home/khaled-ahmed-elwan/ros2_arm_ws/install/setup.zsh'
