[0.099s] DEBUG:colcon:Command line arguments: ['/usr/bin/colcon', 'build', '--packages-select', 'robot_arm_urdf']
[0.099s] DEBUG:colcon:Parsed command line arguments: Namespace(log_base=None, log_level=None, verb_name='build', build_base='build', install_base='install', merge_install=False, symlink_install=False, test_result_base=None, continue_on_error=False, executor='parallel', parallel_workers=16, event_handlers=None, ignore_user_meta=False, metas=['./colcon.meta'], base_paths=['.'], packages_ignore=None, packages_ignore_regex=None, paths=None, packages_up_to=None, packages_up_to_regex=None, packages_above=None, packages_above_and_dependencies=None, packages_above_depth=None, packages_select_by_dep=None, packages_skip_by_dep=None, packages_skip_up_to=None, packages_select_build_failed=False, packages_skip_build_finished=False, packages_select_test_failures=False, packages_skip_test_passed=False, packages_select=['robot_arm_urdf'], packages_skip=None, packages_select_regex=None, packages_skip_regex=None, packages_start=None, packages_end=None, allow_overriding=[], cmake_args=None, cmake_target=None, cmake_target_skip_unavailable=False, cmake_clean_cache=False, cmake_clean_first=False, cmake_force_configure=False, ament_cmake_args=None, catkin_cmake_args=None, catkin_skip_building_tests=False, verb_parser=<colcon_defaults.argument_parser.defaults.DefaultArgumentsDecorator object at 0x75b19f862780>, verb_extension=<colcon_core.verb.build.BuildVerb object at 0x75b19f862870>, main=<bound method BuildVerb.main of <colcon_core.verb.build.BuildVerb object at 0x75b19f862870>>)
[0.139s] Level 1:colcon.colcon_core.package_discovery:discover_packages(colcon_meta) check parameters
[0.139s] Level 1:colcon.colcon_core.package_discovery:discover_packages(recursive) check parameters
[0.139s] Level 1:colcon.colcon_core.package_discovery:discover_packages(ignore) check parameters
[0.139s] Level 1:colcon.colcon_core.package_discovery:discover_packages(path) check parameters
[0.139s] Level 1:colcon.colcon_core.package_discovery:discover_packages(colcon_meta) discover
[0.139s] Level 1:colcon.colcon_core.package_discovery:discover_packages(recursive) discover
[0.139s] INFO:colcon.colcon_core.package_discovery:Crawling recursively for packages in '/home/khaled-ahmed-elwan/ros2_arm_ws'
[0.139s] Level 1:colcon.colcon_core.package_identification:_identify(.) by extensions ['ignore', 'ignore_ament_install']
[0.139s] Level 1:colcon.colcon_core.package_identification:_identify(.) by extension 'ignore'
[0.139s] Level 1:colcon.colcon_core.package_identification:_identify(.) by extension 'ignore_ament_install'
[0.139s] Level 1:colcon.colcon_core.package_identification:_identify(.) by extensions ['colcon_pkg']
[0.139s] Level 1:colcon.colcon_core.package_identification:_identify(.) by extension 'colcon_pkg'
[0.139s] Level 1:colcon.colcon_core.package_identification:_identify(.) by extensions ['colcon_meta']
[0.139s] Level 1:colcon.colcon_core.package_identification:_identify(.) by extension 'colcon_meta'
[0.139s] Level 1:colcon.colcon_core.package_identification:_identify(.) by extensions ['ros']
[0.139s] Level 1:colcon.colcon_core.package_identification:_identify(.) by extension 'ros'
[0.155s] Level 1:colcon.colcon_core.package_identification:_identify(.) by extensions ['cmake', 'python']
[0.155s] Level 1:colcon.colcon_core.package_identification:_identify(.) by extension 'cmake'
[0.155s] Level 1:colcon.colcon_core.package_identification:_identify(.) by extension 'python'
[0.155s] Level 1:colcon.colcon_core.package_identification:_identify(.) by extensions ['python_setup_py']
[0.155s] Level 1:colcon.colcon_core.package_identification:_identify(.) by extension 'python_setup_py'
[0.155s] Level 1:colcon.colcon_core.package_identification:_identify(build) by extensions ['ignore', 'ignore_ament_install']
[0.155s] Level 1:colcon.colcon_core.package_identification:_identify(build) by extension 'ignore'
[0.155s] Level 1:colcon.colcon_core.package_identification:_identify(build) ignored
[0.155s] Level 1:colcon.colcon_core.package_identification:_identify(install) by extensions ['ignore', 'ignore_ament_install']
[0.155s] Level 1:colcon.colcon_core.package_identification:_identify(install) by extension 'ignore'
[0.155s] Level 1:colcon.colcon_core.package_identification:_identify(install) ignored
[0.156s] Level 1:colcon.colcon_core.package_identification:_identify(log) by extensions ['ignore', 'ignore_ament_install']
[0.156s] Level 1:colcon.colcon_core.package_identification:_identify(log) by extension 'ignore'
[0.156s] Level 1:colcon.colcon_core.package_identification:_identify(log) ignored
[0.156s] Level 1:colcon.colcon_core.package_identification:_identify(src) by extensions ['ignore', 'ignore_ament_install']
[0.156s] Level 1:colcon.colcon_core.package_identification:_identify(src) by extension 'ignore'
[0.156s] Level 1:colcon.colcon_core.package_identification:_identify(src) by extension 'ignore_ament_install'
[0.156s] Level 1:colcon.colcon_core.package_identification:_identify(src) by extensions ['colcon_pkg']
[0.156s] Level 1:colcon.colcon_core.package_identification:_identify(src) by extension 'colcon_pkg'
[0.156s] Level 1:colcon.colcon_core.package_identification:_identify(src) by extensions ['colcon_meta']
[0.156s] Level 1:colcon.colcon_core.package_identification:_identify(src) by extension 'colcon_meta'
[0.156s] Level 1:colcon.colcon_core.package_identification:_identify(src) by extensions ['ros']
[0.156s] Level 1:colcon.colcon_core.package_identification:_identify(src) by extension 'ros'
[0.156s] Level 1:colcon.colcon_core.package_identification:_identify(src) by extensions ['cmake', 'python']
[0.156s] Level 1:colcon.colcon_core.package_identification:_identify(src) by extension 'cmake'
[0.156s] Level 1:colcon.colcon_core.package_identification:_identify(src) by extension 'python'
[0.156s] Level 1:colcon.colcon_core.package_identification:_identify(src) by extensions ['python_setup_py']
[0.156s] Level 1:colcon.colcon_core.package_identification:_identify(src) by extension 'python_setup_py'
[0.156s] Level 1:colcon.colcon_core.package_identification:_identify(src/robot_arm_urdf) by extensions ['ignore', 'ignore_ament_install']
[0.156s] Level 1:colcon.colcon_core.package_identification:_identify(src/robot_arm_urdf) by extension 'ignore'
[0.156s] Level 1:colcon.colcon_core.package_identification:_identify(src/robot_arm_urdf) by extension 'ignore_ament_install'
[0.156s] Level 1:colcon.colcon_core.package_identification:_identify(src/robot_arm_urdf) by extensions ['colcon_pkg']
[0.156s] Level 1:colcon.colcon_core.package_identification:_identify(src/robot_arm_urdf) by extension 'colcon_pkg'
[0.156s] Level 1:colcon.colcon_core.package_identification:_identify(src/robot_arm_urdf) by extensions ['colcon_meta']
[0.156s] Level 1:colcon.colcon_core.package_identification:_identify(src/robot_arm_urdf) by extension 'colcon_meta'
[0.156s] Level 1:colcon.colcon_core.package_identification:_identify(src/robot_arm_urdf) by extensions ['ros']
[0.156s] Level 1:colcon.colcon_core.package_identification:_identify(src/robot_arm_urdf) by extension 'ros'
[0.159s] DEBUG:colcon.colcon_core.package_identification:Package 'src/robot_arm_urdf' with type 'ros.ament_cmake' and name 'robot_arm_urdf'
[0.159s] Level 1:colcon.colcon_core.package_discovery:discover_packages(recursive) using defaults
[0.159s] Level 1:colcon.colcon_core.package_discovery:discover_packages(ignore) discover
[0.159s] Level 1:colcon.colcon_core.package_discovery:discover_packages(ignore) using defaults
[0.159s] Level 1:colcon.colcon_core.package_discovery:discover_packages(path) discover
[0.159s] Level 1:colcon.colcon_core.package_discovery:discover_packages(path) using defaults
[0.176s] Level 1:colcon.colcon_core.package_discovery:discover_packages(prefix_path) check parameters
[0.176s] Level 1:colcon.colcon_core.package_discovery:discover_packages(prefix_path) discover
[0.178s] DEBUG:colcon.colcon_installed_package_information.package_discovery:Found 372 installed packages in /opt/ros/jazzy
[0.179s] Level 1:colcon.colcon_core.package_discovery:discover_packages(prefix_path) using defaults
[0.206s] Level 5:colcon.colcon_core.verb:set package 'robot_arm_urdf' build argument 'cmake_args' from command line to 'None'
[0.206s] Level 5:colcon.colcon_core.verb:set package 'robot_arm_urdf' build argument 'cmake_target' from command line to 'None'
[0.206s] Level 5:colcon.colcon_core.verb:set package 'robot_arm_urdf' build argument 'cmake_target_skip_unavailable' from command line to 'False'
[0.206s] Level 5:colcon.colcon_core.verb:set package 'robot_arm_urdf' build argument 'cmake_clean_cache' from command line to 'False'
[0.206s] Level 5:colcon.colcon_core.verb:set package 'robot_arm_urdf' build argument 'cmake_clean_first' from command line to 'False'
[0.206s] Level 5:colcon.colcon_core.verb:set package 'robot_arm_urdf' build argument 'cmake_force_configure' from command line to 'False'
[0.206s] Level 5:colcon.colcon_core.verb:set package 'robot_arm_urdf' build argument 'ament_cmake_args' from command line to 'None'
[0.206s] Level 5:colcon.colcon_core.verb:set package 'robot_arm_urdf' build argument 'catkin_cmake_args' from command line to 'None'
[0.206s] Level 5:colcon.colcon_core.verb:set package 'robot_arm_urdf' build argument 'catkin_skip_building_tests' from command line to 'False'
[0.206s] DEBUG:colcon.colcon_core.verb:Building package 'robot_arm_urdf' with the following arguments: {'ament_cmake_args': None, 'build_base': '/home/khaled-ahmed-elwan/ros2_arm_ws/build/robot_arm_urdf', 'catkin_cmake_args': None, 'catkin_skip_building_tests': False, 'cmake_args': None, 'cmake_clean_cache': False, 'cmake_clean_first': False, 'cmake_force_configure': False, 'cmake_target': None, 'cmake_target_skip_unavailable': False, 'install_base': '/home/khaled-ahmed-elwan/ros2_arm_ws/install/robot_arm_urdf', 'merge_install': False, 'path': '/home/khaled-ahmed-elwan/ros2_arm_ws/src/robot_arm_urdf', 'symlink_install': False, 'test_result_base': None}
[0.206s] INFO:colcon.colcon_core.executor:Executing jobs using 'parallel' executor
[0.207s] DEBUG:colcon.colcon_parallel_executor.executor.parallel:run_until_complete
[0.207s] INFO:colcon.colcon_ros.task.ament_cmake.build:Building ROS package in '/home/khaled-ahmed-elwan/ros2_arm_ws/src/robot_arm_urdf' with build type 'ament_cmake'
[0.207s] INFO:colcon.colcon_cmake.task.cmake.build:Building CMake package in '/home/khaled-ahmed-elwan/ros2_arm_ws/src/robot_arm_urdf'
[0.210s] INFO:colcon.colcon_core.plugin_system:Skipping extension 'colcon_core.shell.bat': Not used on non-Windows systems
[0.210s] INFO:colcon.colcon_core.shell:Skip shell extension 'powershell' for command environment: Not usable outside of PowerShell
[0.210s] DEBUG:colcon.colcon_core.shell:Skip shell extension 'dsv' for command environment
[0.216s] DEBUG:colcon.colcon_core.event_handler.log_command:Invoking command in '/home/khaled-ahmed-elwan/ros2_arm_ws/build/robot_arm_urdf': CMAKE_PREFIX_PATH=${CMAKE_PREFIX_PATH}:/opt/ros/jazzy DEBUGINFOD_URLS=https://debuginfod.ubuntu.com /opt/st/stm32cubeclt_1.21.0/CMake/bin/cmake /home/khaled-ahmed-elwan/ros2_arm_ws/src/robot_arm_urdf -DCMAKE_INSTALL_PREFIX=/home/khaled-ahmed-elwan/ros2_arm_ws/install/robot_arm_urdf
[0.686s] DEBUG:colcon.colcon_core.event_handler.log_command:Invoked command in '/home/khaled-ahmed-elwan/ros2_arm_ws/build/robot_arm_urdf' returned '0': CMAKE_PREFIX_PATH=${CMAKE_PREFIX_PATH}:/opt/ros/jazzy DEBUGINFOD_URLS=https://debuginfod.ubuntu.com /opt/st/stm32cubeclt_1.21.0/CMake/bin/cmake /home/khaled-ahmed-elwan/ros2_arm_ws/src/robot_arm_urdf -DCMAKE_INSTALL_PREFIX=/home/khaled-ahmed-elwan/ros2_arm_ws/install/robot_arm_urdf
[0.687s] DEBUG:colcon.colcon_core.event_handler.log_command:Invoking command in '/home/khaled-ahmed-elwan/ros2_arm_ws/build/robot_arm_urdf': CMAKE_PREFIX_PATH=${CMAKE_PREFIX_PATH}:/opt/ros/jazzy DEBUGINFOD_URLS=https://debuginfod.ubuntu.com /opt/st/stm32cubeclt_1.21.0/CMake/bin/cmake --build /home/khaled-ahmed-elwan/ros2_arm_ws/build/robot_arm_urdf -- -j16 -l16
[0.696s] DEBUG:colcon.colcon_core.event_handler.log_command:Invoked command in '/home/khaled-ahmed-elwan/ros2_arm_ws/build/robot_arm_urdf' returned '0': CMAKE_PREFIX_PATH=${CMAKE_PREFIX_PATH}:/opt/ros/jazzy DEBUGINFOD_URLS=https://debuginfod.ubuntu.com /opt/st/stm32cubeclt_1.21.0/CMake/bin/cmake --build /home/khaled-ahmed-elwan/ros2_arm_ws/build/robot_arm_urdf -- -j16 -l16
[0.699s] DEBUG:colcon.colcon_core.event_handler.log_command:Invoking command in '/home/khaled-ahmed-elwan/ros2_arm_ws/build/robot_arm_urdf': CMAKE_PREFIX_PATH=${CMAKE_PREFIX_PATH}:/opt/ros/jazzy DEBUGINFOD_URLS=https://debuginfod.ubuntu.com /opt/st/stm32cubeclt_1.21.0/CMake/bin/cmake --install /home/khaled-ahmed-elwan/ros2_arm_ws/build/robot_arm_urdf
[0.702s] DEBUG:colcon.colcon_core.event_handler.log_command:Invoked command in '/home/khaled-ahmed-elwan/ros2_arm_ws/build/robot_arm_urdf' returned '1': CMAKE_PREFIX_PATH=${CMAKE_PREFIX_PATH}:/opt/ros/jazzy DEBUGINFOD_URLS=https://debuginfod.ubuntu.com /opt/st/stm32cubeclt_1.21.0/CMake/bin/cmake --install /home/khaled-ahmed-elwan/ros2_arm_ws/build/robot_arm_urdf
[0.702s] Level 1:colcon.colcon_core.environment:create_environment_scripts_only(robot_arm_urdf)
[0.706s] Level 1:colcon.colcon_core.environment:checking '/home/khaled-ahmed-elwan/ros2_arm_ws/install/robot_arm_urdf' for CMake module files
[0.706s] Level 1:colcon.colcon_core.environment:checking '/home/khaled-ahmed-elwan/ros2_arm_ws/install/robot_arm_urdf' for CMake config files
[0.707s] Level 1:colcon.colcon_core.environment:checking '/home/khaled-ahmed-elwan/ros2_arm_ws/install/robot_arm_urdf/bin'
[0.707s] Level 1:colcon.colcon_core.environment:checking '/home/khaled-ahmed-elwan/ros2_arm_ws/install/robot_arm_urdf/lib/pkgconfig/robot_arm_urdf.pc'
[0.707s] Level 1:colcon.colcon_core.environment:checking '/home/khaled-ahmed-elwan/ros2_arm_ws/install/robot_arm_urdf/lib/python3.12/site-packages'
[0.707s] Level 1:colcon.colcon_core.environment:checking '/home/khaled-ahmed-elwan/ros2_arm_ws/install/robot_arm_urdf/bin'
[0.708s] INFO:colcon.colcon_core.shell:Creating package script '/home/khaled-ahmed-elwan/ros2_arm_ws/install/robot_arm_urdf/share/robot_arm_urdf/package.ps1'
[0.708s] INFO:colcon.colcon_core.shell:Creating package descriptor '/home/khaled-ahmed-elwan/ros2_arm_ws/install/robot_arm_urdf/share/robot_arm_urdf/package.dsv'
[0.709s] INFO:colcon.colcon_core.shell:Creating package script '/home/khaled-ahmed-elwan/ros2_arm_ws/install/robot_arm_urdf/share/robot_arm_urdf/package.sh'
[0.710s] INFO:colcon.colcon_core.shell:Creating package script '/home/khaled-ahmed-elwan/ros2_arm_ws/install/robot_arm_urdf/share/robot_arm_urdf/package.bash'
[0.710s] INFO:colcon.colcon_core.shell:Creating package script '/home/khaled-ahmed-elwan/ros2_arm_ws/install/robot_arm_urdf/share/robot_arm_urdf/package.zsh'
[0.711s] Level 1:colcon.colcon_core.environment:create_file_with_runtime_dependencies(/home/khaled-ahmed-elwan/ros2_arm_ws/install/robot_arm_urdf/share/colcon-core/packages/robot_arm_urdf)
[0.721s] DEBUG:colcon.colcon_parallel_executor.executor.parallel:closing loop
[0.722s] DEBUG:colcon.colcon_parallel_executor.executor.parallel:loop closed
[0.722s] DEBUG:colcon.colcon_parallel_executor.executor.parallel:run_until_complete finished with '1'
[0.722s] DEBUG:colcon.colcon_core.event_reactor:joining thread
[0.726s] INFO:colcon.colcon_core.plugin_system:Skipping extension 'colcon_notification.desktop_notification.terminal_notifier': Not used on non-Darwin systems
[0.726s] INFO:colcon.colcon_core.plugin_system:Skipping extension 'colcon_notification.desktop_notification.win32': Not used on non-Windows systems
[0.726s] INFO:colcon.colcon_notification.desktop_notification:Sending desktop notification using 'notify2'
[0.735s] DEBUG:colcon.colcon_core.event_reactor:joined thread
[0.735s] INFO:colcon.colcon_core.shell:Creating prefix script '/home/khaled-ahmed-elwan/ros2_arm_ws/install/local_setup.ps1'
[0.736s] INFO:colcon.colcon_core.shell:Creating prefix util module '/home/khaled-ahmed-elwan/ros2_arm_ws/install/_local_setup_util_ps1.py'
[0.738s] INFO:colcon.colcon_core.shell:Creating prefix chain script '/home/khaled-ahmed-elwan/ros2_arm_ws/install/setup.ps1'
[0.739s] INFO:colcon.colcon_core.shell:Creating prefix script '/home/khaled-ahmed-elwan/ros2_arm_ws/install/local_setup.sh'
[0.740s] INFO:colcon.colcon_core.shell:Creating prefix util module '/home/khaled-ahmed-elwan/ros2_arm_ws/install/_local_setup_util_sh.py'
[0.740s] INFO:colcon.colcon_core.shell:Creating prefix chain script '/home/khaled-ahmed-elwan/ros2_arm_ws/install/setup.sh'
[0.741s] INFO:colcon.colcon_core.shell:Creating prefix script '/home/khaled-ahmed-elwan/ros2_arm_ws/install/local_setup.bash'
[0.741s] INFO:colcon.colcon_core.shell:Creating prefix chain script '/home/khaled-ahmed-elwan/ros2_arm_ws/install/setup.bash'
[0.742s] INFO:colcon.colcon_core.shell:Creating prefix script '/home/khaled-ahmed-elwan/ros2_arm_ws/install/local_setup.zsh'
[0.742s] INFO:colcon.colcon_core.shell:Creating prefix chain script '/home/khaled-ahmed-elwan/ros2_arm_ws/install/setup.zsh'
