[0.051s] DEBUG:colcon:Command line arguments: ['/usr/bin/colcon', 'build']
[0.051s] DEBUG:colcon:Parsed command line arguments: Namespace(log_base=None, log_level=None, verb_name='build', build_base='build', install_base='install', merge_install=False, symlink_install=False, test_result_base=None, continue_on_error=False, executor='parallel', parallel_workers=16, event_handlers=None, ignore_user_meta=False, metas=['./colcon.meta'], base_paths=['.'], packages_ignore=None, packages_ignore_regex=None, paths=None, packages_up_to=None, packages_up_to_regex=None, packages_above=None, packages_above_and_dependencies=None, packages_above_depth=None, packages_select_by_dep=None, packages_skip_by_dep=None, packages_skip_up_to=None, packages_select_build_failed=False, packages_skip_build_finished=False, packages_select_test_failures=False, packages_skip_test_passed=False, packages_select=None, packages_skip=None, packages_select_regex=None, packages_skip_regex=None, packages_start=None, packages_end=None, allow_overriding=[], cmake_args=None, cmake_target=None, cmake_target_skip_unavailable=False, cmake_clean_cache=False, cmake_clean_first=False, cmake_force_configure=False, ament_cmake_args=None, catkin_cmake_args=None, catkin_skip_building_tests=False, verb_parser=<colcon_defaults.argument_parser.defaults.DefaultArgumentsDecorator object at 0x7f4721b38a40>, verb_extension=<colcon_core.verb.build.BuildVerb object at 0x7f4721b388c0>, main=<bound method BuildVerb.main of <colcon_core.verb.build.BuildVerb object at 0x7f4721b388c0>>)
[0.073s] Level 1:colcon.colcon_core.package_discovery:discover_packages(colcon_meta) check parameters
[0.073s] Level 1:colcon.colcon_core.package_discovery:discover_packages(recursive) check parameters
[0.073s] Level 1:colcon.colcon_core.package_discovery:discover_packages(ignore) check parameters
[0.073s] Level 1:colcon.colcon_core.package_discovery:discover_packages(path) check parameters
[0.073s] Level 1:colcon.colcon_core.package_discovery:discover_packages(colcon_meta) discover
[0.073s] Level 1:colcon.colcon_core.package_discovery:discover_packages(recursive) discover
[0.073s] INFO:colcon.colcon_core.package_discovery:Crawling recursively for packages in '/home/khaled-ahmed-elwan/ros2_arm_ws'
[0.073s] Level 1:colcon.colcon_core.package_identification:_identify(.) by extensions ['ignore', 'ignore_ament_install']
[0.073s] Level 1:colcon.colcon_core.package_identification:_identify(.) by extension 'ignore'
[0.073s] Level 1:colcon.colcon_core.package_identification:_identify(.) by extension 'ignore_ament_install'
[0.073s] Level 1:colcon.colcon_core.package_identification:_identify(.) by extensions ['colcon_pkg']
[0.073s] Level 1:colcon.colcon_core.package_identification:_identify(.) by extension 'colcon_pkg'
[0.073s] Level 1:colcon.colcon_core.package_identification:_identify(.) by extensions ['colcon_meta']
[0.073s] Level 1:colcon.colcon_core.package_identification:_identify(.) by extension 'colcon_meta'
[0.073s] Level 1:colcon.colcon_core.package_identification:_identify(.) by extensions ['ros']
[0.073s] Level 1:colcon.colcon_core.package_identification:_identify(.) by extension 'ros'
[0.088s] Level 1:colcon.colcon_core.package_identification:_identify(.) by extensions ['cmake', 'python']
[0.088s] Level 1:colcon.colcon_core.package_identification:_identify(.) by extension 'cmake'
[0.088s] Level 1:colcon.colcon_core.package_identification:_identify(.) by extension 'python'
[0.088s] Level 1:colcon.colcon_core.package_identification:_identify(.) by extensions ['python_setup_py']
[0.088s] Level 1:colcon.colcon_core.package_identification:_identify(.) by extension 'python_setup_py'
[0.088s] Level 1:colcon.colcon_core.package_identification:_identify(build) by extensions ['ignore', 'ignore_ament_install']
[0.089s] Level 1:colcon.colcon_core.package_identification:_identify(build) by extension 'ignore'
[0.089s] Level 1:colcon.colcon_core.package_identification:_identify(build) ignored
[0.089s] Level 1:colcon.colcon_core.package_identification:_identify(install) by extensions ['ignore', 'ignore_ament_install']
[0.089s] Level 1:colcon.colcon_core.package_identification:_identify(install) by extension 'ignore'
[0.089s] Level 1:colcon.colcon_core.package_identification:_identify(install) ignored
[0.089s] Level 1:colcon.colcon_core.package_identification:_identify(log) by extensions ['ignore', 'ignore_ament_install']
[0.089s] Level 1:colcon.colcon_core.package_identification:_identify(log) by extension 'ignore'
[0.089s] Level 1:colcon.colcon_core.package_identification:_identify(log) ignored
[0.089s] Level 1:colcon.colcon_core.package_identification:_identify(src) by extensions ['ignore', 'ignore_ament_install']
[0.089s] Level 1:colcon.colcon_core.package_identification:_identify(src) by extension 'ignore'
[0.089s] Level 1:colcon.colcon_core.package_identification:_identify(src) by extension 'ignore_ament_install'
[0.089s] Level 1:colcon.colcon_core.package_identification:_identify(src) by extensions ['colcon_pkg']
[0.089s] Level 1:colcon.colcon_core.package_identification:_identify(src) by extension 'colcon_pkg'
[0.089s] Level 1:colcon.colcon_core.package_identification:_identify(src) by extensions ['colcon_meta']
[0.089s] Level 1:colcon.colcon_core.package_identification:_identify(src) by extension 'colcon_meta'
[0.089s] Level 1:colcon.colcon_core.package_identification:_identify(src) by extensions ['ros']
[0.089s] Level 1:colcon.colcon_core.package_identification:_identify(src) by extension 'ros'
[0.089s] Level 1:colcon.colcon_core.package_identification:_identify(src) by extensions ['cmake', 'python']
[0.089s] Level 1:colcon.colcon_core.package_identification:_identify(src) by extension 'cmake'
[0.089s] Level 1:colcon.colcon_core.package_identification:_identify(src) by extension 'python'
[0.089s] Level 1:colcon.colcon_core.package_identification:_identify(src) by extensions ['python_setup_py']
[0.089s] Level 1:colcon.colcon_core.package_identification:_identify(src) by extension 'python_setup_py'
[0.089s] Level 1:colcon.colcon_core.package_identification:_identify(src/robot_arm_description) by extensions ['ignore', 'ignore_ament_install']
[0.089s] Level 1:colcon.colcon_core.package_identification:_identify(src/robot_arm_description) by extension 'ignore'
[0.089s] Level 1:colcon.colcon_core.package_identification:_identify(src/robot_arm_description) by extension 'ignore_ament_install'
[0.089s] Level 1:colcon.colcon_core.package_identification:_identify(src/robot_arm_description) by extensions ['colcon_pkg']
[0.089s] Level 1:colcon.colcon_core.package_identification:_identify(src/robot_arm_description) by extension 'colcon_pkg'
[0.089s] Level 1:colcon.colcon_core.package_identification:_identify(src/robot_arm_description) by extensions ['colcon_meta']
[0.089s] Level 1:colcon.colcon_core.package_identification:_identify(src/robot_arm_description) by extension 'colcon_meta'
[0.089s] Level 1:colcon.colcon_core.package_identification:_identify(src/robot_arm_description) by extensions ['ros']
[0.089s] Level 1:colcon.colcon_core.package_identification:_identify(src/robot_arm_description) by extension 'ros'
[0.091s] DEBUG:colcon.colcon_core.package_identification:Package 'src/robot_arm_description' with type 'ros.ament_cmake' and name 'robot_arm_description'
[0.091s] Level 1:colcon.colcon_core.package_identification:_identify(src/robot_arm_moveit_config) by extensions ['ignore', 'ignore_ament_install']
[0.091s] Level 1:colcon.colcon_core.package_identification:_identify(src/robot_arm_moveit_config) by extension 'ignore'
[0.091s] Level 1:colcon.colcon_core.package_identification:_identify(src/robot_arm_moveit_config) by extension 'ignore_ament_install'
[0.091s] Level 1:colcon.colcon_core.package_identification:_identify(src/robot_arm_moveit_config) by extensions ['colcon_pkg']
[0.091s] Level 1:colcon.colcon_core.package_identification:_identify(src/robot_arm_moveit_config) by extension 'colcon_pkg'
[0.091s] Level 1:colcon.colcon_core.package_identification:_identify(src/robot_arm_moveit_config) by extensions ['colcon_meta']
[0.091s] Level 1:colcon.colcon_core.package_identification:_identify(src/robot_arm_moveit_config) by extension 'colcon_meta'
[0.091s] Level 1:colcon.colcon_core.package_identification:_identify(src/robot_arm_moveit_config) by extensions ['ros']
[0.091s] Level 1:colcon.colcon_core.package_identification:_identify(src/robot_arm_moveit_config) by extension 'ros'
[0.092s] DEBUG:colcon.colcon_core.package_identification:Package 'src/robot_arm_moveit_config' with type 'ros.ament_cmake' and name 'robot_arm_moveit_config'
[0.092s] Level 1:colcon.colcon_core.package_identification:_identify(src/robot_arm_urdf) by extensions ['ignore', 'ignore_ament_install']
[0.092s] Level 1:colcon.colcon_core.package_identification:_identify(src/robot_arm_urdf) by extension 'ignore'
[0.092s] Level 1:colcon.colcon_core.package_identification:_identify(src/robot_arm_urdf) by extension 'ignore_ament_install'
[0.092s] Level 1:colcon.colcon_core.package_identification:_identify(src/robot_arm_urdf) by extensions ['colcon_pkg']
[0.092s] Level 1:colcon.colcon_core.package_identification:_identify(src/robot_arm_urdf) by extension 'colcon_pkg'
[0.092s] Level 1:colcon.colcon_core.package_identification:_identify(src/robot_arm_urdf) by extensions ['colcon_meta']
[0.092s] Level 1:colcon.colcon_core.package_identification:_identify(src/robot_arm_urdf) by extension 'colcon_meta'
[0.092s] Level 1:colcon.colcon_core.package_identification:_identify(src/robot_arm_urdf) by extensions ['ros']
[0.092s] Level 1:colcon.colcon_core.package_identification:_identify(src/robot_arm_urdf) by extension 'ros'
[0.092s] DEBUG:colcon.colcon_core.package_identification:Package 'src/robot_arm_urdf' with type 'ros.ament_cmake' and name 'robot_arm_urdf'
[0.092s] Level 1:colcon.colcon_core.package_discovery:discover_packages(recursive) using defaults
[0.092s] Level 1:colcon.colcon_core.package_discovery:discover_packages(ignore) discover
[0.092s] Level 1:colcon.colcon_core.package_discovery:discover_packages(ignore) using defaults
[0.092s] Level 1:colcon.colcon_core.package_discovery:discover_packages(path) discover
[0.092s] Level 1:colcon.colcon_core.package_discovery:discover_packages(path) using defaults
[0.103s] Level 1:colcon.colcon_core.package_discovery:discover_packages(prefix_path) check parameters
[0.103s] Level 1:colcon.colcon_core.package_discovery:discover_packages(prefix_path) discover
[0.103s] Level 1:colcon.colcon_core.package_discovery:discover_packages(prefix_path) using defaults
[0.104s] Level 5:colcon.colcon_core.verb:set package 'robot_arm_description' build argument 'cmake_args' from command line to 'None'
[0.104s] Level 5:colcon.colcon_core.verb:set package 'robot_arm_description' build argument 'cmake_target' from command line to 'None'
[0.104s] Level 5:colcon.colcon_core.verb:set package 'robot_arm_description' build argument 'cmake_target_skip_unavailable' from command line to 'False'
[0.104s] Level 5:colcon.colcon_core.verb:set package 'robot_arm_description' build argument 'cmake_clean_cache' from command line to 'False'
[0.104s] Level 5:colcon.colcon_core.verb:set package 'robot_arm_description' build argument 'cmake_clean_first' from command line to 'False'
[0.104s] Level 5:colcon.colcon_core.verb:set package 'robot_arm_description' build argument 'cmake_force_configure' from command line to 'False'
[0.104s] Level 5:colcon.colcon_core.verb:set package 'robot_arm_description' build argument 'ament_cmake_args' from command line to 'None'
[0.104s] Level 5:colcon.colcon_core.verb:set package 'robot_arm_description' build argument 'catkin_cmake_args' from command line to 'None'
[0.104s] Level 5:colcon.colcon_core.verb:set package 'robot_arm_description' build argument 'catkin_skip_building_tests' from command line to 'False'
[0.104s] DEBUG:colcon.colcon_core.verb:Building package 'robot_arm_description' with the following arguments: {'ament_cmake_args': None, 'build_base': '/home/khaled-ahmed-elwan/ros2_arm_ws/build/robot_arm_description', 'catkin_cmake_args': None, 'catkin_skip_building_tests': False, 'cmake_args': None, 'cmake_clean_cache': False, 'cmake_clean_first': False, 'cmake_force_configure': False, 'cmake_target': None, 'cmake_target_skip_unavailable': False, 'install_base': '/home/khaled-ahmed-elwan/ros2_arm_ws/install/robot_arm_description', 'merge_install': False, 'path': '/home/khaled-ahmed-elwan/ros2_arm_ws/src/robot_arm_description', 'symlink_install': False, 'test_result_base': None}
[0.104s] Level 5:colcon.colcon_core.verb:set package 'robot_arm_urdf' build argument 'cmake_args' from command line to 'None'
[0.104s] Level 5:colcon.colcon_core.verb:set package 'robot_arm_urdf' build argument 'cmake_target' from command line to 'None'
[0.104s] Level 5:colcon.colcon_core.verb:set package 'robot_arm_urdf' build argument 'cmake_target_skip_unavailable' from command line to 'False'
[0.104s] Level 5:colcon.colcon_core.verb:set package 'robot_arm_urdf' build argument 'cmake_clean_cache' from command line to 'False'
[0.104s] Level 5:colcon.colcon_core.verb:set package 'robot_arm_urdf' build argument 'cmake_clean_first' from command line to 'False'
[0.104s] Level 5:colcon.colcon_core.verb:set package 'robot_arm_urdf' build argument 'cmake_force_configure' from command line to 'False'
[0.104s] Level 5:colcon.colcon_core.verb:set package 'robot_arm_urdf' build argument 'ament_cmake_args' from command line to 'None'
[0.104s] Level 5:colcon.colcon_core.verb:set package 'robot_arm_urdf' build argument 'catkin_cmake_args' from command line to 'None'
[0.104s] Level 5:colcon.colcon_core.verb:set package 'robot_arm_urdf' build argument 'catkin_skip_building_tests' from command line to 'False'
[0.104s] DEBUG:colcon.colcon_core.verb:Building package 'robot_arm_urdf' with the following arguments: {'ament_cmake_args': None, 'build_base': '/home/khaled-ahmed-elwan/ros2_arm_ws/build/robot_arm_urdf', 'catkin_cmake_args': None, 'catkin_skip_building_tests': False, 'cmake_args': None, 'cmake_clean_cache': False, 'cmake_clean_first': False, 'cmake_force_configure': False, 'cmake_target': None, 'cmake_target_skip_unavailable': False, 'install_base': '/home/khaled-ahmed-elwan/ros2_arm_ws/install/robot_arm_urdf', 'merge_install': False, 'path': '/home/khaled-ahmed-elwan/ros2_arm_ws/src/robot_arm_urdf', 'symlink_install': False, 'test_result_base': None}
[0.104s] Level 5:colcon.colcon_core.verb:set package 'robot_arm_moveit_config' build argument 'cmake_args' from command line to 'None'
[0.104s] Level 5:colcon.colcon_core.verb:set package 'robot_arm_moveit_config' build argument 'cmake_target' from command line to 'None'
[0.104s] Level 5:colcon.colcon_core.verb:set package 'robot_arm_moveit_config' build argument 'cmake_target_skip_unavailable' from command line to 'False'
[0.104s] Level 5:colcon.colcon_core.verb:set package 'robot_arm_moveit_config' build argument 'cmake_clean_cache' from command line to 'False'
[0.104s] Level 5:colcon.colcon_core.verb:set package 'robot_arm_moveit_config' build argument 'cmake_clean_first' from command line to 'False'
[0.104s] Level 5:colcon.colcon_core.verb:set package 'robot_arm_moveit_config' build argument 'cmake_force_configure' from command line to 'False'
[0.104s] Level 5:colcon.colcon_core.verb:set package 'robot_arm_moveit_config' build argument 'ament_cmake_args' from command line to 'None'
[0.104s] Level 5:colcon.colcon_core.verb:set package 'robot_arm_moveit_config' build argument 'catkin_cmake_args' from command line to 'None'
[0.104s] Level 5:colcon.colcon_core.verb:set package 'robot_arm_moveit_config' build argument 'catkin_skip_building_tests' from command line to 'False'
[0.104s] DEBUG:colcon.colcon_core.verb:Building package 'robot_arm_moveit_config' with the following arguments: {'ament_cmake_args': None, 'build_base': '/home/khaled-ahmed-elwan/ros2_arm_ws/build/robot_arm_moveit_config', 'catkin_cmake_args': None, 'catkin_skip_building_tests': False, 'cmake_args': None, 'cmake_clean_cache': False, 'cmake_clean_first': False, 'cmake_force_configure': False, 'cmake_target': None, 'cmake_target_skip_unavailable': False, 'install_base': '/home/khaled-ahmed-elwan/ros2_arm_ws/install/robot_arm_moveit_config', 'merge_install': False, 'path': '/home/khaled-ahmed-elwan/ros2_arm_ws/src/robot_arm_moveit_config', 'symlink_install': False, 'test_result_base': None}
[0.104s] INFO:colcon.colcon_core.executor:Executing jobs using 'parallel' executor
[0.105s] DEBUG:colcon.colcon_parallel_executor.executor.parallel:run_until_complete
[0.105s] INFO:colcon.colcon_ros.task.ament_cmake.build:Building ROS package in '/home/khaled-ahmed-elwan/ros2_arm_ws/src/robot_arm_description' with build type 'ament_cmake'
[0.105s] INFO:colcon.colcon_cmake.task.cmake.build:Building CMake package in '/home/khaled-ahmed-elwan/ros2_arm_ws/src/robot_arm_description'
[0.106s] INFO:colcon.colcon_core.plugin_system:Skipping extension 'colcon_core.shell.bat': Not used on non-Windows systems
[0.107s] INFO:colcon.colcon_core.shell:Skip shell extension 'powershell' for command environment: Not usable outside of PowerShell
[0.107s] DEBUG:colcon.colcon_core.shell:Skip shell extension 'dsv' for command environment
[0.108s] INFO:colcon.colcon_ros.task.ament_cmake.build:Building ROS package in '/home/khaled-ahmed-elwan/ros2_arm_ws/src/robot_arm_urdf' with build type 'ament_cmake'
[0.108s] INFO:colcon.colcon_cmake.task.cmake.build:Building CMake package in '/home/khaled-ahmed-elwan/ros2_arm_ws/src/robot_arm_urdf'
[0.108s] INFO:colcon.colcon_core.shell:Skip shell extension 'powershell' for command environment: Not usable outside of PowerShell
[0.108s] DEBUG:colcon.colcon_core.shell:Skip shell extension 'dsv' for command environment
[0.111s] DEBUG:colcon.colcon_core.event_handler.log_command:Invoking command in '/home/khaled-ahmed-elwan/ros2_arm_ws/build/robot_arm_description': DEBUGINFOD_URLS=https://debuginfod.ubuntu.com /opt/st/stm32cubeclt_1.21.0/CMake/bin/cmake --build /home/khaled-ahmed-elwan/ros2_arm_ws/build/robot_arm_description -- -j16 -l16
[0.113s] DEBUG:colcon.colcon_core.event_handler.log_command:Invoking command in '/home/khaled-ahmed-elwan/ros2_arm_ws/build/robot_arm_urdf': DEBUGINFOD_URLS=https://debuginfod.ubuntu.com /opt/st/stm32cubeclt_1.21.0/CMake/bin/cmake --build /home/khaled-ahmed-elwan/ros2_arm_ws/build/robot_arm_urdf -- -j16 -l16
[0.120s] DEBUG:colcon.colcon_core.event_handler.log_command:Invoked command in '/home/khaled-ahmed-elwan/ros2_arm_ws/build/robot_arm_description' returned '0': DEBUGINFOD_URLS=https://debuginfod.ubuntu.com /opt/st/stm32cubeclt_1.21.0/CMake/bin/cmake --build /home/khaled-ahmed-elwan/ros2_arm_ws/build/robot_arm_description -- -j16 -l16
[0.122s] DEBUG:colcon.colcon_core.event_handler.log_command:Invoking command in '/home/khaled-ahmed-elwan/ros2_arm_ws/build/robot_arm_description': DEBUGINFOD_URLS=https://debuginfod.ubuntu.com /opt/st/stm32cubeclt_1.21.0/CMake/bin/cmake --install /home/khaled-ahmed-elwan/ros2_arm_ws/build/robot_arm_description
[0.123s] DEBUG:colcon.colcon_core.event_handler.log_command:Invoked command in '/home/khaled-ahmed-elwan/ros2_arm_ws/build/robot_arm_urdf' returned '0': DEBUGINFOD_URLS=https://debuginfod.ubuntu.com /opt/st/stm32cubeclt_1.21.0/CMake/bin/cmake --build /home/khaled-ahmed-elwan/ros2_arm_ws/build/robot_arm_urdf -- -j16 -l16
[0.124s] DEBUG:colcon.colcon_core.event_handler.log_command:Invoking command in '/home/khaled-ahmed-elwan/ros2_arm_ws/build/robot_arm_urdf': DEBUGINFOD_URLS=https://debuginfod.ubuntu.com /opt/st/stm32cubeclt_1.21.0/CMake/bin/cmake --install /home/khaled-ahmed-elwan/ros2_arm_ws/build/robot_arm_urdf
[0.128s] Level 1:colcon.colcon_core.environment:create_environment_scripts_only(robot_arm_description)
[0.129s] DEBUG:colcon.colcon_core.event_handler.log_command:Invoked command in '/home/khaled-ahmed-elwan/ros2_arm_ws/build/robot_arm_description' returned '0': DEBUGINFOD_URLS=https://debuginfod.ubuntu.com /opt/st/stm32cubeclt_1.21.0/CMake/bin/cmake --install /home/khaled-ahmed-elwan/ros2_arm_ws/build/robot_arm_description
[0.130s] Level 1:colcon.colcon_core.environment:checking '/home/khaled-ahmed-elwan/ros2_arm_ws/install/robot_arm_description' for CMake module files
[0.130s] Level 1:colcon.colcon_core.environment:checking '/home/khaled-ahmed-elwan/ros2_arm_ws/install/robot_arm_description' for CMake config files
[0.130s] Level 1:colcon.colcon_core.shell:create_environment_hook('robot_arm_description', 'cmake_prefix_path')
[0.130s] INFO:colcon.colcon_core.shell:Creating environment hook '/home/khaled-ahmed-elwan/ros2_arm_ws/install/robot_arm_description/share/robot_arm_description/hook/cmake_prefix_path.ps1'
[0.131s] INFO:colcon.colcon_core.shell:Creating environment descriptor '/home/khaled-ahmed-elwan/ros2_arm_ws/install/robot_arm_description/share/robot_arm_description/hook/cmake_prefix_path.dsv'
[0.131s] INFO:colcon.colcon_core.shell:Creating environment hook '/home/khaled-ahmed-elwan/ros2_arm_ws/install/robot_arm_description/share/robot_arm_description/hook/cmake_prefix_path.sh'
[0.131s] Level 1:colcon.colcon_core.environment:checking '/home/khaled-ahmed-elwan/ros2_arm_ws/install/robot_arm_description/bin'
[0.131s] Level 1:colcon.colcon_core.environment:checking '/home/khaled-ahmed-elwan/ros2_arm_ws/install/robot_arm_description/lib/pkgconfig/robot_arm_description.pc'
[0.133s] Level 1:colcon.colcon_core.environment:checking '/home/khaled-ahmed-elwan/ros2_arm_ws/install/robot_arm_description/lib/python3.12/site-packages'
[0.133s] Level 1:colcon.colcon_core.environment:checking '/home/khaled-ahmed-elwan/ros2_arm_ws/install/robot_arm_description/bin'
[0.133s] INFO:colcon.colcon_core.shell:Creating package script '/home/khaled-ahmed-elwan/ros2_arm_ws/install/robot_arm_description/share/robot_arm_description/package.ps1'
[0.134s] INFO:colcon.colcon_core.shell:Creating package descriptor '/home/khaled-ahmed-elwan/ros2_arm_ws/install/robot_arm_description/share/robot_arm_description/package.dsv'
[0.134s] INFO:colcon.colcon_core.shell:Creating package script '/home/khaled-ahmed-elwan/ros2_arm_ws/install/robot_arm_description/share/robot_arm_description/package.sh'
[0.134s] INFO:colcon.colcon_core.shell:Creating package script '/home/khaled-ahmed-elwan/ros2_arm_ws/install/robot_arm_description/share/robot_arm_description/package.bash'
[0.135s] INFO:colcon.colcon_core.shell:Creating package script '/home/khaled-ahmed-elwan/ros2_arm_ws/install/robot_arm_description/share/robot_arm_description/package.zsh'
[0.135s] Level 1:colcon.colcon_core.environment:create_file_with_runtime_dependencies(/home/khaled-ahmed-elwan/ros2_arm_ws/install/robot_arm_description/share/colcon-core/packages/robot_arm_description)
[0.135s] Level 1:colcon.colcon_core.environment:create_environment_scripts_only(robot_arm_description)
[0.135s] Level 1:colcon.colcon_core.environment:checking '/home/khaled-ahmed-elwan/ros2_arm_ws/install/robot_arm_description' for CMake module files
[0.136s] Level 1:colcon.colcon_core.environment:checking '/home/khaled-ahmed-elwan/ros2_arm_ws/install/robot_arm_description' for CMake config files
[0.136s] Level 1:colcon.colcon_core.shell:create_environment_hook('robot_arm_description', 'cmake_prefix_path')
[0.136s] INFO:colcon.colcon_core.shell:Creating environment hook '/home/khaled-ahmed-elwan/ros2_arm_ws/install/robot_arm_description/share/robot_arm_description/hook/cmake_prefix_path.ps1'
[0.136s] INFO:colcon.colcon_core.shell:Creating environment descriptor '/home/khaled-ahmed-elwan/ros2_arm_ws/install/robot_arm_description/share/robot_arm_description/hook/cmake_prefix_path.dsv'
[0.136s] INFO:colcon.colcon_core.shell:Creating environment hook '/home/khaled-ahmed-elwan/ros2_arm_ws/install/robot_arm_description/share/robot_arm_description/hook/cmake_prefix_path.sh'
[0.137s] Level 1:colcon.colcon_core.environment:checking '/home/khaled-ahmed-elwan/ros2_arm_ws/install/robot_arm_description/bin'
[0.137s] Level 1:colcon.colcon_core.environment:checking '/home/khaled-ahmed-elwan/ros2_arm_ws/install/robot_arm_description/lib/pkgconfig/robot_arm_description.pc'
[0.137s] Level 1:colcon.colcon_core.environment:checking '/home/khaled-ahmed-elwan/ros2_arm_ws/install/robot_arm_description/lib/python3.12/site-packages'
[0.137s] Level 1:colcon.colcon_core.environment:checking '/home/khaled-ahmed-elwan/ros2_arm_ws/install/robot_arm_description/bin'
[0.137s] INFO:colcon.colcon_core.shell:Creating package script '/home/khaled-ahmed-elwan/ros2_arm_ws/install/robot_arm_description/share/robot_arm_description/package.ps1'
[0.137s] INFO:colcon.colcon_core.shell:Creating package descriptor '/home/khaled-ahmed-elwan/ros2_arm_ws/install/robot_arm_description/share/robot_arm_description/package.dsv'
[0.138s] INFO:colcon.colcon_core.shell:Creating package script '/home/khaled-ahmed-elwan/ros2_arm_ws/install/robot_arm_description/share/robot_arm_description/package.sh'
[0.138s] INFO:colcon.colcon_core.shell:Creating package script '/home/khaled-ahmed-elwan/ros2_arm_ws/install/robot_arm_description/share/robot_arm_description/package.bash'
[0.138s] INFO:colcon.colcon_core.shell:Creating package script '/home/khaled-ahmed-elwan/ros2_arm_ws/install/robot_arm_description/share/robot_arm_description/package.zsh'
[0.139s] Level 1:colcon.colcon_core.environment:create_file_with_runtime_dependencies(/home/khaled-ahmed-elwan/ros2_arm_ws/install/robot_arm_description/share/colcon-core/packages/robot_arm_description)
[0.139s] INFO:colcon.colcon_ros.task.ament_cmake.build:Building ROS package in '/home/khaled-ahmed-elwan/ros2_arm_ws/src/robot_arm_moveit_config' with build type 'ament_cmake'
[0.139s] INFO:colcon.colcon_cmake.task.cmake.build:Building CMake package in '/home/khaled-ahmed-elwan/ros2_arm_ws/src/robot_arm_moveit_config'
[0.139s] INFO:colcon.colcon_core.shell:Skip shell extension 'powershell' for command environment: Not usable outside of PowerShell
[0.139s] DEBUG:colcon.colcon_core.shell:Skip shell extension 'dsv' for command environment
[0.141s] Level 1:colcon.colcon_core.environment:create_environment_scripts_only(robot_arm_urdf)
[0.141s] Level 1:colcon.colcon_core.environment:checking '/home/khaled-ahmed-elwan/ros2_arm_ws/install/robot_arm_urdf' for CMake module files
[0.141s] DEBUG:colcon.colcon_core.event_handler.log_command:Invoked command in '/home/khaled-ahmed-elwan/ros2_arm_ws/build/robot_arm_urdf' returned '0': DEBUGINFOD_URLS=https://debuginfod.ubuntu.com /opt/st/stm32cubeclt_1.21.0/CMake/bin/cmake --install /home/khaled-ahmed-elwan/ros2_arm_ws/build/robot_arm_urdf
[0.141s] Level 1:colcon.colcon_core.environment:checking '/home/khaled-ahmed-elwan/ros2_arm_ws/install/robot_arm_urdf' for CMake config files
[0.142s] Level 1:colcon.colcon_core.shell:create_environment_hook('robot_arm_urdf', 'cmake_prefix_path')
[0.142s] INFO:colcon.colcon_core.shell:Creating environment hook '/home/khaled-ahmed-elwan/ros2_arm_ws/install/robot_arm_urdf/share/robot_arm_urdf/hook/cmake_prefix_path.ps1'
[0.142s] INFO:colcon.colcon_core.shell:Creating environment descriptor '/home/khaled-ahmed-elwan/ros2_arm_ws/install/robot_arm_urdf/share/robot_arm_urdf/hook/cmake_prefix_path.dsv'
[0.142s] INFO:colcon.colcon_core.shell:Creating environment hook '/home/khaled-ahmed-elwan/ros2_arm_ws/install/robot_arm_urdf/share/robot_arm_urdf/hook/cmake_prefix_path.sh'
[0.143s] Level 1:colcon.colcon_core.environment:checking '/home/khaled-ahmed-elwan/ros2_arm_ws/install/robot_arm_urdf/bin'
[0.143s] Level 1:colcon.colcon_core.environment:checking '/home/khaled-ahmed-elwan/ros2_arm_ws/install/robot_arm_urdf/lib/pkgconfig/robot_arm_urdf.pc'
[0.143s] Level 1:colcon.colcon_core.environment:checking '/home/khaled-ahmed-elwan/ros2_arm_ws/install/robot_arm_urdf/lib/python3.12/site-packages'
[0.143s] Level 1:colcon.colcon_core.environment:checking '/home/khaled-ahmed-elwan/ros2_arm_ws/install/robot_arm_urdf/bin'
[0.143s] INFO:colcon.colcon_core.shell:Creating package script '/home/khaled-ahmed-elwan/ros2_arm_ws/install/robot_arm_urdf/share/robot_arm_urdf/package.ps1'
[0.144s] INFO:colcon.colcon_core.shell:Creating package descriptor '/home/khaled-ahmed-elwan/ros2_arm_ws/install/robot_arm_urdf/share/robot_arm_urdf/package.dsv'
[0.144s] INFO:colcon.colcon_core.shell:Creating package script '/home/khaled-ahmed-elwan/ros2_arm_ws/install/robot_arm_urdf/share/robot_arm_urdf/package.sh'
[0.144s] INFO:colcon.colcon_core.shell:Creating package script '/home/khaled-ahmed-elwan/ros2_arm_ws/install/robot_arm_urdf/share/robot_arm_urdf/package.bash'
[0.144s] INFO:colcon.colcon_core.shell:Creating package script '/home/khaled-ahmed-elwan/ros2_arm_ws/install/robot_arm_urdf/share/robot_arm_urdf/package.zsh'
[0.144s] Level 1:colcon.colcon_core.environment:create_file_with_runtime_dependencies(/home/khaled-ahmed-elwan/ros2_arm_ws/install/robot_arm_urdf/share/colcon-core/packages/robot_arm_urdf)
[0.145s] Level 1:colcon.colcon_core.environment:create_environment_scripts_only(robot_arm_urdf)
[0.145s] Level 1:colcon.colcon_core.environment:checking '/home/khaled-ahmed-elwan/ros2_arm_ws/install/robot_arm_urdf' for CMake module files
[0.145s] Level 1:colcon.colcon_core.environment:checking '/home/khaled-ahmed-elwan/ros2_arm_ws/install/robot_arm_urdf' for CMake config files
[0.145s] Level 1:colcon.colcon_core.shell:create_environment_hook('robot_arm_urdf', 'cmake_prefix_path')
[0.145s] INFO:colcon.colcon_core.shell:Creating environment hook '/home/khaled-ahmed-elwan/ros2_arm_ws/install/robot_arm_urdf/share/robot_arm_urdf/hook/cmake_prefix_path.ps1'
[0.145s] INFO:colcon.colcon_core.shell:Creating environment descriptor '/home/khaled-ahmed-elwan/ros2_arm_ws/install/robot_arm_urdf/share/robot_arm_urdf/hook/cmake_prefix_path.dsv'
[0.145s] INFO:colcon.colcon_core.shell:Creating environment hook '/home/khaled-ahmed-elwan/ros2_arm_ws/install/robot_arm_urdf/share/robot_arm_urdf/hook/cmake_prefix_path.sh'
[0.146s] Level 1:colcon.colcon_core.environment:checking '/home/khaled-ahmed-elwan/ros2_arm_ws/install/robot_arm_urdf/bin'
[0.146s] Level 1:colcon.colcon_core.environment:checking '/home/khaled-ahmed-elwan/ros2_arm_ws/install/robot_arm_urdf/lib/pkgconfig/robot_arm_urdf.pc'
[0.146s] Level 1:colcon.colcon_core.environment:checking '/home/khaled-ahmed-elwan/ros2_arm_ws/install/robot_arm_urdf/lib/python3.12/site-packages'
[0.146s] Level 1:colcon.colcon_core.environment:checking '/home/khaled-ahmed-elwan/ros2_arm_ws/install/robot_arm_urdf/bin'
[0.146s] INFO:colcon.colcon_core.shell:Creating package script '/home/khaled-ahmed-elwan/ros2_arm_ws/install/robot_arm_urdf/share/robot_arm_urdf/package.ps1'
[0.147s] INFO:colcon.colcon_core.shell:Creating package descriptor '/home/khaled-ahmed-elwan/ros2_arm_ws/install/robot_arm_urdf/share/robot_arm_urdf/package.dsv'
[0.147s] INFO:colcon.colcon_core.shell:Creating package script '/home/khaled-ahmed-elwan/ros2_arm_ws/install/robot_arm_urdf/share/robot_arm_urdf/package.sh'
[0.147s] INFO:colcon.colcon_core.shell:Creating package script '/home/khaled-ahmed-elwan/ros2_arm_ws/install/robot_arm_urdf/share/robot_arm_urdf/package.bash'
[0.147s] INFO:colcon.colcon_core.shell:Creating package script '/home/khaled-ahmed-elwan/ros2_arm_ws/install/robot_arm_urdf/share/robot_arm_urdf/package.zsh'
[0.147s] Level 1:colcon.colcon_core.environment:create_file_with_runtime_dependencies(/home/khaled-ahmed-elwan/ros2_arm_ws/install/robot_arm_urdf/share/colcon-core/packages/robot_arm_urdf)
[0.149s] DEBUG:colcon.colcon_core.event_handler.log_command:Invoking command in '/home/khaled-ahmed-elwan/ros2_arm_ws/build/robot_arm_moveit_config': AMENT_PREFIX_PATH=/home/khaled-ahmed-elwan/ros2_arm_ws/install/robot_arm_description CMAKE_PREFIX_PATH=/home/khaled-ahmed-elwan/ros2_arm_ws/install/robot_arm_description DEBUGINFOD_URLS=https://debuginfod.ubuntu.com /opt/st/stm32cubeclt_1.21.0/CMake/bin/cmake --build /home/khaled-ahmed-elwan/ros2_arm_ws/build/robot_arm_moveit_config -- -j16 -l16
[0.160s] DEBUG:colcon.colcon_core.event_handler.log_command:Invoked command in '/home/khaled-ahmed-elwan/ros2_arm_ws/build/robot_arm_moveit_config' returned '0': AMENT_PREFIX_PATH=/home/khaled-ahmed-elwan/ros2_arm_ws/install/robot_arm_description CMAKE_PREFIX_PATH=/home/khaled-ahmed-elwan/ros2_arm_ws/install/robot_arm_description DEBUGINFOD_URLS=https://debuginfod.ubuntu.com /opt/st/stm32cubeclt_1.21.0/CMake/bin/cmake --build /home/khaled-ahmed-elwan/ros2_arm_ws/build/robot_arm_moveit_config -- -j16 -l16
[0.160s] DEBUG:colcon.colcon_core.event_handler.log_command:Invoking command in '/home/khaled-ahmed-elwan/ros2_arm_ws/build/robot_arm_moveit_config': AMENT_PREFIX_PATH=/home/khaled-ahmed-elwan/ros2_arm_ws/install/robot_arm_description CMAKE_PREFIX_PATH=/home/khaled-ahmed-elwan/ros2_arm_ws/install/robot_arm_description DEBUGINFOD_URLS=https://debuginfod.ubuntu.com /opt/st/stm32cubeclt_1.21.0/CMake/bin/cmake --install /home/khaled-ahmed-elwan/ros2_arm_ws/build/robot_arm_moveit_config
[0.164s] Level 1:colcon.colcon_core.environment:create_environment_scripts_only(robot_arm_moveit_config)
[0.164s] Level 1:colcon.colcon_core.environment:checking '/home/khaled-ahmed-elwan/ros2_arm_ws/install/robot_arm_moveit_config' for CMake module files
[0.164s] DEBUG:colcon.colcon_core.event_handler.log_command:Invoked command in '/home/khaled-ahmed-elwan/ros2_arm_ws/build/robot_arm_moveit_config' returned '0': AMENT_PREFIX_PATH=/home/khaled-ahmed-elwan/ros2_arm_ws/install/robot_arm_description CMAKE_PREFIX_PATH=/home/khaled-ahmed-elwan/ros2_arm_ws/install/robot_arm_description DEBUGINFOD_URLS=https://debuginfod.ubuntu.com /opt/st/stm32cubeclt_1.21.0/CMake/bin/cmake --install /home/khaled-ahmed-elwan/ros2_arm_ws/build/robot_arm_moveit_config
[0.165s] Level 1:colcon.colcon_core.environment:checking '/home/khaled-ahmed-elwan/ros2_arm_ws/install/robot_arm_moveit_config' for CMake config files
[0.165s] Level 1:colcon.colcon_core.shell:create_environment_hook('robot_arm_moveit_config', 'cmake_prefix_path')
[0.165s] INFO:colcon.colcon_core.shell:Creating environment hook '/home/khaled-ahmed-elwan/ros2_arm_ws/install/robot_arm_moveit_config/share/robot_arm_moveit_config/hook/cmake_prefix_path.ps1'
[0.166s] INFO:colcon.colcon_core.shell:Creating environment descriptor '/home/khaled-ahmed-elwan/ros2_arm_ws/install/robot_arm_moveit_config/share/robot_arm_moveit_config/hook/cmake_prefix_path.dsv'
[0.166s] INFO:colcon.colcon_core.shell:Creating environment hook '/home/khaled-ahmed-elwan/ros2_arm_ws/install/robot_arm_moveit_config/share/robot_arm_moveit_config/hook/cmake_prefix_path.sh'
[0.166s] Level 1:colcon.colcon_core.environment:checking '/home/khaled-ahmed-elwan/ros2_arm_ws/install/robot_arm_moveit_config/bin'
[0.166s] Level 1:colcon.colcon_core.environment:checking '/home/khaled-ahmed-elwan/ros2_arm_ws/install/robot_arm_moveit_config/lib/pkgconfig/robot_arm_moveit_config.pc'
[0.166s] Level 1:colcon.colcon_core.environment:checking '/home/khaled-ahmed-elwan/ros2_arm_ws/install/robot_arm_moveit_config/lib/python3.12/site-packages'
[0.166s] Level 1:colcon.colcon_core.environment:checking '/home/khaled-ahmed-elwan/ros2_arm_ws/install/robot_arm_moveit_config/bin'
[0.167s] INFO:colcon.colcon_core.shell:Creating package script '/home/khaled-ahmed-elwan/ros2_arm_ws/install/robot_arm_moveit_config/share/robot_arm_moveit_config/package.ps1'
[0.167s] INFO:colcon.colcon_core.shell:Creating package descriptor '/home/khaled-ahmed-elwan/ros2_arm_ws/install/robot_arm_moveit_config/share/robot_arm_moveit_config/package.dsv'
[0.167s] INFO:colcon.colcon_core.shell:Creating package script '/home/khaled-ahmed-elwan/ros2_arm_ws/install/robot_arm_moveit_config/share/robot_arm_moveit_config/package.sh'
[0.167s] INFO:colcon.colcon_core.shell:Creating package script '/home/khaled-ahmed-elwan/ros2_arm_ws/install/robot_arm_moveit_config/share/robot_arm_moveit_config/package.bash'
[0.167s] INFO:colcon.colcon_core.shell:Creating package script '/home/khaled-ahmed-elwan/ros2_arm_ws/install/robot_arm_moveit_config/share/robot_arm_moveit_config/package.zsh'
[0.168s] Level 1:colcon.colcon_core.environment:create_file_with_runtime_dependencies(/home/khaled-ahmed-elwan/ros2_arm_ws/install/robot_arm_moveit_config/share/colcon-core/packages/robot_arm_moveit_config)
[0.168s] Level 1:colcon.colcon_core.environment:create_environment_scripts_only(robot_arm_moveit_config)
[0.168s] Level 1:colcon.colcon_core.environment:checking '/home/khaled-ahmed-elwan/ros2_arm_ws/install/robot_arm_moveit_config' for CMake module files
[0.168s] Level 1:colcon.colcon_core.environment:checking '/home/khaled-ahmed-elwan/ros2_arm_ws/install/robot_arm_moveit_config' for CMake config files
[0.168s] Level 1:colcon.colcon_core.shell:create_environment_hook('robot_arm_moveit_config', 'cmake_prefix_path')
[0.168s] INFO:colcon.colcon_core.shell:Creating environment hook '/home/khaled-ahmed-elwan/ros2_arm_ws/install/robot_arm_moveit_config/share/robot_arm_moveit_config/hook/cmake_prefix_path.ps1'
[0.168s] INFO:colcon.colcon_core.shell:Creating environment descriptor '/home/khaled-ahmed-elwan/ros2_arm_ws/install/robot_arm_moveit_config/share/robot_arm_moveit_config/hook/cmake_prefix_path.dsv'
[0.169s] INFO:colcon.colcon_core.shell:Creating environment hook '/home/khaled-ahmed-elwan/ros2_arm_ws/install/robot_arm_moveit_config/share/robot_arm_moveit_config/hook/cmake_prefix_path.sh'
[0.169s] Level 1:colcon.colcon_core.environment:checking '/home/khaled-ahmed-elwan/ros2_arm_ws/install/robot_arm_moveit_config/bin'
[0.169s] Level 1:colcon.colcon_core.environment:checking '/home/khaled-ahmed-elwan/ros2_arm_ws/install/robot_arm_moveit_config/lib/pkgconfig/robot_arm_moveit_config.pc'
[0.169s] Level 1:colcon.colcon_core.environment:checking '/home/khaled-ahmed-elwan/ros2_arm_ws/install/robot_arm_moveit_config/lib/python3.12/site-packages'
[0.169s] Level 1:colcon.colcon_core.environment:checking '/home/khaled-ahmed-elwan/ros2_arm_ws/install/robot_arm_moveit_config/bin'
[0.169s] INFO:colcon.colcon_core.shell:Creating package script '/home/khaled-ahmed-elwan/ros2_arm_ws/install/robot_arm_moveit_config/share/robot_arm_moveit_config/package.ps1'
[0.170s] INFO:colcon.colcon_core.shell:Creating package descriptor '/home/khaled-ahmed-elwan/ros2_arm_ws/install/robot_arm_moveit_config/share/robot_arm_moveit_config/package.dsv'
[0.170s] INFO:colcon.colcon_core.shell:Creating package script '/home/khaled-ahmed-elwan/ros2_arm_ws/install/robot_arm_moveit_config/share/robot_arm_moveit_config/package.sh'
[0.170s] INFO:colcon.colcon_core.shell:Creating package script '/home/khaled-ahmed-elwan/ros2_arm_ws/install/robot_arm_moveit_config/share/robot_arm_moveit_config/package.bash'
[0.170s] INFO:colcon.colcon_core.shell:Creating package script '/home/khaled-ahmed-elwan/ros2_arm_ws/install/robot_arm_moveit_config/share/robot_arm_moveit_config/package.zsh'
[0.171s] Level 1:colcon.colcon_core.environment:create_file_with_runtime_dependencies(/home/khaled-ahmed-elwan/ros2_arm_ws/install/robot_arm_moveit_config/share/colcon-core/packages/robot_arm_moveit_config)
[0.171s] DEBUG:colcon.colcon_parallel_executor.executor.parallel:closing loop
[0.171s] DEBUG:colcon.colcon_parallel_executor.executor.parallel:loop closed
[0.171s] DEBUG:colcon.colcon_parallel_executor.executor.parallel:run_until_complete finished with '0'
[0.171s] DEBUG:colcon.colcon_core.event_reactor:joining thread
[0.174s] INFO:colcon.colcon_core.plugin_system:Skipping extension 'colcon_notification.desktop_notification.terminal_notifier': Not used on non-Darwin systems
[0.174s] INFO:colcon.colcon_core.plugin_system:Skipping extension 'colcon_notification.desktop_notification.win32': Not used on non-Windows systems
[0.174s] INFO:colcon.colcon_notification.desktop_notification:Sending desktop notification using 'notify2'
[0.185s] DEBUG:colcon.colcon_core.event_reactor:joined thread
[0.185s] INFO:colcon.colcon_core.shell:Creating prefix script '/home/khaled-ahmed-elwan/ros2_arm_ws/install/local_setup.ps1'
[0.186s] INFO:colcon.colcon_core.shell:Creating prefix util module '/home/khaled-ahmed-elwan/ros2_arm_ws/install/_local_setup_util_ps1.py'
[0.186s] INFO:colcon.colcon_core.shell:Creating prefix chain script '/home/khaled-ahmed-elwan/ros2_arm_ws/install/setup.ps1'
[0.187s] INFO:colcon.colcon_core.shell:Creating prefix script '/home/khaled-ahmed-elwan/ros2_arm_ws/install/local_setup.sh'
[0.187s] INFO:colcon.colcon_core.shell:Creating prefix util module '/home/khaled-ahmed-elwan/ros2_arm_ws/install/_local_setup_util_sh.py'
[0.187s] INFO:colcon.colcon_core.shell:Creating prefix chain script '/home/khaled-ahmed-elwan/ros2_arm_ws/install/setup.sh'
[0.188s] INFO:colcon.colcon_core.shell:Creating prefix script '/home/khaled-ahmed-elwan/ros2_arm_ws/install/local_setup.bash'
[0.188s] INFO:colcon.colcon_core.shell:Creating prefix chain script '/home/khaled-ahmed-elwan/ros2_arm_ws/install/setup.bash'
[0.188s] INFO:colcon.colcon_core.shell:Creating prefix script '/home/khaled-ahmed-elwan/ros2_arm_ws/install/local_setup.zsh'
[0.188s] INFO:colcon.colcon_core.shell:Creating prefix chain script '/home/khaled-ahmed-elwan/ros2_arm_ws/install/setup.zsh'
