-- Install configuration: ""
-- Up-to-date: /home/khaled-ahmed-elwan/ros2_arm_ws/install/robot_arm_urdf/share/robot_arm_urdf/meshes
-- Up-to-date: /home/khaled-ahmed-elwan/ros2_arm_ws/install/robot_arm_urdf/share/robot_arm_urdf/meshes/hand2.STL
-- Up-to-date: /home/khaled-ahmed-elwan/ros2_arm_ws/install/robot_arm_urdf/share/robot_arm_urdf/meshes/follower-gear.STL
-- Up-to-date: /home/khaled-ahmed-elwan/ros2_arm_ws/install/robot_arm_urdf/share/robot_arm_urdf/meshes/gripper.STL
-- Up-to-date: /home/khaled-ahmed-elwan/ros2_arm_ws/install/robot_arm_urdf/share/robot_arm_urdf/meshes/shoulder.STL
-- Up-to-date: /home/khaled-ahmed-elwan/ros2_arm_ws/install/robot_arm_urdf/share/robot_arm_urdf/meshes/hand1.STL
-- Up-to-date: /home/khaled-ahmed-elwan/ros2_arm_ws/install/robot_arm_urdf/share/robot_arm_urdf/meshes/pitch.STL
-- Up-to-date: /home/khaled-ahmed-elwan/ros2_arm_ws/install/robot_arm_urdf/share/robot_arm_urdf/meshes/rest.STL
-- Up-to-date: /home/khaled-ahmed-elwan/ros2_arm_ws/install/robot_arm_urdf/share/robot_arm_urdf/meshes/rolling.STL
-- Up-to-date: /home/khaled-ahmed-elwan/ros2_arm_ws/install/robot_arm_urdf/share/robot_arm_urdf/meshes/link2.STL
-- Up-to-date: /home/khaled-ahmed-elwan/ros2_arm_ws/install/robot_arm_urdf/share/robot_arm_urdf/meshes/base_link.STL
-- Up-to-date: /home/khaled-ahmed-elwan/ros2_arm_ws/install/robot_arm_urdf/share/robot_arm_urdf/meshes/link1.STL
-- Up-to-date: /home/khaled-ahmed-elwan/ros2_arm_ws/install/robot_arm_urdf/share/robot_arm_urdf/meshes/elbow.STL
-- Installing: /home/khaled-ahmed-elwan/ros2_arm_ws/install/robot_arm_urdf/share/robot_arm_urdf/urdf
-- Installing: /home/khaled-ahmed-elwan/ros2_arm_ws/install/robot_arm_urdf/share/robot_arm_urdf/urdf/robot_arm.urdf
-- Installing: /home/khaled-ahmed-elwan/ros2_arm_ws/install/robot_arm_urdf/share/robot_arm_urdf/urdf/package.xml
-- Installing: /home/khaled-ahmed-elwan/ros2_arm_ws/install/robot_arm_urdf/share/robot_arm_urdf/urdf/URDF.csv
-- Installing: /home/khaled-ahmed-elwan/ros2_arm_ws/install/robot_arm_urdf/share/robot_arm_urdf/urdf/CMakeLists.txt
-- Installing: /home/khaled-ahmed-elwan/ros2_arm_ws/install/robot_arm_urdf/share/robot_arm_urdf/urdf/launch
-- Installing: /home/khaled-ahmed-elwan/ros2_arm_ws/install/robot_arm_urdf/share/robot_arm_urdf/urdf/launch/gazebo.launch
-- Installing: /home/khaled-ahmed-elwan/ros2_arm_ws/install/robot_arm_urdf/share/robot_arm_urdf/urdf/launch/display.launch
-- Installing: /home/khaled-ahmed-elwan/ros2_arm_ws/install/robot_arm_urdf/share/robot_arm_urdf/urdf/export.log
-- Installing: /home/khaled-ahmed-elwan/ros2_arm_ws/install/robot_arm_urdf/share/robot_arm_urdf/urdf/config
-- Installing: /home/khaled-ahmed-elwan/ros2_arm_ws/install/robot_arm_urdf/share/robot_arm_urdf/urdf/config/joint_names_URDF.yaml
-- Installing: /home/khaled-ahmed-elwan/ros2_arm_ws/install/robot_arm_urdf/share/robot_arm_urdf/urdf/meshes
-- Installing: /home/khaled-ahmed-elwan/ros2_arm_ws/install/robot_arm_urdf/share/robot_arm_urdf/urdf/meshes/hand2.STL
-- Installing: /home/khaled-ahmed-elwan/ros2_arm_ws/install/robot_arm_urdf/share/robot_arm_urdf/urdf/meshes/follower-gear.STL
-- Installing: /home/khaled-ahmed-elwan/ros2_arm_ws/install/robot_arm_urdf/share/robot_arm_urdf/urdf/meshes/gripper.STL
-- Installing: /home/khaled-ahmed-elwan/ros2_arm_ws/install/robot_arm_urdf/share/robot_arm_urdf/urdf/meshes/shoulder.STL
-- Installing: /home/khaled-ahmed-elwan/ros2_arm_ws/install/robot_arm_urdf/share/robot_arm_urdf/urdf/meshes/hand1.STL
-- Installing: /home/khaled-ahmed-elwan/ros2_arm_ws/install/robot_arm_urdf/share/robot_arm_urdf/urdf/meshes/pitch.STL
-- Installing: /home/khaled-ahmed-elwan/ros2_arm_ws/install/robot_arm_urdf/share/robot_arm_urdf/urdf/meshes/rest.STL
-- Installing: /home/khaled-ahmed-elwan/ros2_arm_ws/install/robot_arm_urdf/share/robot_arm_urdf/urdf/meshes/rolling.STL
-- Installing: /home/khaled-ahmed-elwan/ros2_arm_ws/install/robot_arm_urdf/share/robot_arm_urdf/urdf/meshes/link2.STL
-- Installing: /home/khaled-ahmed-elwan/ros2_arm_ws/install/robot_arm_urdf/share/robot_arm_urdf/urdf/meshes/base_link.STL
-- Installing: /home/khaled-ahmed-elwan/ros2_arm_ws/install/robot_arm_urdf/share/robot_arm_urdf/urdf/meshes/link1.STL
-- Installing: /home/khaled-ahmed-elwan/ros2_arm_ws/install/robot_arm_urdf/share/robot_arm_urdf/urdf/meshes/elbow.STL
-- Installing: /home/khaled-ahmed-elwan/ros2_arm_ws/install/robot_arm_urdf/share/robot_arm_urdf/urdf/urdf
-- Installing: /home/khaled-ahmed-elwan/ros2_arm_ws/install/robot_arm_urdf/share/robot_arm_urdf/urdf/urdf/URDF.csv
-- Installing: /home/khaled-ahmed-elwan/ros2_arm_ws/install/robot_arm_urdf/share/robot_arm_urdf/urdf/urdf/URDF.urdf
-- Installing: /home/khaled-ahmed-elwan/ros2_arm_ws/install/robot_arm_urdf/share/robot_arm_urdf/urdf/textures
-- Installing: /home/khaled-ahmed-elwan/ros2_arm_ws/install/robot_arm_urdf/share/robot_arm_urdf/config
-- Installing: /home/khaled-ahmed-elwan/ros2_arm_ws/install/robot_arm_urdf/share/robot_arm_urdf/launch
-- Installing: /home/khaled-ahmed-elwan/ros2_arm_ws/install/robot_arm_urdf/share/robot_arm_urdf/launch/display.launch.py
-- Installing: /home/khaled-ahmed-elwan/ros2_arm_ws/install/robot_arm_urdf/share/ament_index/resource_index/package_run_dependencies/robot_arm_urdf
-- Installing: /home/khaled-ahmed-elwan/ros2_arm_ws/install/robot_arm_urdf/share/ament_index/resource_index/parent_prefix_path/robot_arm_urdf
-- Installing: /home/khaled-ahmed-elwan/ros2_arm_ws/install/robot_arm_urdf/share/robot_arm_urdf/environment/ament_prefix_path.sh
-- Installing: /home/khaled-ahmed-elwan/ros2_arm_ws/install/robot_arm_urdf/share/robot_arm_urdf/environment/ament_prefix_path.dsv
-- Installing: /home/khaled-ahmed-elwan/ros2_arm_ws/install/robot_arm_urdf/share/robot_arm_urdf/environment/path.sh
-- Installing: /home/khaled-ahmed-elwan/ros2_arm_ws/install/robot_arm_urdf/share/robot_arm_urdf/environment/path.dsv
-- Installing: /home/khaled-ahmed-elwan/ros2_arm_ws/install/robot_arm_urdf/share/robot_arm_urdf/local_setup.bash
-- Installing: /home/khaled-ahmed-elwan/ros2_arm_ws/install/robot_arm_urdf/share/robot_arm_urdf/local_setup.sh
-- Installing: /home/khaled-ahmed-elwan/ros2_arm_ws/install/robot_arm_urdf/share/robot_arm_urdf/local_setup.zsh
-- Installing: /home/khaled-ahmed-elwan/ros2_arm_ws/install/robot_arm_urdf/share/robot_arm_urdf/local_setup.dsv
-- Installing: /home/khaled-ahmed-elwan/ros2_arm_ws/install/robot_arm_urdf/share/robot_arm_urdf/package.dsv
-- Installing: /home/khaled-ahmed-elwan/ros2_arm_ws/install/robot_arm_urdf/share/ament_index/resource_index/packages/robot_arm_urdf
-- Installing: /home/khaled-ahmed-elwan/ros2_arm_ws/install/robot_arm_urdf/share/robot_arm_urdf/cmake/robot_arm_urdfConfig.cmake
-- Installing: /home/khaled-ahmed-elwan/ros2_arm_ws/install/robot_arm_urdf/share/robot_arm_urdf/cmake/robot_arm_urdfConfig-version.cmake
-- Installing: /home/khaled-ahmed-elwan/ros2_arm_ws/install/robot_arm_urdf/share/robot_arm_urdf/package.xml
