[0.149s] DEBUG:colcon:Command line arguments: ['/usr/bin/colcon', 'build']
[0.149s] DEBUG:colcon:Parsed command line arguments: Namespace(log_base=None, log_level=None, verb_name='build', build_base='build', install_base='install', merge_install=False, symlink_install=False, test_result_base=None, continue_on_error=False, executor='parallel', parallel_workers=16, event_handlers=None, ignore_user_meta=False, metas=['./colcon.meta'], base_paths=['.'], packages_ignore=None, packages_ignore_regex=None, paths=None, packages_up_to=None, packages_up_to_regex=None, packages_above=None, packages_above_and_dependencies=None, packages_above_depth=None, packages_select_by_dep=None, packages_skip_by_dep=None, packages_skip_up_to=None, packages_select_build_failed=False, packages_skip_build_finished=False, packages_select_test_failures=False, packages_skip_test_passed=False, packages_select=None, packages_skip=None, packages_select_regex=None, packages_skip_regex=None, packages_start=None, packages_end=None, allow_overriding=[], cmake_args=None, cmake_target=None, cmake_target_skip_unavailable=False, cmake_clean_cache=False, cmake_clean_first=False, cmake_force_configure=False, ament_cmake_args=None, catkin_cmake_args=None, catkin_skip_building_tests=False, verb_parser=<colcon_defaults.argument_parser.defaults.DefaultArgumentsDecorator object at 0x77f3f41766c0>, verb_extension=<colcon_core.verb.build.BuildVerb object at 0x77f3f4176360>, main=<bound method BuildVerb.main of <colcon_core.verb.build.BuildVerb object at 0x77f3f4176360>>)
[0.183s] Level 1:colcon.colcon_core.package_discovery:discover_packages(colcon_meta) check parameters
[0.183s] Level 1:colcon.colcon_core.package_discovery:discover_packages(recursive) check parameters
[0.183s] Level 1:colcon.colcon_core.package_discovery:discover_packages(ignore) check parameters
[0.183s] Level 1:colcon.colcon_core.package_discovery:discover_packages(path) check parameters
[0.183s] Level 1:colcon.colcon_core.package_discovery:discover_packages(colcon_meta) discover
[0.183s] Level 1:colcon.colcon_core.package_discovery:discover_packages(recursive) discover
[0.183s] INFO:colcon.colcon_core.package_discovery:Crawling recursively for packages in '/home/khaled-ahmed-elwan/ros2_arm_ws'
[0.183s] Level 1:colcon.colcon_core.package_identification:_identify(.) by extensions ['ignore', 'ignore_ament_install']
[0.183s] Level 1:colcon.colcon_core.package_identification:_identify(.) by extension 'ignore'
[0.183s] Level 1:colcon.colcon_core.package_identification:_identify(.) by extension 'ignore_ament_install'
[0.183s] Level 1:colcon.colcon_core.package_identification:_identify(.) by extensions ['colcon_pkg']
[0.183s] Level 1:colcon.colcon_core.package_identification:_identify(.) by extension 'colcon_pkg'
[0.183s] Level 1:colcon.colcon_core.package_identification:_identify(.) by extensions ['colcon_meta']
[0.183s] Level 1:colcon.colcon_core.package_identification:_identify(.) by extension 'colcon_meta'
[0.183s] Level 1:colcon.colcon_core.package_identification:_identify(.) by extensions ['ros']
[0.183s] Level 1:colcon.colcon_core.package_identification:_identify(.) by extension 'ros'
[0.206s] Level 1:colcon.colcon_core.package_identification:_identify(.) by extensions ['cmake', 'python']
[0.206s] Level 1:colcon.colcon_core.package_identification:_identify(.) by extension 'cmake'
[0.206s] Level 1:colcon.colcon_core.package_identification:_identify(.) by extension 'python'
[0.206s] Level 1:colcon.colcon_core.package_identification:_identify(.) by extensions ['python_setup_py']
[0.206s] Level 1:colcon.colcon_core.package_identification:_identify(.) by extension 'python_setup_py'
[0.207s] Level 1:colcon.colcon_core.package_identification:_identify(build) by extensions ['ignore', 'ignore_ament_install']
[0.207s] Level 1:colcon.colcon_core.package_identification:_identify(build) by extension 'ignore'
[0.207s] Level 1:colcon.colcon_core.package_identification:_identify(build) ignored
[0.207s] Level 1:colcon.colcon_core.package_identification:_identify(install) by extensions ['ignore', 'ignore_ament_install']
[0.207s] Level 1:colcon.colcon_core.package_identification:_identify(install) by extension 'ignore'
[0.207s] Level 1:colcon.colcon_core.package_identification:_identify(install) ignored
[0.207s] Level 1:colcon.colcon_core.package_identification:_identify(log) by extensions ['ignore', 'ignore_ament_install']
[0.207s] Level 1:colcon.colcon_core.package_identification:_identify(log) by extension 'ignore'
[0.207s] Level 1:colcon.colcon_core.package_identification:_identify(log) ignored
[0.207s] Level 1:colcon.colcon_core.package_identification:_identify(src) by extensions ['ignore', 'ignore_ament_install']
[0.207s] Level 1:colcon.colcon_core.package_identification:_identify(src) by extension 'ignore'
[0.207s] Level 1:colcon.colcon_core.package_identification:_identify(src) by extension 'ignore_ament_install'
[0.207s] Level 1:colcon.colcon_core.package_identification:_identify(src) by extensions ['colcon_pkg']
[0.207s] Level 1:colcon.colcon_core.package_identification:_identify(src) by extension 'colcon_pkg'
[0.207s] Level 1:colcon.colcon_core.package_identification:_identify(src) by extensions ['colcon_meta']
[0.207s] Level 1:colcon.colcon_core.package_identification:_identify(src) by extension 'colcon_meta'
[0.207s] Level 1:colcon.colcon_core.package_identification:_identify(src) by extensions ['ros']
[0.207s] Level 1:colcon.colcon_core.package_identification:_identify(src) by extension 'ros'
[0.207s] Level 1:colcon.colcon_core.package_identification:_identify(src) by extensions ['cmake', 'python']
[0.207s] Level 1:colcon.colcon_core.package_identification:_identify(src) by extension 'cmake'
[0.207s] Level 1:colcon.colcon_core.package_identification:_identify(src) by extension 'python'
[0.207s] Level 1:colcon.colcon_core.package_identification:_identify(src) by extensions ['python_setup_py']
[0.207s] Level 1:colcon.colcon_core.package_identification:_identify(src) by extension 'python_setup_py'
[0.207s] Level 1:colcon.colcon_core.package_identification:_identify(src/robot_arm_description) by extensions ['ignore', 'ignore_ament_install']
[0.207s] Level 1:colcon.colcon_core.package_identification:_identify(src/robot_arm_description) by extension 'ignore'
[0.207s] Level 1:colcon.colcon_core.package_identification:_identify(src/robot_arm_description) by extension 'ignore_ament_install'
[0.207s] Level 1:colcon.colcon_core.package_identification:_identify(src/robot_arm_description) by extensions ['colcon_pkg']
[0.207s] Level 1:colcon.colcon_core.package_identification:_identify(src/robot_arm_description) by extension 'colcon_pkg'
[0.207s] Level 1:colcon.colcon_core.package_identification:_identify(src/robot_arm_description) by extensions ['colcon_meta']
[0.207s] Level 1:colcon.colcon_core.package_identification:_identify(src/robot_arm_description) by extension 'colcon_meta'
[0.207s] Level 1:colcon.colcon_core.package_identification:_identify(src/robot_arm_description) by extensions ['ros']
[0.207s] Level 1:colcon.colcon_core.package_identification:_identify(src/robot_arm_description) by extension 'ros'
[0.210s] DEBUG:colcon.colcon_core.package_identification:Package 'src/robot_arm_description' with type 'ros.ament_cmake' and name 'robot_arm_description'
[0.211s] Level 1:colcon.colcon_core.package_identification:_identify(src/robot_arm_moveit_config) by extensions ['ignore', 'ignore_ament_install']
[0.211s] Level 1:colcon.colcon_core.package_identification:_identify(src/robot_arm_moveit_config) by extension 'ignore'
[0.211s] Level 1:colcon.colcon_core.package_identification:_identify(src/robot_arm_moveit_config) by extension 'ignore_ament_install'
[0.211s] Level 1:colcon.colcon_core.package_identification:_identify(src/robot_arm_moveit_config) by extensions ['colcon_pkg']
[0.211s] Level 1:colcon.colcon_core.package_identification:_identify(src/robot_arm_moveit_config) by extension 'colcon_pkg'
[0.211s] Level 1:colcon.colcon_core.package_identification:_identify(src/robot_arm_moveit_config) by extensions ['colcon_meta']
[0.211s] Level 1:colcon.colcon_core.package_identification:_identify(src/robot_arm_moveit_config) by extension 'colcon_meta'
[0.211s] Level 1:colcon.colcon_core.package_identification:_identify(src/robot_arm_moveit_config) by extensions ['ros']
[0.211s] Level 1:colcon.colcon_core.package_identification:_identify(src/robot_arm_moveit_config) by extension 'ros'
[0.212s] DEBUG:colcon.colcon_core.package_identification:Package 'src/robot_arm_moveit_config' with type 'ros.ament_cmake' and name 'robot_arm_moveit_config'
[0.212s] Level 1:colcon.colcon_core.package_identification:_identify(src/robot_arm_urdf) by extensions ['ignore', 'ignore_ament_install']
[0.212s] Level 1:colcon.colcon_core.package_identification:_identify(src/robot_arm_urdf) by extension 'ignore'
[0.212s] Level 1:colcon.colcon_core.package_identification:_identify(src/robot_arm_urdf) by extension 'ignore_ament_install'
[0.213s] Level 1:colcon.colcon_core.package_identification:_identify(src/robot_arm_urdf) by extensions ['colcon_pkg']
[0.213s] Level 1:colcon.colcon_core.package_identification:_identify(src/robot_arm_urdf) by extension 'colcon_pkg'
[0.213s] Level 1:colcon.colcon_core.package_identification:_identify(src/robot_arm_urdf) by extensions ['colcon_meta']
[0.213s] Level 1:colcon.colcon_core.package_identification:_identify(src/robot_arm_urdf) by extension 'colcon_meta'
[0.213s] Level 1:colcon.colcon_core.package_identification:_identify(src/robot_arm_urdf) by extensions ['ros']
[0.213s] Level 1:colcon.colcon_core.package_identification:_identify(src/robot_arm_urdf) by extension 'ros'
[0.213s] DEBUG:colcon.colcon_core.package_identification:Package 'src/robot_arm_urdf' with type 'ros.ament_cmake' and name 'robot_arm_urdf'
[0.213s] Level 1:colcon.colcon_core.package_discovery:discover_packages(recursive) using defaults
[0.214s] Level 1:colcon.colcon_core.package_discovery:discover_packages(ignore) discover
[0.214s] Level 1:colcon.colcon_core.package_discovery:discover_packages(ignore) using defaults
[0.214s] Level 1:colcon.colcon_core.package_discovery:discover_packages(path) discover
[0.214s] Level 1:colcon.colcon_core.package_discovery:discover_packages(path) using defaults
[0.240s] Level 1:colcon.colcon_core.package_discovery:discover_packages(prefix_path) check parameters
[0.240s] Level 1:colcon.colcon_core.package_discovery:discover_packages(prefix_path) discover
[0.242s] DEBUG:colcon.colcon_installed_package_information.package_discovery:Found 3 installed packages in /home/khaled-ahmed-elwan/ros2_arm_ws/install
[0.243s] DEBUG:colcon.colcon_installed_package_information.package_discovery:Found 372 installed packages in /opt/ros/jazzy
[0.244s] Level 1:colcon.colcon_core.package_discovery:discover_packages(prefix_path) using defaults
[0.315s] Level 5:colcon.colcon_core.verb:set package 'robot_arm_description' build argument 'cmake_args' from command line to 'None'
[0.315s] Level 5:colcon.colcon_core.verb:set package 'robot_arm_description' build argument 'cmake_target' from command line to 'None'
[0.315s] Level 5:colcon.colcon_core.verb:set package 'robot_arm_description' build argument 'cmake_target_skip_unavailable' from command line to 'False'
[0.315s] Level 5:colcon.colcon_core.verb:set package 'robot_arm_description' build argument 'cmake_clean_cache' from command line to 'False'
[0.315s] Level 5:colcon.colcon_core.verb:set package 'robot_arm_description' build argument 'cmake_clean_first' from command line to 'False'
[0.315s] Level 5:colcon.colcon_core.verb:set package 'robot_arm_description' build argument 'cmake_force_configure' from command line to 'False'
[0.315s] Level 5:colcon.colcon_core.verb:set package 'robot_arm_description' build argument 'ament_cmake_args' from command line to 'None'
[0.315s] Level 5:colcon.colcon_core.verb:set package 'robot_arm_description' build argument 'catkin_cmake_args' from command line to 'None'
[0.315s] Level 5:colcon.colcon_core.verb:set package 'robot_arm_description' build argument 'catkin_skip_building_tests' from command line to 'False'
[0.315s] DEBUG:colcon.colcon_core.verb:Building package 'robot_arm_description' with the following arguments: {'ament_cmake_args': None, 'build_base': '/home/khaled-ahmed-elwan/ros2_arm_ws/build/robot_arm_description', 'catkin_cmake_args': None, 'catkin_skip_building_tests': False, 'cmake_args': None, 'cmake_clean_cache': False, 'cmake_clean_first': False, 'cmake_force_configure': False, 'cmake_target': None, 'cmake_target_skip_unavailable': False, 'install_base': '/home/khaled-ahmed-elwan/ros2_arm_ws/install/robot_arm_description', 'merge_install': False, 'path': '/home/khaled-ahmed-elwan/ros2_arm_ws/src/robot_arm_description', 'symlink_install': False, 'test_result_base': None}
[0.315s] Level 5:colcon.colcon_core.verb:set package 'robot_arm_urdf' build argument 'cmake_args' from command line to 'None'
[0.315s] Level 5:colcon.colcon_core.verb:set package 'robot_arm_urdf' build argument 'cmake_target' from command line to 'None'
[0.315s] Level 5:colcon.colcon_core.verb:set package 'robot_arm_urdf' build argument 'cmake_target_skip_unavailable' from command line to 'False'
[0.315s] Level 5:colcon.colcon_core.verb:set package 'robot_arm_urdf' build argument 'cmake_clean_cache' from command line to 'False'
[0.315s] Level 5:colcon.colcon_core.verb:set package 'robot_arm_urdf' build argument 'cmake_clean_first' from command line to 'False'
[0.315s] Level 5:colcon.colcon_core.verb:set package 'robot_arm_urdf' build argument 'cmake_force_configure' from command line to 'False'
[0.315s] Level 5:colcon.colcon_core.verb:set package 'robot_arm_urdf' build argument 'ament_cmake_args' from command line to 'None'
[0.315s] Level 5:colcon.colcon_core.verb:set package 'robot_arm_urdf' build argument 'catkin_cmake_args' from command line to 'None'
[0.315s] Level 5:colcon.colcon_core.verb:set package 'robot_arm_urdf' build argument 'catkin_skip_building_tests' from command line to 'False'
[0.315s] DEBUG:colcon.colcon_core.verb:Building package 'robot_arm_urdf' with the following arguments: {'ament_cmake_args': None, 'build_base': '/home/khaled-ahmed-elwan/ros2_arm_ws/build/robot_arm_urdf', 'catkin_cmake_args': None, 'catkin_skip_building_tests': False, 'cmake_args': None, 'cmake_clean_cache': False, 'cmake_clean_first': False, 'cmake_force_configure': False, 'cmake_target': None, 'cmake_target_skip_unavailable': False, 'install_base': '/home/khaled-ahmed-elwan/ros2_arm_ws/install/robot_arm_urdf', 'merge_install': False, 'path': '/home/khaled-ahmed-elwan/ros2_arm_ws/src/robot_arm_urdf', 'symlink_install': False, 'test_result_base': None}
[0.316s] Level 5:colcon.colcon_core.verb:set package 'robot_arm_moveit_config' build argument 'cmake_args' from command line to 'None'
[0.316s] Level 5:colcon.colcon_core.verb:set package 'robot_arm_moveit_config' build argument 'cmake_target' from command line to 'None'
[0.316s] Level 5:colcon.colcon_core.verb:set package 'robot_arm_moveit_config' build argument 'cmake_target_skip_unavailable' from command line to 'False'
[0.316s] Level 5:colcon.colcon_core.verb:set package 'robot_arm_moveit_config' build argument 'cmake_clean_cache' from command line to 'False'
[0.316s] Level 5:colcon.colcon_core.verb:set package 'robot_arm_moveit_config' build argument 'cmake_clean_first' from command line to 'False'
[0.316s] Level 5:colcon.colcon_core.verb:set package 'robot_arm_moveit_config' build argument 'cmake_force_configure' from command line to 'False'
[0.316s] Level 5:colcon.colcon_core.verb:set package 'robot_arm_moveit_config' build argument 'ament_cmake_args' from command line to 'None'
[0.316s] Level 5:colcon.colcon_core.verb:set package 'robot_arm_moveit_config' build argument 'catkin_cmake_args' from command line to 'None'
[0.316s] Level 5:colcon.colcon_core.verb:set package 'robot_arm_moveit_config' build argument 'catkin_skip_building_tests' from command line to 'False'
[0.316s] DEBUG:colcon.colcon_core.verb:Building package 'robot_arm_moveit_config' with the following arguments: {'ament_cmake_args': None, 'build_base': '/home/khaled-ahmed-elwan/ros2_arm_ws/build/robot_arm_moveit_config', 'catkin_cmake_args': None, 'catkin_skip_building_tests': False, 'cmake_args': None, 'cmake_clean_cache': False, 'cmake_clean_first': False, 'cmake_force_configure': False, 'cmake_target': None, 'cmake_target_skip_unavailable': False, 'install_base': '/home/khaled-ahmed-elwan/ros2_arm_ws/install/robot_arm_moveit_config', 'merge_install': False, 'path': '/home/khaled-ahmed-elwan/ros2_arm_ws/src/robot_arm_moveit_config', 'symlink_install': False, 'test_result_base': None}
[0.316s] INFO:colcon.colcon_core.executor:Executing jobs using 'parallel' executor
[0.317s] DEBUG:colcon.colcon_parallel_executor.executor.parallel:run_until_complete
[0.317s] INFO:colcon.colcon_ros.task.ament_cmake.build:Building ROS package in '/home/khaled-ahmed-elwan/ros2_arm_ws/src/robot_arm_description' with build type 'ament_cmake'
[0.317s] INFO:colcon.colcon_cmake.task.cmake.build:Building CMake package in '/home/khaled-ahmed-elwan/ros2_arm_ws/src/robot_arm_description'
[0.319s] INFO:colcon.colcon_core.plugin_system:Skipping extension 'colcon_core.shell.bat': Not used on non-Windows systems
[0.319s] INFO:colcon.colcon_core.shell:Skip shell extension 'powershell' for command environment: Not usable outside of PowerShell
[0.319s] DEBUG:colcon.colcon_core.shell:Skip shell extension 'dsv' for command environment
[0.322s] INFO:colcon.colcon_ros.task.ament_cmake.build:Building ROS package in '/home/khaled-ahmed-elwan/ros2_arm_ws/src/robot_arm_urdf' with build type 'ament_cmake'
[0.322s] INFO:colcon.colcon_cmake.task.cmake.build:Building CMake package in '/home/khaled-ahmed-elwan/ros2_arm_ws/src/robot_arm_urdf'
[0.322s] INFO:colcon.colcon_core.shell:Skip shell extension 'powershell' for command environment: Not usable outside of PowerShell
[0.322s] DEBUG:colcon.colcon_core.shell:Skip shell extension 'dsv' for command environment
[0.327s] DEBUG:colcon.colcon_core.event_handler.log_command:Invoking command in '/home/khaled-ahmed-elwan/ros2_arm_ws/build/robot_arm_description': CMAKE_PREFIX_PATH=${CMAKE_PREFIX_PATH}:/opt/ros/jazzy DEBUGINFOD_URLS=https://debuginfod.ubuntu.com /opt/st/stm32cubeclt_1.21.0/CMake/bin/cmake --build /home/khaled-ahmed-elwan/ros2_arm_ws/build/robot_arm_description -- -j16 -l16
[0.330s] DEBUG:colcon.colcon_core.event_handler.log_command:Invoking command in '/home/khaled-ahmed-elwan/ros2_arm_ws/build/robot_arm_urdf': CMAKE_PREFIX_PATH=${CMAKE_PREFIX_PATH}:/opt/ros/jazzy DEBUGINFOD_URLS=https://debuginfod.ubuntu.com /opt/st/stm32cubeclt_1.21.0/CMake/bin/cmake --build /home/khaled-ahmed-elwan/ros2_arm_ws/build/robot_arm_urdf -- -j16 -l16
[0.338s] DEBUG:colcon.colcon_core.event_handler.log_command:Invoked command in '/home/khaled-ahmed-elwan/ros2_arm_ws/build/robot_arm_description' returned '0': CMAKE_PREFIX_PATH=${CMAKE_PREFIX_PATH}:/opt/ros/jazzy DEBUGINFOD_URLS=https://debuginfod.ubuntu.com /opt/st/stm32cubeclt_1.21.0/CMake/bin/cmake --build /home/khaled-ahmed-elwan/ros2_arm_ws/build/robot_arm_description -- -j16 -l16
[0.340s] DEBUG:colcon.colcon_core.event_handler.log_command:Invoking command in '/home/khaled-ahmed-elwan/ros2_arm_ws/build/robot_arm_description': CMAKE_PREFIX_PATH=${CMAKE_PREFIX_PATH}:/opt/ros/jazzy DEBUGINFOD_URLS=https://debuginfod.ubuntu.com /opt/st/stm32cubeclt_1.21.0/CMake/bin/cmake --install /home/khaled-ahmed-elwan/ros2_arm_ws/build/robot_arm_description
[0.341s] DEBUG:colcon.colcon_core.event_handler.log_command:Invoked command in '/home/khaled-ahmed-elwan/ros2_arm_ws/build/robot_arm_urdf' returned '0': CMAKE_PREFIX_PATH=${CMAKE_PREFIX_PATH}:/opt/ros/jazzy DEBUGINFOD_URLS=https://debuginfod.ubuntu.com /opt/st/stm32cubeclt_1.21.0/CMake/bin/cmake --build /home/khaled-ahmed-elwan/ros2_arm_ws/build/robot_arm_urdf -- -j16 -l16
[0.343s] DEBUG:colcon.colcon_core.event_handler.log_command:Invoking command in '/home/khaled-ahmed-elwan/ros2_arm_ws/build/robot_arm_urdf': CMAKE_PREFIX_PATH=${CMAKE_PREFIX_PATH}:/opt/ros/jazzy DEBUGINFOD_URLS=https://debuginfod.ubuntu.com /opt/st/stm32cubeclt_1.21.0/CMake/bin/cmake --install /home/khaled-ahmed-elwan/ros2_arm_ws/build/robot_arm_urdf
[0.347s] Level 1:colcon.colcon_core.environment:create_environment_scripts_only(robot_arm_description)
[0.347s] DEBUG:colcon.colcon_core.event_handler.log_command:Invoked command in '/home/khaled-ahmed-elwan/ros2_arm_ws/build/robot_arm_description' returned '0': CMAKE_PREFIX_PATH=${CMAKE_PREFIX_PATH}:/opt/ros/jazzy DEBUGINFOD_URLS=https://debuginfod.ubuntu.com /opt/st/stm32cubeclt_1.21.0/CMake/bin/cmake --install /home/khaled-ahmed-elwan/ros2_arm_ws/build/robot_arm_description
[0.350s] Level 1:colcon.colcon_core.environment:checking '/home/khaled-ahmed-elwan/ros2_arm_ws/install/robot_arm_description' for CMake module files
[0.351s] Level 1:colcon.colcon_core.environment:checking '/home/khaled-ahmed-elwan/ros2_arm_ws/install/robot_arm_description' for CMake config files
[0.351s] Level 1:colcon.colcon_core.shell:create_environment_hook('robot_arm_description', 'cmake_prefix_path')
[0.351s] INFO:colcon.colcon_core.shell:Creating environment hook '/home/khaled-ahmed-elwan/ros2_arm_ws/install/robot_arm_description/share/robot_arm_description/hook/cmake_prefix_path.ps1'
[0.352s] INFO:colcon.colcon_core.shell:Creating environment descriptor '/home/khaled-ahmed-elwan/ros2_arm_ws/install/robot_arm_description/share/robot_arm_description/hook/cmake_prefix_path.dsv'
[0.352s] INFO:colcon.colcon_core.shell:Creating environment hook '/home/khaled-ahmed-elwan/ros2_arm_ws/install/robot_arm_description/share/robot_arm_description/hook/cmake_prefix_path.sh'
[0.353s] Level 1:colcon.colcon_core.environment:checking '/home/khaled-ahmed-elwan/ros2_arm_ws/install/robot_arm_description/bin'
[0.353s] Level 1:colcon.colcon_core.environment:checking '/home/khaled-ahmed-elwan/ros2_arm_ws/install/robot_arm_description/lib/pkgconfig/robot_arm_description.pc'
[0.353s] Level 1:colcon.colcon_core.environment:checking '/home/khaled-ahmed-elwan/ros2_arm_ws/install/robot_arm_description/lib/python3.12/site-packages'
[0.353s] Level 1:colcon.colcon_core.environment:checking '/home/khaled-ahmed-elwan/ros2_arm_ws/install/robot_arm_description/bin'
[0.353s] INFO:colcon.colcon_core.shell:Creating package script '/home/khaled-ahmed-elwan/ros2_arm_ws/install/robot_arm_description/share/robot_arm_description/package.ps1'
[0.354s] INFO:colcon.colcon_core.shell:Creating package descriptor '/home/khaled-ahmed-elwan/ros2_arm_ws/install/robot_arm_description/share/robot_arm_description/package.dsv'
[0.354s] INFO:colcon.colcon_core.shell:Creating package script '/home/khaled-ahmed-elwan/ros2_arm_ws/install/robot_arm_description/share/robot_arm_description/package.sh'
[0.355s] INFO:colcon.colcon_core.shell:Creating package script '/home/khaled-ahmed-elwan/ros2_arm_ws/install/robot_arm_description/share/robot_arm_description/package.bash'
[0.355s] INFO:colcon.colcon_core.shell:Creating package script '/home/khaled-ahmed-elwan/ros2_arm_ws/install/robot_arm_description/share/robot_arm_description/package.zsh'
[0.356s] Level 1:colcon.colcon_core.environment:create_file_with_runtime_dependencies(/home/khaled-ahmed-elwan/ros2_arm_ws/install/robot_arm_description/share/colcon-core/packages/robot_arm_description)
[0.356s] Level 1:colcon.colcon_core.environment:create_environment_scripts_only(robot_arm_description)
[0.356s] Level 1:colcon.colcon_core.environment:checking '/home/khaled-ahmed-elwan/ros2_arm_ws/install/robot_arm_description' for CMake module files
[0.356s] Level 1:colcon.colcon_core.environment:checking '/home/khaled-ahmed-elwan/ros2_arm_ws/install/robot_arm_description' for CMake config files
[0.356s] Level 1:colcon.colcon_core.shell:create_environment_hook('robot_arm_description', 'cmake_prefix_path')
[0.356s] INFO:colcon.colcon_core.shell:Creating environment hook '/home/khaled-ahmed-elwan/ros2_arm_ws/install/robot_arm_description/share/robot_arm_description/hook/cmake_prefix_path.ps1'
[0.357s] INFO:colcon.colcon_core.shell:Creating environment descriptor '/home/khaled-ahmed-elwan/ros2_arm_ws/install/robot_arm_description/share/robot_arm_description/hook/cmake_prefix_path.dsv'
[0.357s] INFO:colcon.colcon_core.shell:Creating environment hook '/home/khaled-ahmed-elwan/ros2_arm_ws/install/robot_arm_description/share/robot_arm_description/hook/cmake_prefix_path.sh'
[0.357s] Level 1:colcon.colcon_core.environment:checking '/home/khaled-ahmed-elwan/ros2_arm_ws/install/robot_arm_description/bin'
[0.357s] Level 1:colcon.colcon_core.environment:checking '/home/khaled-ahmed-elwan/ros2_arm_ws/install/robot_arm_description/lib/pkgconfig/robot_arm_description.pc'
[0.357s] Level 1:colcon.colcon_core.environment:checking '/home/khaled-ahmed-elwan/ros2_arm_ws/install/robot_arm_description/lib/python3.12/site-packages'
[0.357s] Level 1:colcon.colcon_core.environment:checking '/home/khaled-ahmed-elwan/ros2_arm_ws/install/robot_arm_description/bin'
[0.358s] INFO:colcon.colcon_core.shell:Creating package script '/home/khaled-ahmed-elwan/ros2_arm_ws/install/robot_arm_description/share/robot_arm_description/package.ps1'
[0.358s] INFO:colcon.colcon_core.shell:Creating package descriptor '/home/khaled-ahmed-elwan/ros2_arm_ws/install/robot_arm_description/share/robot_arm_description/package.dsv'
[0.358s] INFO:colcon.colcon_core.shell:Creating package script '/home/khaled-ahmed-elwan/ros2_arm_ws/install/robot_arm_description/share/robot_arm_description/package.sh'
[0.358s] INFO:colcon.colcon_core.shell:Creating package script '/home/khaled-ahmed-elwan/ros2_arm_ws/install/robot_arm_description/share/robot_arm_description/package.bash'
[0.358s] INFO:colcon.colcon_core.shell:Creating package script '/home/khaled-ahmed-elwan/ros2_arm_ws/install/robot_arm_description/share/robot_arm_description/package.zsh'
[0.359s] Level 1:colcon.colcon_core.environment:create_file_with_runtime_dependencies(/home/khaled-ahmed-elwan/ros2_arm_ws/install/robot_arm_description/share/colcon-core/packages/robot_arm_description)
[0.359s] INFO:colcon.colcon_ros.task.ament_cmake.build:Building ROS package in '/home/khaled-ahmed-elwan/ros2_arm_ws/src/robot_arm_moveit_config' with build type 'ament_cmake'
[0.359s] INFO:colcon.colcon_cmake.task.cmake.build:Building CMake package in '/home/khaled-ahmed-elwan/ros2_arm_ws/src/robot_arm_moveit_config'
[0.359s] INFO:colcon.colcon_core.shell:Skip shell extension 'powershell' for command environment: Not usable outside of PowerShell
[0.359s] DEBUG:colcon.colcon_core.shell:Skip shell extension 'dsv' for command environment
[0.361s] Level 1:colcon.colcon_core.environment:create_environment_scripts_only(robot_arm_urdf)
[0.361s] Level 1:colcon.colcon_core.environment:checking '/home/khaled-ahmed-elwan/ros2_arm_ws/install/robot_arm_urdf' for CMake module files
[0.362s] DEBUG:colcon.colcon_core.event_handler.log_command:Invoked command in '/home/khaled-ahmed-elwan/ros2_arm_ws/build/robot_arm_urdf' returned '0': CMAKE_PREFIX_PATH=${CMAKE_PREFIX_PATH}:/opt/ros/jazzy DEBUGINFOD_URLS=https://debuginfod.ubuntu.com /opt/st/stm32cubeclt_1.21.0/CMake/bin/cmake --install /home/khaled-ahmed-elwan/ros2_arm_ws/build/robot_arm_urdf
[0.362s] Level 1:colcon.colcon_core.environment:checking '/home/khaled-ahmed-elwan/ros2_arm_ws/install/robot_arm_urdf' for CMake config files
[0.362s] Level 1:colcon.colcon_core.shell:create_environment_hook('robot_arm_urdf', 'cmake_prefix_path')
[0.362s] INFO:colcon.colcon_core.shell:Creating environment hook '/home/khaled-ahmed-elwan/ros2_arm_ws/install/robot_arm_urdf/share/robot_arm_urdf/hook/cmake_prefix_path.ps1'
[0.363s] INFO:colcon.colcon_core.shell:Creating environment descriptor '/home/khaled-ahmed-elwan/ros2_arm_ws/install/robot_arm_urdf/share/robot_arm_urdf/hook/cmake_prefix_path.dsv'
[0.363s] INFO:colcon.colcon_core.shell:Creating environment hook '/home/khaled-ahmed-elwan/ros2_arm_ws/install/robot_arm_urdf/share/robot_arm_urdf/hook/cmake_prefix_path.sh'
[0.363s] Level 1:colcon.colcon_core.environment:checking '/home/khaled-ahmed-elwan/ros2_arm_ws/install/robot_arm_urdf/bin'
[0.363s] Level 1:colcon.colcon_core.environment:checking '/home/khaled-ahmed-elwan/ros2_arm_ws/install/robot_arm_urdf/lib/pkgconfig/robot_arm_urdf.pc'
[0.363s] Level 1:colcon.colcon_core.environment:checking '/home/khaled-ahmed-elwan/ros2_arm_ws/install/robot_arm_urdf/lib/python3.12/site-packages'
[0.363s] Level 1:colcon.colcon_core.environment:checking '/home/khaled-ahmed-elwan/ros2_arm_ws/install/robot_arm_urdf/bin'
[0.363s] INFO:colcon.colcon_core.shell:Creating package script '/home/khaled-ahmed-elwan/ros2_arm_ws/install/robot_arm_urdf/share/robot_arm_urdf/package.ps1'
[0.364s] INFO:colcon.colcon_core.shell:Creating package descriptor '/home/khaled-ahmed-elwan/ros2_arm_ws/install/robot_arm_urdf/share/robot_arm_urdf/package.dsv'
[0.364s] INFO:colcon.colcon_core.shell:Creating package script '/home/khaled-ahmed-elwan/ros2_arm_ws/install/robot_arm_urdf/share/robot_arm_urdf/package.sh'
[0.364s] INFO:colcon.colcon_core.shell:Creating package script '/home/khaled-ahmed-elwan/ros2_arm_ws/install/robot_arm_urdf/share/robot_arm_urdf/package.bash'
[0.364s] INFO:colcon.colcon_core.shell:Creating package script '/home/khaled-ahmed-elwan/ros2_arm_ws/install/robot_arm_urdf/share/robot_arm_urdf/package.zsh'
[0.364s] Level 1:colcon.colcon_core.environment:create_file_with_runtime_dependencies(/home/khaled-ahmed-elwan/ros2_arm_ws/install/robot_arm_urdf/share/colcon-core/packages/robot_arm_urdf)
[0.365s] Level 1:colcon.colcon_core.environment:create_environment_scripts_only(robot_arm_urdf)
[0.365s] Level 1:colcon.colcon_core.environment:checking '/home/khaled-ahmed-elwan/ros2_arm_ws/install/robot_arm_urdf' for CMake module files
[0.365s] Level 1:colcon.colcon_core.environment:checking '/home/khaled-ahmed-elwan/ros2_arm_ws/install/robot_arm_urdf' for CMake config files
[0.365s] Level 1:colcon.colcon_core.shell:create_environment_hook('robot_arm_urdf', 'cmake_prefix_path')
[0.365s] INFO:colcon.colcon_core.shell:Creating environment hook '/home/khaled-ahmed-elwan/ros2_arm_ws/install/robot_arm_urdf/share/robot_arm_urdf/hook/cmake_prefix_path.ps1'
[0.365s] INFO:colcon.colcon_core.shell:Creating environment descriptor '/home/khaled-ahmed-elwan/ros2_arm_ws/install/robot_arm_urdf/share/robot_arm_urdf/hook/cmake_prefix_path.dsv'
[0.366s] INFO:colcon.colcon_core.shell:Creating environment hook '/home/khaled-ahmed-elwan/ros2_arm_ws/install/robot_arm_urdf/share/robot_arm_urdf/hook/cmake_prefix_path.sh'
[0.366s] Level 1:colcon.colcon_core.environment:checking '/home/khaled-ahmed-elwan/ros2_arm_ws/install/robot_arm_urdf/bin'
[0.366s] Level 1:colcon.colcon_core.environment:checking '/home/khaled-ahmed-elwan/ros2_arm_ws/install/robot_arm_urdf/lib/pkgconfig/robot_arm_urdf.pc'
[0.366s] Level 1:colcon.colcon_core.environment:checking '/home/khaled-ahmed-elwan/ros2_arm_ws/install/robot_arm_urdf/lib/python3.12/site-packages'
[0.366s] Level 1:colcon.colcon_core.environment:checking '/home/khaled-ahmed-elwan/ros2_arm_ws/install/robot_arm_urdf/bin'
[0.366s] INFO:colcon.colcon_core.shell:Creating package script '/home/khaled-ahmed-elwan/ros2_arm_ws/install/robot_arm_urdf/share/robot_arm_urdf/package.ps1'
[0.367s] INFO:colcon.colcon_core.shell:Creating package descriptor '/home/khaled-ahmed-elwan/ros2_arm_ws/install/robot_arm_urdf/share/robot_arm_urdf/package.dsv'
[0.367s] INFO:colcon.colcon_core.shell:Creating package script '/home/khaled-ahmed-elwan/ros2_arm_ws/install/robot_arm_urdf/share/robot_arm_urdf/package.sh'
[0.367s] INFO:colcon.colcon_core.shell:Creating package script '/home/khaled-ahmed-elwan/ros2_arm_ws/install/robot_arm_urdf/share/robot_arm_urdf/package.bash'
[0.367s] INFO:colcon.colcon_core.shell:Creating package script '/home/khaled-ahmed-elwan/ros2_arm_ws/install/robot_arm_urdf/share/robot_arm_urdf/package.zsh'
[0.367s] Level 1:colcon.colcon_core.environment:create_file_with_runtime_dependencies(/home/khaled-ahmed-elwan/ros2_arm_ws/install/robot_arm_urdf/share/colcon-core/packages/robot_arm_urdf)
[0.370s] DEBUG:colcon.colcon_core.event_handler.log_command:Invoking command in '/home/khaled-ahmed-elwan/ros2_arm_ws/build/robot_arm_moveit_config': CMAKE_PREFIX_PATH=/home/khaled-ahmed-elwan/ros2_arm_ws/install/robot_arm_description:/home/khaled-ahmed-elwan/ros2_arm_ws/install/robot_arm_urdf:/home/khaled-ahmed-elwan/ros2_arm_ws/install/robot_arm_moveit_config:/opt/ros/jazzy/opt/sdformat_vendor:/opt/ros/jazzy/opt/gz_math_vendor:/opt/ros/jazzy/opt/gz_utils_vendor:/opt/ros/jazzy/opt/gz_tools_vendor:/opt/ros/jazzy/opt/gz_cmake_vendor:/opt/ros/jazzy DEBUGINFOD_URLS=https://debuginfod.ubuntu.com /opt/st/stm32cubeclt_1.21.0/CMake/bin/cmake --build /home/khaled-ahmed-elwan/ros2_arm_ws/build/robot_arm_moveit_config -- -j16 -l16
[0.380s] DEBUG:colcon.colcon_core.event_handler.log_command:Invoked command in '/home/khaled-ahmed-elwan/ros2_arm_ws/build/robot_arm_moveit_config' returned '0': CMAKE_PREFIX_PATH=/home/khaled-ahmed-elwan/ros2_arm_ws/install/robot_arm_description:/home/khaled-ahmed-elwan/ros2_arm_ws/install/robot_arm_urdf:/home/khaled-ahmed-elwan/ros2_arm_ws/install/robot_arm_moveit_config:/opt/ros/jazzy/opt/sdformat_vendor:/opt/ros/jazzy/opt/gz_math_vendor:/opt/ros/jazzy/opt/gz_utils_vendor:/opt/ros/jazzy/opt/gz_tools_vendor:/opt/ros/jazzy/opt/gz_cmake_vendor:/opt/ros/jazzy DEBUGINFOD_URLS=https://debuginfod.ubuntu.com /opt/st/stm32cubeclt_1.21.0/CMake/bin/cmake --build /home/khaled-ahmed-elwan/ros2_arm_ws/build/robot_arm_moveit_config -- -j16 -l16
[0.381s] DEBUG:colcon.colcon_core.event_handler.log_command:Invoking command in '/home/khaled-ahmed-elwan/ros2_arm_ws/build/robot_arm_moveit_config': CMAKE_PREFIX_PATH=/home/khaled-ahmed-elwan/ros2_arm_ws/install/robot_arm_description:/home/khaled-ahmed-elwan/ros2_arm_ws/install/robot_arm_urdf:/home/khaled-ahmed-elwan/ros2_arm_ws/install/robot_arm_moveit_config:/opt/ros/jazzy/opt/sdformat_vendor:/opt/ros/jazzy/opt/gz_math_vendor:/opt/ros/jazzy/opt/gz_utils_vendor:/opt/ros/jazzy/opt/gz_tools_vendor:/opt/ros/jazzy/opt/gz_cmake_vendor:/opt/ros/jazzy DEBUGINFOD_URLS=https://debuginfod.ubuntu.com /opt/st/stm32cubeclt_1.21.0/CMake/bin/cmake --install /home/khaled-ahmed-elwan/ros2_arm_ws/build/robot_arm_moveit_config
[0.385s] Level 1:colcon.colcon_core.environment:create_environment_scripts_only(robot_arm_moveit_config)
[0.385s] DEBUG:colcon.colcon_core.event_handler.log_command:Invoked command in '/home/khaled-ahmed-elwan/ros2_arm_ws/build/robot_arm_moveit_config' returned '0': CMAKE_PREFIX_PATH=/home/khaled-ahmed-elwan/ros2_arm_ws/install/robot_arm_description:/home/khaled-ahmed-elwan/ros2_arm_ws/install/robot_arm_urdf:/home/khaled-ahmed-elwan/ros2_arm_ws/install/robot_arm_moveit_config:/opt/ros/jazzy/opt/sdformat_vendor:/opt/ros/jazzy/opt/gz_math_vendor:/opt/ros/jazzy/opt/gz_utils_vendor:/opt/ros/jazzy/opt/gz_tools_vendor:/opt/ros/jazzy/opt/gz_cmake_vendor:/opt/ros/jazzy DEBUGINFOD_URLS=https://debuginfod.ubuntu.com /opt/st/stm32cubeclt_1.21.0/CMake/bin/cmake --install /home/khaled-ahmed-elwan/ros2_arm_ws/build/robot_arm_moveit_config
[0.385s] Level 1:colcon.colcon_core.environment:checking '/home/khaled-ahmed-elwan/ros2_arm_ws/install/robot_arm_moveit_config' for CMake module files
[0.385s] Level 1:colcon.colcon_core.environment:checking '/home/khaled-ahmed-elwan/ros2_arm_ws/install/robot_arm_moveit_config' for CMake config files
[0.386s] Level 1:colcon.colcon_core.shell:create_environment_hook('robot_arm_moveit_config', 'cmake_prefix_path')
[0.386s] INFO:colcon.colcon_core.shell:Creating environment hook '/home/khaled-ahmed-elwan/ros2_arm_ws/install/robot_arm_moveit_config/share/robot_arm_moveit_config/hook/cmake_prefix_path.ps1'
[0.386s] INFO:colcon.colcon_core.shell:Creating environment descriptor '/home/khaled-ahmed-elwan/ros2_arm_ws/install/robot_arm_moveit_config/share/robot_arm_moveit_config/hook/cmake_prefix_path.dsv'
[0.386s] INFO:colcon.colcon_core.shell:Creating environment hook '/home/khaled-ahmed-elwan/ros2_arm_ws/install/robot_arm_moveit_config/share/robot_arm_moveit_config/hook/cmake_prefix_path.sh'
[0.387s] Level 1:colcon.colcon_core.environment:checking '/home/khaled-ahmed-elwan/ros2_arm_ws/install/robot_arm_moveit_config/bin'
[0.387s] Level 1:colcon.colcon_core.environment:checking '/home/khaled-ahmed-elwan/ros2_arm_ws/install/robot_arm_moveit_config/lib/pkgconfig/robot_arm_moveit_config.pc'
[0.387s] Level 1:colcon.colcon_core.environment:checking '/home/khaled-ahmed-elwan/ros2_arm_ws/install/robot_arm_moveit_config/lib/python3.12/site-packages'
[0.387s] Level 1:colcon.colcon_core.environment:checking '/home/khaled-ahmed-elwan/ros2_arm_ws/install/robot_arm_moveit_config/bin'
[0.387s] INFO:colcon.colcon_core.shell:Creating package script '/home/khaled-ahmed-elwan/ros2_arm_ws/install/robot_arm_moveit_config/share/robot_arm_moveit_config/package.ps1'
[0.387s] INFO:colcon.colcon_core.shell:Creating package descriptor '/home/khaled-ahmed-elwan/ros2_arm_ws/install/robot_arm_moveit_config/share/robot_arm_moveit_config/package.dsv'
[0.388s] INFO:colcon.colcon_core.shell:Creating package script '/home/khaled-ahmed-elwan/ros2_arm_ws/install/robot_arm_moveit_config/share/robot_arm_moveit_config/package.sh'
[0.388s] INFO:colcon.colcon_core.shell:Creating package script '/home/khaled-ahmed-elwan/ros2_arm_ws/install/robot_arm_moveit_config/share/robot_arm_moveit_config/package.bash'
[0.388s] INFO:colcon.colcon_core.shell:Creating package script '/home/khaled-ahmed-elwan/ros2_arm_ws/install/robot_arm_moveit_config/share/robot_arm_moveit_config/package.zsh'
[0.388s] Level 1:colcon.colcon_core.environment:create_file_with_runtime_dependencies(/home/khaled-ahmed-elwan/ros2_arm_ws/install/robot_arm_moveit_config/share/colcon-core/packages/robot_arm_moveit_config)
[0.388s] Level 1:colcon.colcon_core.environment:create_environment_scripts_only(robot_arm_moveit_config)
[0.388s] Level 1:colcon.colcon_core.environment:checking '/home/khaled-ahmed-elwan/ros2_arm_ws/install/robot_arm_moveit_config' for CMake module files
[0.389s] Level 1:colcon.colcon_core.environment:checking '/home/khaled-ahmed-elwan/ros2_arm_ws/install/robot_arm_moveit_config' for CMake config files
[0.389s] Level 1:colcon.colcon_core.shell:create_environment_hook('robot_arm_moveit_config', 'cmake_prefix_path')
[0.389s] INFO:colcon.colcon_core.shell:Creating environment hook '/home/khaled-ahmed-elwan/ros2_arm_ws/install/robot_arm_moveit_config/share/robot_arm_moveit_config/hook/cmake_prefix_path.ps1'
[0.389s] INFO:colcon.colcon_core.shell:Creating environment descriptor '/home/khaled-ahmed-elwan/ros2_arm_ws/install/robot_arm_moveit_config/share/robot_arm_moveit_config/hook/cmake_prefix_path.dsv'
[0.389s] INFO:colcon.colcon_core.shell:Creating environment hook '/home/khaled-ahmed-elwan/ros2_arm_ws/install/robot_arm_moveit_config/share/robot_arm_moveit_config/hook/cmake_prefix_path.sh'
[0.389s] Level 1:colcon.colcon_core.environment:checking '/home/khaled-ahmed-elwan/ros2_arm_ws/install/robot_arm_moveit_config/bin'
[0.389s] Level 1:colcon.colcon_core.environment:checking '/home/khaled-ahmed-elwan/ros2_arm_ws/install/robot_arm_moveit_config/lib/pkgconfig/robot_arm_moveit_config.pc'
[0.389s] Level 1:colcon.colcon_core.environment:checking '/home/khaled-ahmed-elwan/ros2_arm_ws/install/robot_arm_moveit_config/lib/python3.12/site-packages'
[0.390s] Level 1:colcon.colcon_core.environment:checking '/home/khaled-ahmed-elwan/ros2_arm_ws/install/robot_arm_moveit_config/bin'
[0.390s] INFO:colcon.colcon_core.shell:Creating package script '/home/khaled-ahmed-elwan/ros2_arm_ws/install/robot_arm_moveit_config/share/robot_arm_moveit_config/package.ps1'
[0.390s] INFO:colcon.colcon_core.shell:Creating package descriptor '/home/khaled-ahmed-elwan/ros2_arm_ws/install/robot_arm_moveit_config/share/robot_arm_moveit_config/package.dsv'
[0.390s] INFO:colcon.colcon_core.shell:Creating package script '/home/khaled-ahmed-elwan/ros2_arm_ws/install/robot_arm_moveit_config/share/robot_arm_moveit_config/package.sh'
[0.390s] INFO:colcon.colcon_core.shell:Creating package script '/home/khaled-ahmed-elwan/ros2_arm_ws/install/robot_arm_moveit_config/share/robot_arm_moveit_config/package.bash'
[0.391s] INFO:colcon.colcon_core.shell:Creating package script '/home/khaled-ahmed-elwan/ros2_arm_ws/install/robot_arm_moveit_config/share/robot_arm_moveit_config/package.zsh'
[0.391s] Level 1:colcon.colcon_core.environment:create_file_with_runtime_dependencies(/home/khaled-ahmed-elwan/ros2_arm_ws/install/robot_arm_moveit_config/share/colcon-core/packages/robot_arm_moveit_config)
[0.391s] DEBUG:colcon.colcon_parallel_executor.executor.parallel:closing loop
[0.391s] DEBUG:colcon.colcon_parallel_executor.executor.parallel:loop closed
[0.391s] DEBUG:colcon.colcon_parallel_executor.executor.parallel:run_until_complete finished with '0'
[0.391s] DEBUG:colcon.colcon_core.event_reactor:joining thread
[0.397s] INFO:colcon.colcon_core.plugin_system:Skipping extension 'colcon_notification.desktop_notification.terminal_notifier': Not used on non-Darwin systems
[0.397s] INFO:colcon.colcon_core.plugin_system:Skipping extension 'colcon_notification.desktop_notification.win32': Not used on non-Windows systems
[0.397s] INFO:colcon.colcon_notification.desktop_notification:Sending desktop notification using 'notify2'
[0.412s] DEBUG:colcon.colcon_core.event_reactor:joined thread
[0.412s] INFO:colcon.colcon_core.shell:Creating prefix script '/home/khaled-ahmed-elwan/ros2_arm_ws/install/local_setup.ps1'
[0.413s] INFO:colcon.colcon_core.shell:Creating prefix util module '/home/khaled-ahmed-elwan/ros2_arm_ws/install/_local_setup_util_ps1.py'
[0.413s] INFO:colcon.colcon_core.shell:Creating prefix chain script '/home/khaled-ahmed-elwan/ros2_arm_ws/install/setup.ps1'
[0.414s] INFO:colcon.colcon_core.shell:Creating prefix script '/home/khaled-ahmed-elwan/ros2_arm_ws/install/local_setup.sh'
[0.415s] INFO:colcon.colcon_core.shell:Creating prefix util module '/home/khaled-ahmed-elwan/ros2_arm_ws/install/_local_setup_util_sh.py'
[0.415s] INFO:colcon.colcon_core.shell:Creating prefix chain script '/home/khaled-ahmed-elwan/ros2_arm_ws/install/setup.sh'
[0.415s] INFO:colcon.colcon_core.shell:Creating prefix script '/home/khaled-ahmed-elwan/ros2_arm_ws/install/local_setup.bash'
[0.416s] INFO:colcon.colcon_core.shell:Creating prefix chain script '/home/khaled-ahmed-elwan/ros2_arm_ws/install/setup.bash'
[0.417s] INFO:colcon.colcon_core.shell:Creating prefix script '/home/khaled-ahmed-elwan/ros2_arm_ws/install/local_setup.zsh'
[0.417s] INFO:colcon.colcon_core.shell:Creating prefix chain script '/home/khaled-ahmed-elwan/ros2_arm_ws/install/setup.zsh'
