[0.460s] Invoking command in '/home/khaled-ahmed-elwan/ros2_arm_ws/src/robot_arm_control': DEBUGINFOD_URLS=https://debuginfod.ubuntu.com PYTHONPATH=/home/khaled-ahmed-elwan/ros2_arm_ws/build/robot_arm_control/prefix_override:/usr/lib/python3/dist-packages/colcon_core/task/python/colcon_distutils_commands:/home/khaled-ahmed-elwan/ros2_arm_ws/install/robot_arm_control/lib/python3.12/site-packages:${PYTHONPATH} /usr/bin/python3 -W ignore:setup.py install is deprecated -W ignore:easy_install command is deprecated setup.py egg_info --egg-base ../../build/robot_arm_control build --build-base /home/khaled-ahmed-elwan/ros2_arm_ws/build/robot_arm_control/build install --record /home/khaled-ahmed-elwan/ros2_arm_ws/build/robot_arm_control/install.log --single-version-externally-managed install_data
[0.599s] running egg_info
[0.609s] writing ../../build/robot_arm_control/robot_arm_control.egg-info/PKG-INFO
[0.609s] writing dependency_links to ../../build/robot_arm_control/robot_arm_control.egg-info/dependency_links.txt
[0.609s] writing entry points to ../../build/robot_arm_control/robot_arm_control.egg-info/entry_points.txt
[0.609s] writing requirements to ../../build/robot_arm_control/robot_arm_control.egg-info/requires.txt
[0.609s] writing top-level names to ../../build/robot_arm_control/robot_arm_control.egg-info/top_level.txt
[0.629s] reading manifest file '../../build/robot_arm_control/robot_arm_control.egg-info/SOURCES.txt'
[0.629s] writing manifest file '../../build/robot_arm_control/robot_arm_control.egg-info/SOURCES.txt'
[0.629s] running build
[0.629s] running build_py
[0.629s] running install
[0.633s] running install_lib
[0.643s] running install_data
[0.643s] running install_egg_info
[0.653s] removing '/home/khaled-ahmed-elwan/ros2_arm_ws/install/robot_arm_control/lib/python3.12/site-packages/robot_arm_control-0.0.1-py3.12.egg-info' (and everything under it)
[0.653s] Copying ../../build/robot_arm_control/robot_arm_control.egg-info to /home/khaled-ahmed-elwan/ros2_arm_ws/install/robot_arm_control/lib/python3.12/site-packages/robot_arm_control-0.0.1-py3.12.egg-info
[0.653s] running install_scripts
[0.720s] Installing trajectory_planning script to /home/khaled-ahmed-elwan/ros2_arm_ws/install/robot_arm_control/lib/robot_arm_control
[0.720s] writing list of installed files to '/home/khaled-ahmed-elwan/ros2_arm_ws/build/robot_arm_control/install.log'
[0.736s] Invoked command in '/home/khaled-ahmed-elwan/ros2_arm_ws/src/robot_arm_control' returned '0': DEBUGINFOD_URLS=https://debuginfod.ubuntu.com PYTHONPATH=/home/khaled-ahmed-elwan/ros2_arm_ws/build/robot_arm_control/prefix_override:/usr/lib/python3/dist-packages/colcon_core/task/python/colcon_distutils_commands:/home/khaled-ahmed-elwan/ros2_arm_ws/install/robot_arm_control/lib/python3.12/site-packages:${PYTHONPATH} /usr/bin/python3 -W ignore:setup.py install is deprecated -W ignore:easy_install command is deprecated setup.py egg_info --egg-base ../../build/robot_arm_control build --build-base /home/khaled-ahmed-elwan/ros2_arm_ws/build/robot_arm_control/build install --record /home/khaled-ahmed-elwan/ros2_arm_ws/build/robot_arm_control/install.log --single-version-externally-managed install_data
