[0.469s] Invoking command in '/home/khaled-ahmed-elwan/ros2_arm_ws/src/robot_arm_control': DEBUGINFOD_URLS=https://debuginfod.ubuntu.com PYTHONPATH=/home/khaled-ahmed-elwan/ros2_arm_ws/build/robot_arm_control/prefix_override:/usr/lib/python3/dist-packages/colcon_core/task/python/colcon_distutils_commands:/home/khaled-ahmed-elwan/ros2_arm_ws/install/robot_arm_control/lib/python3.12/site-packages:${PYTHONPATH} /usr/bin/python3 -W ignore:setup.py install is deprecated -W ignore:easy_install command is deprecated setup.py egg_info --egg-base ../../build/robot_arm_control build --build-base /home/khaled-ahmed-elwan/ros2_arm_ws/build/robot_arm_control/build install --record /home/khaled-ahmed-elwan/ros2_arm_ws/build/robot_arm_control/install.log --single-version-externally-managed install_data
[0.612s] running egg_info
[0.623s] writing ../../build/robot_arm_control/robot_arm_control.egg-info/PKG-INFO
[0.623s] writing dependency_links to ../../build/robot_arm_control/robot_arm_control.egg-info/dependency_links.txt
[0.623s] writing entry points to ../../build/robot_arm_control/robot_arm_control.egg-info/entry_points.txt
[0.623s] writing requirements to ../../build/robot_arm_control/robot_arm_control.egg-info/requires.txt
[0.623s] writing top-level names to ../../build/robot_arm_control/robot_arm_control.egg-info/top_level.txt
[0.645s] reading manifest file '../../build/robot_arm_control/robot_arm_control.egg-info/SOURCES.txt'
[0.645s] writing manifest file '../../build/robot_arm_control/robot_arm_control.egg-info/SOURCES.txt'
[0.645s] running build
[0.645s] running build_py
[0.645s] copying robot_arm_control/trajectory_planning.py -> /home/khaled-ahmed-elwan/ros2_arm_ws/build/robot_arm_control/build/lib/robot_arm_control
[0.645s] running install
[0.649s] running install_lib
[0.660s] copying /home/khaled-ahmed-elwan/ros2_arm_ws/build/robot_arm_control/build/lib/robot_arm_control/trajectory_planning.py -> /home/khaled-ahmed-elwan/ros2_arm_ws/install/robot_arm_control/lib/python3.12/site-packages/robot_arm_control
[0.660s] byte-compiling /home/khaled-ahmed-elwan/ros2_arm_ws/install/robot_arm_control/lib/python3.12/site-packages/robot_arm_control/trajectory_planning.py to trajectory_planning.cpython-312.pyc
[0.661s] running install_data
[0.661s] running install_egg_info
[0.672s] removing '/home/khaled-ahmed-elwan/ros2_arm_ws/install/robot_arm_control/lib/python3.12/site-packages/robot_arm_control-0.0.1-py3.12.egg-info' (and everything under it)
[0.672s] Copying ../../build/robot_arm_control/robot_arm_control.egg-info to /home/khaled-ahmed-elwan/ros2_arm_ws/install/robot_arm_control/lib/python3.12/site-packages/robot_arm_control-0.0.1-py3.12.egg-info
[0.673s] running install_scripts
[0.745s] Installing trajectory_planning script to /home/khaled-ahmed-elwan/ros2_arm_ws/install/robot_arm_control/lib/robot_arm_control
[0.745s] writing list of installed files to '/home/khaled-ahmed-elwan/ros2_arm_ws/build/robot_arm_control/install.log'
[0.763s] Invoked command in '/home/khaled-ahmed-elwan/ros2_arm_ws/src/robot_arm_control' returned '0': DEBUGINFOD_URLS=https://debuginfod.ubuntu.com PYTHONPATH=/home/khaled-ahmed-elwan/ros2_arm_ws/build/robot_arm_control/prefix_override:/usr/lib/python3/dist-packages/colcon_core/task/python/colcon_distutils_commands:/home/khaled-ahmed-elwan/ros2_arm_ws/install/robot_arm_control/lib/python3.12/site-packages:${PYTHONPATH} /usr/bin/python3 -W ignore:setup.py install is deprecated -W ignore:easy_install command is deprecated setup.py egg_info --egg-base ../../build/robot_arm_control build --build-base /home/khaled-ahmed-elwan/ros2_arm_ws/build/robot_arm_control/build install --record /home/khaled-ahmed-elwan/ros2_arm_ws/build/robot_arm_control/install.log --single-version-externally-managed install_data
