[0.017s] Invoking command in '/home/khaled-ahmed-elwan/ros2_arm_ws/build/robot_arm_description': CMAKE_PREFIX_PATH=${CMAKE_PREFIX_PATH}:/home/khaled-ahmed-elwan/ros2_arm_ws/install/robot_arm_control:/opt/ros/jazzy DEBUGINFOD_URLS=https://debuginfod.ubuntu.com /opt/st/stm32cubeclt_1.21.0/CMake/bin/cmake --build /home/khaled-ahmed-elwan/ros2_arm_ws/build/robot_arm_description -- -j16 -l16
[0.147s] Invoked command in '/home/khaled-ahmed-elwan/ros2_arm_ws/build/robot_arm_description' returned '0': CMAKE_PREFIX_PATH=${CMAKE_PREFIX_PATH}:/home/khaled-ahmed-elwan/ros2_arm_ws/install/robot_arm_control:/opt/ros/jazzy DEBUGINFOD_URLS=https://debuginfod.ubuntu.com /opt/st/stm32cubeclt_1.21.0/CMake/bin/cmake --build /home/khaled-ahmed-elwan/ros2_arm_ws/build/robot_arm_description -- -j16 -l16
[0.150s] Invoking command in '/home/khaled-ahmed-elwan/ros2_arm_ws/build/robot_arm_description': CMAKE_PREFIX_PATH=${CMAKE_PREFIX_PATH}:/home/khaled-ahmed-elwan/ros2_arm_ws/install/robot_arm_control:/opt/ros/jazzy DEBUGINFOD_URLS=https://debuginfod.ubuntu.com /opt/st/stm32cubeclt_1.21.0/CMake/bin/cmake --install /home/khaled-ahmed-elwan/ros2_arm_ws/build/robot_arm_description
[0.152s] -- Install configuration: ""
[0.153s] -- Up-to-date: /home/khaled-ahmed-elwan/ros2_arm_ws/install/robot_arm_description/share/ament_index/resource_index/package_run_dependencies/robot_arm_description
[0.153s] -- Up-to-date: /home/khaled-ahmed-elwan/ros2_arm_ws/install/robot_arm_description/share/ament_index/resource_index/parent_prefix_path/robot_arm_description
[0.153s] -- Up-to-date: /home/khaled-ahmed-elwan/ros2_arm_ws/install/robot_arm_description/share/robot_arm_description/environment/ament_prefix_path.sh
[0.153s] -- Up-to-date: /home/khaled-ahmed-elwan/ros2_arm_ws/install/robot_arm_description/share/robot_arm_description/environment/ament_prefix_path.dsv
[0.153s] -- Up-to-date: /home/khaled-ahmed-elwan/ros2_arm_ws/install/robot_arm_description/share/robot_arm_description/environment/path.sh
[0.153s] -- Up-to-date: /home/khaled-ahmed-elwan/ros2_arm_ws/install/robot_arm_description/share/robot_arm_description/environment/path.dsv
[0.154s] -- Up-to-date: /home/khaled-ahmed-elwan/ros2_arm_ws/install/robot_arm_description/share/robot_arm_description/local_setup.bash
[0.154s] -- Up-to-date: /home/khaled-ahmed-elwan/ros2_arm_ws/install/robot_arm_description/share/robot_arm_description/local_setup.sh
[0.154s] -- Up-to-date: /home/khaled-ahmed-elwan/ros2_arm_ws/install/robot_arm_description/share/robot_arm_description/local_setup.zsh
[0.154s] -- Up-to-date: /home/khaled-ahmed-elwan/ros2_arm_ws/install/robot_arm_description/share/robot_arm_description/local_setup.dsv
[0.154s] -- Installing: /home/khaled-ahmed-elwan/ros2_arm_ws/install/robot_arm_description/share/robot_arm_description/package.dsv
[0.154s] -- Up-to-date: /home/khaled-ahmed-elwan/ros2_arm_ws/install/robot_arm_description/share/ament_index/resource_index/packages/robot_arm_description
[0.154s] -- Up-to-date: /home/khaled-ahmed-elwan/ros2_arm_ws/install/robot_arm_description/share/robot_arm_description/cmake/robot_arm_descriptionConfig.cmake
[0.154s] -- Up-to-date: /home/khaled-ahmed-elwan/ros2_arm_ws/install/robot_arm_description/share/robot_arm_description/cmake/robot_arm_descriptionConfig-version.cmake
[0.154s] -- Up-to-date: /home/khaled-ahmed-elwan/ros2_arm_ws/install/robot_arm_description/share/robot_arm_description/package.xml
[0.154s] -- Up-to-date: /home/khaled-ahmed-elwan/ros2_arm_ws/install/robot_arm_description/share/robot_arm_description/urdf
[0.154s] -- Up-to-date: /home/khaled-ahmed-elwan/ros2_arm_ws/install/robot_arm_description/share/robot_arm_description/urdf/arm.urdf
[0.154s] -- Up-to-date: /home/khaled-ahmed-elwan/ros2_arm_ws/install/robot_arm_description/share/robot_arm_description/meshes
[0.154s] -- Up-to-date: /home/khaled-ahmed-elwan/ros2_arm_ws/install/robot_arm_description/share/robot_arm_description/meshes/hand2.STL
[0.154s] -- Up-to-date: /home/khaled-ahmed-elwan/ros2_arm_ws/install/robot_arm_description/share/robot_arm_description/meshes/follower-gear.STL
[0.154s] -- Up-to-date: /home/khaled-ahmed-elwan/ros2_arm_ws/install/robot_arm_description/share/robot_arm_description/meshes/gripper.STL
[0.154s] -- Up-to-date: /home/khaled-ahmed-elwan/ros2_arm_ws/install/robot_arm_description/share/robot_arm_description/meshes/shoulder.STL
[0.154s] -- Up-to-date: /home/khaled-ahmed-elwan/ros2_arm_ws/install/robot_arm_description/share/robot_arm_description/meshes/hand1.STL
[0.154s] -- Up-to-date: /home/khaled-ahmed-elwan/ros2_arm_ws/install/robot_arm_description/share/robot_arm_description/meshes/pitch.STL
[0.154s] -- Up-to-date: /home/khaled-ahmed-elwan/ros2_arm_ws/install/robot_arm_description/share/robot_arm_description/meshes/rest.STL
[0.155s] -- Up-to-date: /home/khaled-ahmed-elwan/ros2_arm_ws/install/robot_arm_description/share/robot_arm_description/meshes/rolling.STL
[0.155s] -- Up-to-date: /home/khaled-ahmed-elwan/ros2_arm_ws/install/robot_arm_description/share/robot_arm_description/meshes/link2.STL
[0.155s] -- Up-to-date: /home/khaled-ahmed-elwan/ros2_arm_ws/install/robot_arm_description/share/robot_arm_description/meshes/base_link.STL
[0.155s] -- Up-to-date: /home/khaled-ahmed-elwan/ros2_arm_ws/install/robot_arm_description/share/robot_arm_description/meshes/link1.STL
[0.155s] -- Up-to-date: /home/khaled-ahmed-elwan/ros2_arm_ws/install/robot_arm_description/share/robot_arm_description/meshes/elbow.STL
[0.155s] Invoked command in '/home/khaled-ahmed-elwan/ros2_arm_ws/build/robot_arm_description' returned '0': CMAKE_PREFIX_PATH=${CMAKE_PREFIX_PATH}:/home/khaled-ahmed-elwan/ros2_arm_ws/install/robot_arm_control:/opt/ros/jazzy DEBUGINFOD_URLS=https://debuginfod.ubuntu.com /opt/st/stm32cubeclt_1.21.0/CMake/bin/cmake --install /home/khaled-ahmed-elwan/ros2_arm_ws/build/robot_arm_description
