[0.005s] Invoking command in '/home/khaled-ahmed-elwan/ros2_arm_ws/build/robot_arm_urdf': DEBUGINFOD_URLS=https://debuginfod.ubuntu.com /opt/st/stm32cubeclt_1.21.0/CMake/bin/cmake --build /home/khaled-ahmed-elwan/ros2_arm_ws/build/robot_arm_urdf -- -j16 -l16
[0.015s] Invoked command in '/home/khaled-ahmed-elwan/ros2_arm_ws/build/robot_arm_urdf' returned '0': DEBUGINFOD_URLS=https://debuginfod.ubuntu.com /opt/st/stm32cubeclt_1.21.0/CMake/bin/cmake --build /home/khaled-ahmed-elwan/ros2_arm_ws/build/robot_arm_urdf -- -j16 -l16
[0.016s] Invoking command in '/home/khaled-ahmed-elwan/ros2_arm_ws/build/robot_arm_urdf': DEBUGINFOD_URLS=https://debuginfod.ubuntu.com /opt/st/stm32cubeclt_1.21.0/CMake/bin/cmake --install /home/khaled-ahmed-elwan/ros2_arm_ws/build/robot_arm_urdf
[0.018s] -- Install configuration: ""
[0.018s] -- Up-to-date: /home/khaled-ahmed-elwan/ros2_arm_ws/install/robot_arm_urdf/share/robot_arm_urdf/meshes
[0.018s] -- Up-to-date: /home/khaled-ahmed-elwan/ros2_arm_ws/install/robot_arm_urdf/share/robot_arm_urdf/meshes/hand2.STL
[0.018s] -- Up-to-date: /home/khaled-ahmed-elwan/ros2_arm_ws/install/robot_arm_urdf/share/robot_arm_urdf/meshes/follower-gear.STL
[0.018s] -- Up-to-date: /home/khaled-ahmed-elwan/ros2_arm_ws/install/robot_arm_urdf/share/robot_arm_urdf/meshes/gripper.STL
[0.018s] -- Up-to-date: /home/khaled-ahmed-elwan/ros2_arm_ws/install/robot_arm_urdf/share/robot_arm_urdf/meshes/shoulder.STL
[0.018s] -- Up-to-date: /home/khaled-ahmed-elwan/ros2_arm_ws/install/robot_arm_urdf/share/robot_arm_urdf/meshes/hand1.STL
[0.018s] -- Up-to-date: /home/khaled-ahmed-elwan/ros2_arm_ws/install/robot_arm_urdf/share/robot_arm_urdf/meshes/pitch.STL
[0.018s] -- Up-to-date: /home/khaled-ahmed-elwan/ros2_arm_ws/install/robot_arm_urdf/share/robot_arm_urdf/meshes/rest.STL
[0.018s] -- Up-to-date: /home/khaled-ahmed-elwan/ros2_arm_ws/install/robot_arm_urdf/share/robot_arm_urdf/meshes/rolling.STL
[0.018s] -- Up-to-date: /home/khaled-ahmed-elwan/ros2_arm_ws/install/robot_arm_urdf/share/robot_arm_urdf/meshes/link2.STL
[0.018s] -- Up-to-date: /home/khaled-ahmed-elwan/ros2_arm_ws/install/robot_arm_urdf/share/robot_arm_urdf/meshes/base_link.STL
[0.019s] -- Up-to-date: /home/khaled-ahmed-elwan/ros2_arm_ws/install/robot_arm_urdf/share/robot_arm_urdf/meshes/link1.STL
[0.019s] -- Up-to-date: /home/khaled-ahmed-elwan/ros2_arm_ws/install/robot_arm_urdf/share/robot_arm_urdf/meshes/elbow.STL
[0.019s] -- Up-to-date: /home/khaled-ahmed-elwan/ros2_arm_ws/install/robot_arm_urdf/share/robot_arm_urdf/urdf
[0.019s] -- Up-to-date: /home/khaled-ahmed-elwan/ros2_arm_ws/install/robot_arm_urdf/share/robot_arm_urdf/urdf/robot_arm.urdf
[0.019s] -- Up-to-date: /home/khaled-ahmed-elwan/ros2_arm_ws/install/robot_arm_urdf/share/robot_arm_urdf/urdf/package.xml
[0.019s] -- Up-to-date: /home/khaled-ahmed-elwan/ros2_arm_ws/install/robot_arm_urdf/share/robot_arm_urdf/urdf/URDF.csv
[0.019s] -- Up-to-date: /home/khaled-ahmed-elwan/ros2_arm_ws/install/robot_arm_urdf/share/robot_arm_urdf/urdf/CMakeLists.txt
[0.019s] -- Up-to-date: /home/khaled-ahmed-elwan/ros2_arm_ws/install/robot_arm_urdf/share/robot_arm_urdf/urdf/launch
[0.019s] -- Up-to-date: /home/khaled-ahmed-elwan/ros2_arm_ws/install/robot_arm_urdf/share/robot_arm_urdf/urdf/launch/gazebo.launch
[0.019s] -- Up-to-date: /home/khaled-ahmed-elwan/ros2_arm_ws/install/robot_arm_urdf/share/robot_arm_urdf/urdf/launch/display.launch
[0.019s] -- Up-to-date: /home/khaled-ahmed-elwan/ros2_arm_ws/install/robot_arm_urdf/share/robot_arm_urdf/urdf/export.log
[0.019s] -- Up-to-date: /home/khaled-ahmed-elwan/ros2_arm_ws/install/robot_arm_urdf/share/robot_arm_urdf/urdf/config
[0.019s] -- Up-to-date: /home/khaled-ahmed-elwan/ros2_arm_ws/install/robot_arm_urdf/share/robot_arm_urdf/urdf/config/joint_names_URDF.yaml
[0.019s] -- Up-to-date: /home/khaled-ahmed-elwan/ros2_arm_ws/install/robot_arm_urdf/share/robot_arm_urdf/urdf/meshes
[0.019s] -- Up-to-date: /home/khaled-ahmed-elwan/ros2_arm_ws/install/robot_arm_urdf/share/robot_arm_urdf/urdf/meshes/hand2.STL
[0.019s] -- Up-to-date: /home/khaled-ahmed-elwan/ros2_arm_ws/install/robot_arm_urdf/share/robot_arm_urdf/urdf/meshes/follower-gear.STL
[0.019s] -- Up-to-date: /home/khaled-ahmed-elwan/ros2_arm_ws/install/robot_arm_urdf/share/robot_arm_urdf/urdf/meshes/gripper.STL
[0.019s] -- Up-to-date: /home/khaled-ahmed-elwan/ros2_arm_ws/install/robot_arm_urdf/share/robot_arm_urdf/urdf/meshes/shoulder.STL
[0.019s] -- Up-to-date: /home/khaled-ahmed-elwan/ros2_arm_ws/install/robot_arm_urdf/share/robot_arm_urdf/urdf/meshes/hand1.STL
[0.019s] -- Up-to-date: /home/khaled-ahmed-elwan/ros2_arm_ws/install/robot_arm_urdf/share/robot_arm_urdf/urdf/meshes/pitch.STL
[0.019s] -- Up-to-date: /home/khaled-ahmed-elwan/ros2_arm_ws/install/robot_arm_urdf/share/robot_arm_urdf/urdf/meshes/rest.STL
[0.019s] -- Up-to-date: /home/khaled-ahmed-elwan/ros2_arm_ws/install/robot_arm_urdf/share/robot_arm_urdf/urdf/meshes/rolling.STL
[0.019s] -- Up-to-date: /home/khaled-ahmed-elwan/ros2_arm_ws/install/robot_arm_urdf/share/robot_arm_urdf/urdf/meshes/link2.STL
[0.019s] -- Up-to-date: /home/khaled-ahmed-elwan/ros2_arm_ws/install/robot_arm_urdf/share/robot_arm_urdf/urdf/meshes/base_link.STL
[0.019s] -- Up-to-date: /home/khaled-ahmed-elwan/ros2_arm_ws/install/robot_arm_urdf/share/robot_arm_urdf/urdf/meshes/link1.STL
[0.019s] -- Up-to-date: /home/khaled-ahmed-elwan/ros2_arm_ws/install/robot_arm_urdf/share/robot_arm_urdf/urdf/meshes/elbow.STL
[0.019s] -- Up-to-date: /home/khaled-ahmed-elwan/ros2_arm_ws/install/robot_arm_urdf/share/robot_arm_urdf/urdf/urdf
[0.019s] -- Up-to-date: /home/khaled-ahmed-elwan/ros2_arm_ws/install/robot_arm_urdf/share/robot_arm_urdf/urdf/urdf/URDF.csv
[0.019s] -- Up-to-date: /home/khaled-ahmed-elwan/ros2_arm_ws/install/robot_arm_urdf/share/robot_arm_urdf/urdf/urdf/URDF.urdf
[0.019s] -- Up-to-date: /home/khaled-ahmed-elwan/ros2_arm_ws/install/robot_arm_urdf/share/robot_arm_urdf/urdf/textures
[0.019s] -- Up-to-date: /home/khaled-ahmed-elwan/ros2_arm_ws/install/robot_arm_urdf/share/robot_arm_urdf/config
[0.020s] -- Up-to-date: /home/khaled-ahmed-elwan/ros2_arm_ws/install/robot_arm_urdf/share/robot_arm_urdf/launch
[0.020s] -- Up-to-date: /home/khaled-ahmed-elwan/ros2_arm_ws/install/robot_arm_urdf/share/robot_arm_urdf/launch/display.launch.py
[0.020s] -- Up-to-date: /home/khaled-ahmed-elwan/ros2_arm_ws/install/robot_arm_urdf/share/ament_index/resource_index/package_run_dependencies/robot_arm_urdf
[0.020s] -- Up-to-date: /home/khaled-ahmed-elwan/ros2_arm_ws/install/robot_arm_urdf/share/ament_index/resource_index/parent_prefix_path/robot_arm_urdf
[0.020s] -- Up-to-date: /home/khaled-ahmed-elwan/ros2_arm_ws/install/robot_arm_urdf/share/robot_arm_urdf/environment/ament_prefix_path.sh
[0.020s] -- Up-to-date: /home/khaled-ahmed-elwan/ros2_arm_ws/install/robot_arm_urdf/share/robot_arm_urdf/environment/ament_prefix_path.dsv
[0.020s] -- Up-to-date: /home/khaled-ahmed-elwan/ros2_arm_ws/install/robot_arm_urdf/share/robot_arm_urdf/environment/path.sh
[0.020s] -- Up-to-date: /home/khaled-ahmed-elwan/ros2_arm_ws/install/robot_arm_urdf/share/robot_arm_urdf/environment/path.dsv
[0.020s] -- Up-to-date: /home/khaled-ahmed-elwan/ros2_arm_ws/install/robot_arm_urdf/share/robot_arm_urdf/local_setup.bash
[0.020s] -- Up-to-date: /home/khaled-ahmed-elwan/ros2_arm_ws/install/robot_arm_urdf/share/robot_arm_urdf/local_setup.sh
[0.020s] -- Up-to-date: /home/khaled-ahmed-elwan/ros2_arm_ws/install/robot_arm_urdf/share/robot_arm_urdf/local_setup.zsh
[0.020s] -- Up-to-date: /home/khaled-ahmed-elwan/ros2_arm_ws/install/robot_arm_urdf/share/robot_arm_urdf/local_setup.dsv
[0.020s] -- Installing: /home/khaled-ahmed-elwan/ros2_arm_ws/install/robot_arm_urdf/share/robot_arm_urdf/package.dsv
[0.020s] -- Up-to-date: /home/khaled-ahmed-elwan/ros2_arm_ws/install/robot_arm_urdf/share/ament_index/resource_index/packages/robot_arm_urdf
[0.020s] -- Up-to-date: /home/khaled-ahmed-elwan/ros2_arm_ws/install/robot_arm_urdf/share/robot_arm_urdf/cmake/robot_arm_urdfConfig.cmake
[0.020s] -- Up-to-date: /home/khaled-ahmed-elwan/ros2_arm_ws/install/robot_arm_urdf/share/robot_arm_urdf/cmake/robot_arm_urdfConfig-version.cmake
[0.020s] -- Up-to-date: /home/khaled-ahmed-elwan/ros2_arm_ws/install/robot_arm_urdf/share/robot_arm_urdf/package.xml
[0.033s] Invoked command in '/home/khaled-ahmed-elwan/ros2_arm_ws/build/robot_arm_urdf' returned '0': DEBUGINFOD_URLS=https://debuginfod.ubuntu.com /opt/st/stm32cubeclt_1.21.0/CMake/bin/cmake --install /home/khaled-ahmed-elwan/ros2_arm_ws/build/robot_arm_urdf
