[0.130s] Invoking command in '/home/khaled-ahmed-elwan/ros2_arm_ws/build/robot_arm_moveit_config': CMAKE_PREFIX_PATH=/home/khaled-ahmed-elwan/ros2_arm_ws/install/robot_arm_description:/opt/ros/jazzy/opt/sdformat_vendor:/opt/ros/jazzy/opt/gz_math_vendor:/opt/ros/jazzy/opt/gz_utils_vendor:/opt/ros/jazzy/opt/gz_tools_vendor:/opt/ros/jazzy/opt/gz_cmake_vendor:/home/khaled-ahmed-elwan/ros2_arm_ws/install/robot_arm_urdf:/home/khaled-ahmed-elwan/ros2_arm_ws/install/robot_arm_moveit_config:/home/khaled-ahmed-elwan/ros2_arm_ws/install/robot_arm_control:/opt/ros/jazzy DEBUGINFOD_URLS=https://debuginfod.ubuntu.com /opt/st/stm32cubeclt_1.21.0/CMake/bin/cmake --build /home/khaled-ahmed-elwan/ros2_arm_ws/build/robot_arm_moveit_config -- -j16 -l16
[0.139s] Invoked command in '/home/khaled-ahmed-elwan/ros2_arm_ws/build/robot_arm_moveit_config' returned '0': CMAKE_PREFIX_PATH=/home/khaled-ahmed-elwan/ros2_arm_ws/install/robot_arm_description:/opt/ros/jazzy/opt/sdformat_vendor:/opt/ros/jazzy/opt/gz_math_vendor:/opt/ros/jazzy/opt/gz_utils_vendor:/opt/ros/jazzy/opt/gz_tools_vendor:/opt/ros/jazzy/opt/gz_cmake_vendor:/home/khaled-ahmed-elwan/ros2_arm_ws/install/robot_arm_urdf:/home/khaled-ahmed-elwan/ros2_arm_ws/install/robot_arm_moveit_config:/home/khaled-ahmed-elwan/ros2_arm_ws/install/robot_arm_control:/opt/ros/jazzy DEBUGINFOD_URLS=https://debuginfod.ubuntu.com /opt/st/stm32cubeclt_1.21.0/CMake/bin/cmake --build /home/khaled-ahmed-elwan/ros2_arm_ws/build/robot_arm_moveit_config -- -j16 -l16
[0.142s] Invoking command in '/home/khaled-ahmed-elwan/ros2_arm_ws/build/robot_arm_moveit_config': CMAKE_PREFIX_PATH=/home/khaled-ahmed-elwan/ros2_arm_ws/install/robot_arm_description:/opt/ros/jazzy/opt/sdformat_vendor:/opt/ros/jazzy/opt/gz_math_vendor:/opt/ros/jazzy/opt/gz_utils_vendor:/opt/ros/jazzy/opt/gz_tools_vendor:/opt/ros/jazzy/opt/gz_cmake_vendor:/home/khaled-ahmed-elwan/ros2_arm_ws/install/robot_arm_urdf:/home/khaled-ahmed-elwan/ros2_arm_ws/install/robot_arm_moveit_config:/home/khaled-ahmed-elwan/ros2_arm_ws/install/robot_arm_control:/opt/ros/jazzy DEBUGINFOD_URLS=https://debuginfod.ubuntu.com /opt/st/stm32cubeclt_1.21.0/CMake/bin/cmake --install /home/khaled-ahmed-elwan/ros2_arm_ws/build/robot_arm_moveit_config
[0.143s] -- Install configuration: ""
[0.143s] -- Up-to-date: /home/khaled-ahmed-elwan/ros2_arm_ws/install/robot_arm_moveit_config/share/ament_index/resource_index/package_run_dependencies/robot_arm_moveit_config
[0.144s] -- Up-to-date: /home/khaled-ahmed-elwan/ros2_arm_ws/install/robot_arm_moveit_config/share/ament_index/resource_index/parent_prefix_path/robot_arm_moveit_config
[0.144s] -- Up-to-date: /home/khaled-ahmed-elwan/ros2_arm_ws/install/robot_arm_moveit_config/share/robot_arm_moveit_config/environment/ament_prefix_path.sh
[0.144s] -- Up-to-date: /home/khaled-ahmed-elwan/ros2_arm_ws/install/robot_arm_moveit_config/share/robot_arm_moveit_config/environment/ament_prefix_path.dsv
[0.144s] -- Up-to-date: /home/khaled-ahmed-elwan/ros2_arm_ws/install/robot_arm_moveit_config/share/robot_arm_moveit_config/environment/path.sh
[0.144s] -- Up-to-date: /home/khaled-ahmed-elwan/ros2_arm_ws/install/robot_arm_moveit_config/share/robot_arm_moveit_config/environment/path.dsv
[0.144s] -- Up-to-date: /home/khaled-ahmed-elwan/ros2_arm_ws/install/robot_arm_moveit_config/share/robot_arm_moveit_config/local_setup.bash
[0.144s] -- Up-to-date: /home/khaled-ahmed-elwan/ros2_arm_ws/install/robot_arm_moveit_config/share/robot_arm_moveit_config/local_setup.sh
[0.144s] -- Up-to-date: /home/khaled-ahmed-elwan/ros2_arm_ws/install/robot_arm_moveit_config/share/robot_arm_moveit_config/local_setup.zsh
[0.144s] -- Up-to-date: /home/khaled-ahmed-elwan/ros2_arm_ws/install/robot_arm_moveit_config/share/robot_arm_moveit_config/local_setup.dsv
[0.144s] -- Installing: /home/khaled-ahmed-elwan/ros2_arm_ws/install/robot_arm_moveit_config/share/robot_arm_moveit_config/package.dsv
[0.144s] -- Up-to-date: /home/khaled-ahmed-elwan/ros2_arm_ws/install/robot_arm_moveit_config/share/ament_index/resource_index/packages/robot_arm_moveit_config
[0.144s] -- Up-to-date: /home/khaled-ahmed-elwan/ros2_arm_ws/install/robot_arm_moveit_config/share/robot_arm_moveit_config/cmake/robot_arm_moveit_configConfig.cmake
[0.145s] -- Up-to-date: /home/khaled-ahmed-elwan/ros2_arm_ws/install/robot_arm_moveit_config/share/robot_arm_moveit_config/cmake/robot_arm_moveit_configConfig-version.cmake
[0.145s] -- Up-to-date: /home/khaled-ahmed-elwan/ros2_arm_ws/install/robot_arm_moveit_config/share/robot_arm_moveit_config/package.xml
[0.145s] -- Up-to-date: /home/khaled-ahmed-elwan/ros2_arm_ws/install/robot_arm_moveit_config/share/robot_arm_moveit_config/launch
[0.145s] -- Up-to-date: /home/khaled-ahmed-elwan/ros2_arm_ws/install/robot_arm_moveit_config/share/robot_arm_moveit_config/launch/rsp.launch.py
[0.145s] -- Up-to-date: /home/khaled-ahmed-elwan/ros2_arm_ws/install/robot_arm_moveit_config/share/robot_arm_moveit_config/launch/static_virtual_joint_tfs.launch.py
[0.145s] -- Up-to-date: /home/khaled-ahmed-elwan/ros2_arm_ws/install/robot_arm_moveit_config/share/robot_arm_moveit_config/launch/moveit_rviz.launch.py
[0.145s] -- Up-to-date: /home/khaled-ahmed-elwan/ros2_arm_ws/install/robot_arm_moveit_config/share/robot_arm_moveit_config/launch/setup_assistant.launch.py
[0.145s] -- Up-to-date: /home/khaled-ahmed-elwan/ros2_arm_ws/install/robot_arm_moveit_config/share/robot_arm_moveit_config/launch/warehouse_db.launch.py
[0.145s] -- Up-to-date: /home/khaled-ahmed-elwan/ros2_arm_ws/install/robot_arm_moveit_config/share/robot_arm_moveit_config/launch/move_group.launch.py
[0.145s] -- Up-to-date: /home/khaled-ahmed-elwan/ros2_arm_ws/install/robot_arm_moveit_config/share/robot_arm_moveit_config/launch/demo.launch.py
[0.145s] -- Installing: /home/khaled-ahmed-elwan/ros2_arm_ws/install/robot_arm_moveit_config/share/robot_arm_moveit_config/launch/arm_with_trajectory.launch.py
[0.145s] -- Up-to-date: /home/khaled-ahmed-elwan/ros2_arm_ws/install/robot_arm_moveit_config/share/robot_arm_moveit_config/launch/spawn_controllers.launch.py
[0.145s] -- Up-to-date: /home/khaled-ahmed-elwan/ros2_arm_ws/install/robot_arm_moveit_config/share/robot_arm_moveit_config/config
[0.145s] -- Up-to-date: /home/khaled-ahmed-elwan/ros2_arm_ws/install/robot_arm_moveit_config/share/robot_arm_moveit_config/config/initial_positions.yaml
[0.145s] -- Up-to-date: /home/khaled-ahmed-elwan/ros2_arm_ws/install/robot_arm_moveit_config/share/robot_arm_moveit_config/config/joint_limits.yaml
[0.145s] -- Up-to-date: /home/khaled-ahmed-elwan/ros2_arm_ws/install/robot_arm_moveit_config/share/robot_arm_moveit_config/config/URDF.urdf.xacro
[0.145s] -- Up-to-date: /home/khaled-ahmed-elwan/ros2_arm_ws/install/robot_arm_moveit_config/share/robot_arm_moveit_config/config/ros2_controllers.yaml
[0.146s] -- Up-to-date: /home/khaled-ahmed-elwan/ros2_arm_ws/install/robot_arm_moveit_config/share/robot_arm_moveit_config/config/kinematics.yaml
[0.146s] -- Up-to-date: /home/khaled-ahmed-elwan/ros2_arm_ws/install/robot_arm_moveit_config/share/robot_arm_moveit_config/config/pilz_cartesian_limits.yaml
[0.146s] -- Up-to-date: /home/khaled-ahmed-elwan/ros2_arm_ws/install/robot_arm_moveit_config/share/robot_arm_moveit_config/config/moveit_controllers.yaml
[0.146s] -- Up-to-date: /home/khaled-ahmed-elwan/ros2_arm_ws/install/robot_arm_moveit_config/share/robot_arm_moveit_config/config/moveit.rviz
[0.146s] -- Up-to-date: /home/khaled-ahmed-elwan/ros2_arm_ws/install/robot_arm_moveit_config/share/robot_arm_moveit_config/config/URDF.srdf
[0.146s] -- Up-to-date: /home/khaled-ahmed-elwan/ros2_arm_ws/install/robot_arm_moveit_config/share/robot_arm_moveit_config/config/ompl_planning.yaml
[0.146s] -- Up-to-date: /home/khaled-ahmed-elwan/ros2_arm_ws/install/robot_arm_moveit_config/share/robot_arm_moveit_config/config/URDF.ros2_control.xacro
[0.146s] -- Up-to-date: /home/khaled-ahmed-elwan/ros2_arm_ws/install/robot_arm_moveit_config/share/robot_arm_moveit_config/.setup_assistant
[0.146s] Invoked command in '/home/khaled-ahmed-elwan/ros2_arm_ws/build/robot_arm_moveit_config' returned '0': CMAKE_PREFIX_PATH=/home/khaled-ahmed-elwan/ros2_arm_ws/install/robot_arm_description:/opt/ros/jazzy/opt/sdformat_vendor:/opt/ros/jazzy/opt/gz_math_vendor:/opt/ros/jazzy/opt/gz_utils_vendor:/opt/ros/jazzy/opt/gz_tools_vendor:/opt/ros/jazzy/opt/gz_cmake_vendor:/home/khaled-ahmed-elwan/ros2_arm_ws/install/robot_arm_urdf:/home/khaled-ahmed-elwan/ros2_arm_ws/install/robot_arm_moveit_config:/home/khaled-ahmed-elwan/ros2_arm_ws/install/robot_arm_control:/opt/ros/jazzy DEBUGINFOD_URLS=https://debuginfod.ubuntu.com /opt/st/stm32cubeclt_1.21.0/CMake/bin/cmake --install /home/khaled-ahmed-elwan/ros2_arm_ws/build/robot_arm_moveit_config
